Log file open, 11/11/16 22:40:10
LogInit:Display: Running engine for game: Revolver_Rouge
LogPlatformFile: Not using cached read wrapper
LogInit:Display: RandInit(-1214886969) SRandInit(-1214886969).
LogTaskGraph: Started task graph with 5 named threads and 8 total threads with 1 sets of task threads.
LogStats: Stats thread started at 0.067853
LogPluginManager: Loaded Plugin Paper2D, From C:/Program Files (x86)/Epic Games/4.13/Engine/Plugins/2D/Paper2D/Paper2D.uplugin
LogPluginManager: Loaded Plugin LightPropagationVolume, From C:/Program Files (x86)/Epic Games/4.13/Engine/Plugins/Blendables/LightPropagationVolume/LightPropagationVolume.uplugin
LogPluginManager: Loaded Plugin BlankPlugin, From C:/Program Files (x86)/Epic Games/4.13/Engine/Plugins/Developer/BlankPlugin/BlankPlugin.uplugin
LogPluginManager: Loaded Plugin CodeLiteSourceCodeAccess, From C:/Program Files (x86)/Epic Games/4.13/Engine/Plugins/Developer/CodeLiteSourceCodeAccess/CodeLiteSourceCodeAccess.uplugin
LogPluginManager: Loaded Plugin GitSourceControl, From C:/Program Files (x86)/Epic Games/4.13/Engine/Plugins/Developer/GitSourceControl/GitSourceControl.uplugin
LogPluginManager: Loaded Plugin KDevelopSourceCodeAccess, From C:/Program Files (x86)/Epic Games/4.13/Engine/Plugins/Developer/KDevelopSourceCodeAccess/KDevelopSourceCodeAccess.uplugin
LogPluginManager: Loaded Plugin NullSourceCodeAccess, From C:/Program Files (x86)/Epic Games/4.13/Engine/Plugins/Developer/NullSourceCodeAccess/NullSourceCodeAccess.uplugin
LogPluginManager: Loaded Plugin OneSkyLocalizationService, From C:/Program Files (x86)/Epic Games/4.13/Engine/Plugins/Developer/OneSkyLocalizationService/OneSkyLocalizationService.uplugin
LogPluginManager: Loaded Plugin PerforceSourceControl, From C:/Program Files (x86)/Epic Games/4.13/Engine/Plugins/Developer/PerforceSourceControl/PerforceSourceControl.uplugin
LogPluginManager: Loaded Plugin SubversionSourceControl, From C:/Program Files (x86)/Epic Games/4.13/Engine/Plugins/Developer/SubversionSourceControl/SubversionSourceControl.uplugin
LogPluginManager: Loaded Plugin UObjectPlugin, From C:/Program Files (x86)/Epic Games/4.13/Engine/Plugins/Developer/UObjectPlugin/UObjectPlugin.uplugin
LogPluginManager: Loaded Plugin VisualStudioSourceCodeAccess, From C:/Program Files (x86)/Epic Games/4.13/Engine/Plugins/Developer/VisualStudioSourceCodeAccess/VisualStudioSourceCodeAccess.uplugin
LogPluginManager: Loaded Plugin XCodeSourceCodeAccess, From C:/Program Files (x86)/Epic Games/4.13/Engine/Plugins/Developer/XCodeSourceCodeAccess/XCodeSourceCodeAccess.uplugin
LogPluginManager: Loaded Plugin EpicSurvey, From C:/Program Files (x86)/Epic Games/4.13/Engine/Plugins/Editor/EpicSurvey/EpicSurvey.uplugin
LogPluginManager: Loaded Plugin MacGraphicsSwitching, From C:/Program Files (x86)/Epic Games/4.13/Engine/Plugins/Editor/MacGraphicsSwitching/MacGraphicsSwitching.uplugin
LogPluginManager: Loaded Plugin MobileLauncherProfileWizard, From C:/Program Files (x86)/Epic Games/4.13/Engine/Plugins/Editor/MobileLauncherProfileWizard/MobileLauncherProfileWizard.uplugin
LogPluginManager: Loaded Plugin PluginBrowser, From C:/Program Files (x86)/Epic Games/4.13/Engine/Plugins/Editor/PluginBrowser/PluginBrowser.uplugin
LogPluginManager: Loaded Plugin SpeedTreeImporter, From C:/Program Files (x86)/Epic Games/4.13/Engine/Plugins/Editor/SpeedTreeImporter/SpeedTreeImporter.uplugin
LogPluginManager: Loaded Plugin SuperSearchEditor, From C:/Program Files (x86)/Epic Games/4.13/Engine/Plugins/Editor/SuperSearchEditor/SuperSearchEditor.uplugin
LogPluginManager: Loaded Plugin AlembicImporter, From C:/Program Files (x86)/Epic Games/4.13/Engine/Plugins/Experimental/AlembicImporter/AlembicImporter.uplugin
LogPluginManager: Loaded Plugin BlueprintStats, From C:/Program Files (x86)/Epic Games/4.13/Engine/Plugins/Experimental/BlueprintStats/BlueprintStats.uplugin
LogPluginManager: Loaded Plugin CharacterAI, From C:/Program Files (x86)/Epic Games/4.13/Engine/Plugins/Experimental/CharacterAI/CharacterAI.uplugin
LogPluginManager: Loaded Plugin CodeEditor, From C:/Program Files (x86)/Epic Games/4.13/Engine/Plugins/Experimental/CodeEditor/CodeEditor.uplugin
LogPluginManager: Loaded Plugin CodeView, From C:/Program Files (x86)/Epic Games/4.13/Engine/Plugins/Experimental/CodeView/CodeView.uplugin
LogPluginManager: Loaded Plugin HTML5Networking, From C:/Program Files (x86)/Epic Games/4.13/Engine/Plugins/Experimental/HTML5Networking/HTML5Networking.uplugin
LogPluginManager: Loaded Plugin LiveEditor, From C:/Program Files (x86)/Epic Games/4.13/Engine/Plugins/Experimental/LiveEditor/LiveEditor.uplugin
LogPluginManager: Loaded Plugin OSVR, From C:/Program Files (x86)/Epic Games/4.13/Engine/Plugins/Experimental/OSVR/OSVR.uplugin
LogPluginManager: Loaded Plugin Phya, From C:/Program Files (x86)/Epic Games/4.13/Engine/Plugins/Experimental/Phya/Phya.uplugin
LogPluginManager: Loaded Plugin SignificanceManager, From C:/Program Files (x86)/Epic Games/4.13/Engine/Plugins/Experimental/SignificanceManager/SignificanceManager.uplugin
LogPluginManager: Loaded Plugin SimpleHMD, From C:/Program Files (x86)/Epic Games/4.13/Engine/Plugins/Experimental/SimpleHMD/SimpleHMD.uplugin
LogPluginManager: Loaded Plugin StereoPanorama, From C:/Program Files (x86)/Epic Games/4.13/Engine/Plugins/Experimental/StereoPanorama/StereoPanorama.uplugin
LogPluginManager: Loaded Plugin StructBox, From C:/Program Files (x86)/Epic Games/4.13/Engine/Plugins/Experimental/StructBox/StructBox.uplugin
LogPluginManager: Loaded Plugin AndroidMedia, From C:/Program Files (x86)/Epic Games/4.13/Engine/Plugins/Media/AndroidMedia/AndroidMedia.uplugin
LogPluginManager: Loaded Plugin AvfMedia, From C:/Program Files (x86)/Epic Games/4.13/Engine/Plugins/Media/AvfMedia/AvfMedia.uplugin
LogPluginManager: Loaded Plugin MediaPlayerEditor, From C:/Program Files (x86)/Epic Games/4.13/Engine/Plugins/Media/MediaPlayerEditor/MediaPlayerEditor.uplugin
LogPluginManager: Loaded Plugin WmfMedia, From C:/Program Files (x86)/Epic Games/4.13/Engine/Plugins/Media/WmfMedia/WmfMedia.uplugin
LogPluginManager: Loaded Plugin MessagingDebugger, From C:/Program Files (x86)/Epic Games/4.13/Engine/Plugins/Messaging/MessagingDebugger/MessagingDebugger.uplugin
LogPluginManager: Loaded Plugin TcpMessaging, From C:/Program Files (x86)/Epic Games/4.13/Engine/Plugins/Messaging/TcpMessaging/TcpMessaging.uplugin
LogPluginManager: Loaded Plugin UdpMessaging, From C:/Program Files (x86)/Epic Games/4.13/Engine/Plugins/Messaging/UdpMessaging/UdpMessaging.uplugin
LogPluginManager: Loaded Plugin LevelSequenceEditor, From C:/Program Files (x86)/Epic Games/4.13/Engine/Plugins/MovieScene/LevelSequenceEditor/LevelSequenceEditor.uplugin
LogPluginManager: Loaded Plugin MatineeToLevelSequence, From C:/Program Files (x86)/Epic Games/4.13/Engine/Plugins/MovieScene/MatineeToLevelSequence/MatineeToLevelSequence.uplugin
LogPluginManager: Loaded Plugin NetcodeUnitTest, From C:/Program Files (x86)/Epic Games/4.13/Engine/Plugins/NetcodeUnitTest/NetcodeUnitTest/NetcodeUnitTest.uplugin
LogPluginManager: Loaded Plugin NUTUnrealEngine4, From C:/Program Files (x86)/Epic Games/4.13/Engine/Plugins/NetcodeUnitTest/NUTUnrealEngine4/NUTUnrealEngine4.uplugin
LogPluginManager: Loaded Plugin OnlineSubsystemGooglePlay, From C:/Program Files (x86)/Epic Games/4.13/Engine/Plugins/Online/Android/OnlineSubsystemGooglePlay/OnlineSubsystemGooglePlay.uplugin
LogPluginManager: Loaded Plugin OnlineSubsystemIOS, From C:/Program Files (x86)/Epic Games/4.13/Engine/Plugins/Online/IOS/OnlineSubsystemIOS/OnlineSubsystemIOS.uplugin
LogPluginManager: Loaded Plugin OnlineFramework, From C:/Program Files (x86)/Epic Games/4.13/Engine/Plugins/Online/OnlineFramework/OnlineFramework.uplugin
LogPluginManager: Loaded Plugin OnlineSubsystem, From C:/Program Files (x86)/Epic Games/4.13/Engine/Plugins/Online/OnlineSubsystem/OnlineSubsystem.uplugin
LogPluginManager: Loaded Plugin OnlineSubsystemAmazon, From C:/Program Files (x86)/Epic Games/4.13/Engine/Plugins/Online/OnlineSubsystemAmazon/OnlineSubsystemAmazon.uplugin
LogPluginManager: Loaded Plugin OnlineSubsystemFacebook, From C:/Program Files (x86)/Epic Games/4.13/Engine/Plugins/Online/OnlineSubsystemFacebook/OnlineSubsystemFacebook.uplugin
LogPluginManager: Loaded Plugin OnlineSubsystemNull, From C:/Program Files (x86)/Epic Games/4.13/Engine/Plugins/Online/OnlineSubsystemNull/OnlineSubsystemNull.uplugin
LogPluginManager: Loaded Plugin OnlineSubsystemOculus, From C:/Program Files (x86)/Epic Games/4.13/Engine/Plugins/Online/OnlineSubsystemOculus/OnlineSubsystemOculus.uplugin
LogPluginManager: Loaded Plugin OnlineSubsystemSteam, From C:/Program Files (x86)/Epic Games/4.13/Engine/Plugins/Online/OnlineSubsystemSteam/OnlineSubsystemSteam.uplugin
LogPluginManager: Loaded Plugin OnlineSubsystemUtils, From C:/Program Files (x86)/Epic Games/4.13/Engine/Plugins/Online/OnlineSubsystemUtils/OnlineSubsystemUtils.uplugin
LogPluginManager: Loaded Plugin IOSTapJoy, From C:/Program Files (x86)/Epic Games/4.13/Engine/Plugins/Runtime/Advertising/IOSTapJoy/IOSTapJoy.uplugin
LogPluginManager: Loaded Plugin AnalyticsBlueprintLibrary, From C:/Program Files (x86)/Epic Games/4.13/Engine/Plugins/Runtime/Analytics/AnalyticsBlueprintLibrary/AnalyticsBlueprintLibrary.uplugin
LogPluginManager: Loaded Plugin AnalyticsMulticast, From C:/Program Files (x86)/Epic Games/4.13/Engine/Plugins/Runtime/Analytics/AnalyticsMulticast/AnalyticsMulticast.uplugin
LogPluginManager: Loaded Plugin Apsalar, From C:/Program Files (x86)/Epic Games/4.13/Engine/Plugins/Runtime/Analytics/Apsalar/Apsalar.uplugin
LogPluginManager: Loaded Plugin FileLogging, From C:/Program Files (x86)/Epic Games/4.13/Engine/Plugins/Runtime/Analytics/FileLogging/FileLogging.uplugin
LogPluginManager: Loaded Plugin Flurry, From C:/Program Files (x86)/Epic Games/4.13/Engine/Plugins/Runtime/Analytics/Flurry/Flurry.uplugin
LogPluginManager: Loaded Plugin AndroidDeviceProfileSelector, From C:/Program Files (x86)/Epic Games/4.13/Engine/Plugins/Runtime/AndroidDeviceProfileSelector/AndroidDeviceProfileSelector.uplugin
LogPluginManager: Loaded Plugin AndroidMoviePlayer, From C:/Program Files (x86)/Epic Games/4.13/Engine/Plugins/Runtime/AndroidMoviePlayer/AndroidMoviePlayer.uplugin
LogPluginManager: Loaded Plugin AppleMoviePlayer, From C:/Program Files (x86)/Epic Games/4.13/Engine/Plugins/Runtime/AppleMoviePlayer/AppleMoviePlayer.uplugin
LogPluginManager: Loaded Plugin ArchVisCharacter, From C:/Program Files (x86)/Epic Games/4.13/Engine/Plugins/Runtime/ArchVisCharacter/ArchVisCharacter.uplugin
LogPluginManager: Loaded Plugin CableComponent, From C:/Program Files (x86)/Epic Games/4.13/Engine/Plugins/Runtime/CableComponent/CableComponent.uplugin
LogPluginManager: Loaded Plugin CustomMeshComponent, From C:/Program Files (x86)/Epic Games/4.13/Engine/Plugins/Runtime/CustomMeshComponent/CustomMeshComponent.uplugin
LogPluginManager: Loaded Plugin ExampleDeviceProfileSelector, From C:/Program Files (x86)/Epic Games/4.13/Engine/Plugins/Runtime/ExampleDeviceProfileSelector/ExampleDeviceProfileSelector.uplugin
LogPluginManager: Loaded Plugin GearVR, From C:/Program Files (x86)/Epic Games/4.13/Engine/Plugins/Runtime/GearVR/GearVR.uplugin
LogPluginManager: Loaded Plugin GoogleVRController, From C:/Program Files (x86)/Epic Games/4.13/Engine/Plugins/Runtime/GoogleVR/GoogleVRController/GoogleVRController.uplugin
LogPluginManager: Loaded Plugin GoogleVRHMD, From C:/Program Files (x86)/Epic Games/4.13/Engine/Plugins/Runtime/GoogleVR/GoogleVRHMD/GoogleVRHMD.uplugin
LogPluginManager: Loaded Plugin IOSDeviceProfileSelector, From C:/Program Files (x86)/Epic Games/4.13/Engine/Plugins/Runtime/IOSDeviceProfileSelector/IOSDeviceProfileSelector.uplugin
LogPluginManager: Loaded Plugin LeapMotion, From C:/Program Files (x86)/Epic Games/4.13/Engine/Plugins/Runtime/LeapMotion/LeapMotion.uplugin
LogPluginManager: Loaded Plugin LinuxDeviceProfileSelector, From C:/Program Files (x86)/Epic Games/4.13/Engine/Plugins/Runtime/LinuxDeviceProfileSelector/LinuxDeviceProfileSelector.uplugin
LogPluginManager: Loaded Plugin LiveEditorListenServer, From C:/Program Files (x86)/Epic Games/4.13/Engine/Plugins/Runtime/LiveEditorListenServer/LiveEditorListenServer.uplugin
LogPluginManager: Loaded Plugin OculusAudio, From C:/Program Files (x86)/Epic Games/4.13/Engine/Plugins/Runtime/OculusAudio/OculusAudio.uplugin
LogPluginManager: Loaded Plugin OculusInput, From C:/Program Files (x86)/Epic Games/4.13/Engine/Plugins/Runtime/OculusInput/OculusInput.uplugin
LogPluginManager: Loaded Plugin OculusLibrary, From C:/Program Files (x86)/Epic Games/4.13/Engine/Plugins/Runtime/OculusLibrary/OculusLibrary.uplugin
LogPluginManager: Loaded Plugin OculusRift, From C:/Program Files (x86)/Epic Games/4.13/Engine/Plugins/Runtime/OculusRift/OculusRift.uplugin
LogPluginManager: Loaded Plugin Oodle, From C:/Program Files (x86)/Epic Games/4.13/Engine/Plugins/Runtime/PacketHandlers/CompressionComponents/Oodle/Oodle.uplugin
LogPluginManager: Loaded Plugin ProceduralMeshComponent, From C:/Program Files (x86)/Epic Games/4.13/Engine/Plugins/Runtime/ProceduralMeshComponent/ProceduralMeshComponent.uplugin
LogPluginManager: Loaded Plugin SoundMod, From C:/Program Files (x86)/Epic Games/4.13/Engine/Plugins/Runtime/SoundMod/SoundMod.uplugin
LogPluginManager: Loaded Plugin SoundVisualizations, From C:/Program Files (x86)/Epic Games/4.13/Engine/Plugins/Runtime/SoundVisualizations/SoundVisualizations.uplugin
LogPluginManager: Loaded Plugin SteamController, From C:/Program Files (x86)/Epic Games/4.13/Engine/Plugins/Runtime/Steam/SteamController/SteamController.uplugin
LogPluginManager: Loaded Plugin SteamVR, From C:/Program Files (x86)/Epic Games/4.13/Engine/Plugins/Runtime/Steam/SteamVR/SteamVR.uplugin
LogPluginManager: Loaded Plugin WebBrowserWidget, From C:/Program Files (x86)/Epic Games/4.13/Engine/Plugins/Runtime/WebBrowserWidget/WebBrowserWidget.uplugin
LogPluginManager: Loaded Plugin WindowsDeviceProfileSelector, From C:/Program Files (x86)/Epic Games/4.13/Engine/Plugins/Runtime/WindowsDeviceProfileSelector/WindowsDeviceProfileSelector.uplugin
LogPluginManager: Loaded Plugin WindowsMoviePlayer, From C:/Program Files (x86)/Epic Games/4.13/Engine/Plugins/Runtime/WindowsMoviePlayer/WindowsMoviePlayer.uplugin
LogPluginManager: Loaded Plugin ScriptPlugin, From C:/Program Files (x86)/Epic Games/4.13/Engine/Plugins/ScriptPlugin/ScriptPlugin.uplugin
LogPluginManager: Loaded Plugin SlateRemote, From C:/Program Files (x86)/Epic Games/4.13/Engine/Plugins/Slate/SlateRemote/SlateRemote.uplugin
LogInit: Using libcurl 7.47.1
LogInit:  - built for x86_64-pc-win32
LogInit:  - supports SSL with WinSSL
LogInit:  - other features:
LogInit:      CURL_VERSION_SSL
LogInit:      CURL_VERSION_IPV6
LogInit:      CURL_VERSION_ASYNCHDNS
LogInit:      CURL_VERSION_LARGEFILE
LogInit:      CURL_VERSION_IDN
LogInit:  CurlRequestOptions (configurable via config and command line):
LogInit:  - bVerifyPeer = false  - Libcurl will NOT verify peer certificate
LogInit:  - bUseHttpProxy = false  - Libcurl will NOT use HTTP proxy
LogInit:  - bDontReuseConnections = false  - Libcurl will reuse connections
LogInit:  - CertBundlePath = nullptr  - Libcurl will use whatever was configured at build time.
LogInit: Build: ++UE4+Release-4.13-CL-3172292
LogInit: Engine Version: 4.13.2-3172292+++UE4+Release-4.13
LogInit: Compatible Engine Version: 4.13.0-3106830+++UE4+Release-4.13
LogInit: Net CL: 3172292
LogDevObjectVersion: Number of dev versions registered: 13
LogDevObjectVersion:   Dev-Blueprints (B0D832E4-1F89-4F0D-ACCF-7EB736FD4AA2): 5
LogDevObjectVersion:   Dev-Build (E1C64328-A22C-4D53-A36C-8E866417BD8C): 0
LogDevObjectVersion:   Dev-Core (375EC13C-06E4-48FB-B500-84F0262A717E): 1
LogDevObjectVersion:   Dev-Editor (E4B068ED-F494-42E9-A231-DA0B2E46BB41): 6
LogDevObjectVersion:   Dev-Framework (CFFC743F-43B0-4480-9391-14DF171D2073): 12
LogDevObjectVersion:   Dev-Mobile (B02B49B5-BB20-44E9-A304-32B752E40360): 0
LogDevObjectVersion:   Dev-Networking (A4E4105C-59A1-49B5-A7C5-40C4547EDFEE): 0
LogDevObjectVersion:   Dev-Online (39C831C9-5AE6-47DC-9A44-9C173E1C8E7C): 0
LogDevObjectVersion:   Dev-Physics (78F01B33-EBEA-4F98-B9B4-84EACCB95AA2): 0
LogDevObjectVersion:   Dev-Platform (6631380F-2D4D-43E0-8009-CF276956A95A): 0
LogDevObjectVersion:   Dev-Rendering (12F88B9F-8875-4AFC-A67C-D90C383ABD29): 4
LogDevObjectVersion:   Dev-Sequencer (7B5AE74C-D270-4C10-A958-57980B212A5A): 0
LogDevObjectVersion:   Dev-VR (D7296918-1DD6-4BDD-9DE2-64A83CC13884): 0
LogInit: Compiled (64-bit): Oct 24 2016 14:29:06
LogInit: Compiled with Visual C++: 19.00.23026.00
LogInit: Build Configuration: Development
LogInit: Branch Name: ++UE4+Release-4.13
LogInit: Command line:  
LogInit: Base directory: C:/Program Files (x86)/Epic Games/4.13/Engine/Binaries/Win64/
LogInit: Installed Engine Build: 1
LogInit: Presizing for max 8388607 objects, including 0 objects not considered by GC, pre-allocating 0 bytes for permanent pool.
LogInit: Object subsystem initialized
[2016.11.11-21.40.10:461][  0]LogInit: Selected Device Profile: [Windows]
[2016.11.11-21.40.10:461][  0]LogInit: Applying CVar settings loaded from the selected device profile: [Windows]
[2016.11.11-21.40.10:686][  0]LogInit: Computer: DESKTOP-G1HI001
[2016.11.11-21.40.10:686][  0]LogInit: User: dollon
[2016.11.11-21.40.10:686][  0]LogInit: CPU Page size=65536, Cores=4
[2016.11.11-21.40.10:686][  0]LogInit: High frequency timer resolution =3.319353 MHz
[2016.11.11-21.40.10:687][  0]LogMemory: Memory total: Physical=15.9GB (16GB approx)
[2016.11.11-21.40.10:687][  0]LogMemory: Platform Memory Stats for Windows
[2016.11.11-21.40.10:687][  0]LogMemory: Process Physical Memory: 256.25 MB used, 256.25 MB peak
[2016.11.11-21.40.10:687][  0]LogMemory: Process Virtual Memory: 259.98 MB used, 259.98 MB peak
[2016.11.11-21.40.10:687][  0]LogMemory: Physical Memory: 7276.73 MB used, 16303.07 MB total
[2016.11.11-21.40.10:687][  0]LogMemory: Virtual Memory: 622.54 MB used, 134217728.00 MB total
[2016.11.11-21.40.10:716][  0]LogTextLocalizationManager: No specific translations for ('en-AU') exist, so ('en') translations will be used.
[2016.11.11-21.40.11:275][  0]LogD3D11RHI: D3D11 adapters:
[2016.11.11-21.40.11:295][  0]LogD3D11RHI:    0. 'NVIDIA GeForce GTX 770' (Feature Level 11_0)
[2016.11.11-21.40.11:295][  0]LogD3D11RHI:       2017/0/8151 MB DedicatedVideo/DedicatedSystem/SharedSystem, Outputs:2, VendorId:0x10de
[2016.11.11-21.40.11:296][  0]LogD3D11RHI:    1. 'Microsoft Basic Render Driver' (Feature Level 11_0)
[2016.11.11-21.40.11:296][  0]LogD3D11RHI:       0/0/8151 MB DedicatedVideo/DedicatedSystem/SharedSystem, Outputs:0, VendorId:0x1414
[2016.11.11-21.40.11:296][  0]LogD3D11RHI: Chosen D3D11 Adapter: 0
[2016.11.11-21.40.11:301][  0]LogD3D11RHI: Creating new Direct3DDevice
[2016.11.11-21.40.11:301][  0]LogD3D11RHI:     GPU DeviceId: 0x1184 (for the marketing name, search the web for "GPU Device Id")
[2016.11.11-21.40.11:301][  0]LogWindows: EnumDisplayDevices:
[2016.11.11-21.40.11:301][  0]LogWindows:    0. 'NVIDIA GeForce GTX 770' (P:1 D:1)
[2016.11.11-21.40.11:301][  0]LogWindows:    1. 'NVIDIA GeForce GTX 770' (P:0 D:1)
[2016.11.11-21.40.11:302][  0]LogWindows:    2. 'NVIDIA GeForce GTX 770' (P:0 D:0)
[2016.11.11-21.40.11:302][  0]LogWindows:    3. 'NVIDIA GeForce GTX 770' (P:0 D:0)
[2016.11.11-21.40.11:302][  0]LogWindows: DebugString: FoundDriverCount:4 
[2016.11.11-21.40.11:302][  0]LogD3D11RHI:     Adapter Name: NVIDIA GeForce GTX 770
[2016.11.11-21.40.11:302][  0]LogD3D11RHI:   Driver Version: 372.70 (internal:21.21.13.7270, unified:372.70)
[2016.11.11-21.40.11:302][  0]LogD3D11RHI:      Driver Date: 8-25-2016
[2016.11.11-21.40.11:302][  0]LogRHI: Texture pool is 1361 MB (70% of 1945 MB)
[2016.11.11-21.40.11:318][  0]LogD3D11RHI: Async texture creation enabled
[2016.11.11-21.40.11:334][  0]LogD3D11RHI: GPU Timing Frequency: 1000.000000 (Debug: 2 2)
[2016.11.11-21.40.11:334][  0]LogShaderCompilers: Guid format shader working directory is -25 characters bigger than the processId version (../../../../../../Users/dollon/Documents/Unreal Projects/Revolver_Rouge/Intermediate/Shaders/WorkingDirectory/13436/).
[2016.11.11-21.40.11:334][  0]LogShaderCompilers: Cleaned the shader compiler working directory 'C:/Users/dollon/AppData/Local/Temp/UnrealShaderWorkingDir/CE120F8A43952674C5BCE2B505618139/'.
[2016.11.11-21.40.11:334][  0]LogShaderCompilers:Display: Using Local Shader Compiler.
[2016.11.11-21.40.12:725][  0]LogTemp:Display: Loaded TP AllDesktopTargetPlatform
[2016.11.11-21.40.12:736][  0]LogTemp:Display: Loaded TP WindowsClientTargetPlatform
[2016.11.11-21.40.12:745][  0]LogTemp:Display: Loaded TP WindowsNoEditorTargetPlatform
[2016.11.11-21.40.12:755][  0]LogTemp:Display: Loaded TP WindowsServerTargetPlatform
[2016.11.11-21.40.12:762][  0]LogTemp:Display: Loaded TP WindowsTargetPlatform
[2016.11.11-21.40.12:772][  0]LogTemp:Display: Loaded TP AndroidTargetPlatform
[2016.11.11-21.40.12:779][  0]LogTemp:Display: Loaded TP Android_ASTCTargetPlatform
[2016.11.11-21.40.12:790][  0]LogTemp:Display: Loaded TP Android_ATCTargetPlatform
[2016.11.11-21.40.12:797][  0]LogTemp:Display: Loaded TP Android_DXTTargetPlatform
[2016.11.11-21.40.12:814][  0]LogTemp:Display: Loaded TP Android_ETC1TargetPlatform
[2016.11.11-21.40.12:824][  0]LogTemp:Display: Loaded TP Android_ETC2TargetPlatform
[2016.11.11-21.40.12:841][  0]LogTemp:Display: Loaded TP Android_MultiTargetPlatform
[2016.11.11-21.40.12:841][  0]LogTemp:Display: Loaded TP Android_PVRTCTargetPlatform
[2016.11.11-21.40.12:842][  0]LogTemp:Display: Loaded TP HTML5TargetPlatform
[2016.11.11-21.40.12:863][  0]LogTemp:Display: Loaded TP IOSTargetPlatform
[2016.11.11-21.40.12:869][  0]LogTemp:Display: Loaded TP TVOSTargetPlatform
[2016.11.11-21.40.12:876][  0]LogTemp:Display: Loaded TP LinuxClientTargetPlatform
[2016.11.11-21.40.12:886][  0]LogTemp:Display: Loaded TP LinuxNoEditorTargetPlatform
[2016.11.11-21.40.12:893][  0]LogTemp:Display: Loaded TP LinuxServerTargetPlatform
[2016.11.11-21.40.12:903][  0]LogTemp:Display: Loaded TP LinuxTargetPlatform
[2016.11.11-21.40.12:903][  0]LogTargetPlatformManager:Display: Building Assets For Windows
[2016.11.11-21.40.12:985][  0]LogDerivedDataCache:Display: Max Cache Size: 512 MB
[2016.11.11-21.40.13:055][  0]LogDerivedDataCache: Loaded boot cache 0.07s 62MB C:/Users/dollon/AppData/Local/UnrealEngine/4.13/DerivedDataCache/Boot.ddc.
[2016.11.11-21.40.13:055][  0]LogDerivedDataCache:Display: Loaded Boot cache: C:/Users/dollon/AppData/Local/UnrealEngine/4.13/DerivedDataCache/Boot.ddc
[2016.11.11-21.40.13:055][  0]LogDerivedDataCache: FDerivedDataBackendGraph:  Pak pak cache file ../../../../../../Users/dollon/Documents/Unreal Projects/Revolver_Rouge/DerivedDataCache/DDC.ddp not found, will not use a pak cache.
[2016.11.11-21.40.13:055][  0]LogDerivedDataCache: Unable to find inner node Pak for hierarchical cache Hierarchy.
[2016.11.11-21.40.13:056][  0]LogDerivedDataCache: FDerivedDataBackendGraph:  CompressedPak pak cache file ../../../../../../Users/dollon/Documents/Unreal Projects/Revolver_Rouge/DerivedDataCache/Compressed.ddp not found, will not use a pak cache.
[2016.11.11-21.40.13:056][  0]LogDerivedDataCache: Unable to find inner node CompressedPak for hierarchical cache Hierarchy.
[2016.11.11-21.40.13:072][  0]LogDerivedDataCache:Display: Pak cache opened for reading ../../../Engine/DerivedDataCache/Compressed.ddp.
[2016.11.11-21.40.13:084][  0]LogDerivedDataCache: Using Local data cache path C:/Users/dollon/AppData/Local/UnrealEngine/Common/DerivedDataCache: Writable
[2016.11.11-21.40.13:287][  0]LogInit: Selected Device Profile: [Windows]
[2016.11.11-21.40.13:290][  0]LogContentStreaming: Texture pool size is 0.00 MB
[2016.11.11-21.40.13:379][  0]LogMeshUtilities: No automatic mesh reduction module available
[2016.11.11-21.40.13:379][  0]LogMeshUtilities: No automatic mesh merging module available
[2016.11.11-21.40.13:379][  0]LogMeshUtilities: No distributed automatic mesh merging module available
[2016.11.11-21.40.13:459][  0]LogMaterial: Uniform references updated for custom material expression Custom.
[2016.11.11-21.40.13:791][  0]LogNetVersion: GetLocalNetworkVersion: CL: 3106830, ProjectName: revolver_rouge, ProjectVersion: , EngineNetworkVersion: 1, GameNetworkVersion: 0, NetworkChecksum: 4118575143
[2016.11.11-21.40.13:829][  0]LogAssetRegistry: FAssetRegistry took 0.0216 seconds to start up
[2016.11.11-21.40.13:880][  0]LogPackageLocalizationCache: Processed 3 localized package path(s) for 2 prioritized culture(s) in 0.044883 seconds
[2016.11.11-21.40.13:885][  0]LogUObjectArray: 29778 objects as part of root set at end of initial load.
[2016.11.11-21.40.13:885][  0]LogUObjectAllocator: 6125448 out of 0 bytes used by permanent object pool.
[2016.11.11-21.40.13:885][  0]LogUObjectArray: CloseDisregardForGC: 0/0 objects in disregard for GC pool
[2016.11.11-21.40.13:889][  0]LogInit: WinSock: version 1.1 (2.2), MaxSocks=32767, MaxUdp=65467
[2016.11.11-21.40.14:119][  0]LogSlate: SlateFontCache - WITH_FREETYPE: 1, WITH_HARFBUZZ: 1
[2016.11.11-21.40.14:119][  0]LogSlate: SlateFontCache - WITH_FREETYPE: 1, WITH_HARFBUZZ: 1
[2016.11.11-21.40.14:816][  0]LogTcpMessaging: Initializing TcpMessaging bridge
[2016.11.11-21.40.14:834][  0]LogUdpMessaging: Initializing bridge on interface 0.0.0.0:0 to multicast group 230.0.0.1:6666.
[2016.11.11-21.40.15:081][  0]SourceControl: Info Source control is disabled
[2016.11.11-21.40.15:081][  0]SourceControl: Info Source control is disabled
[2016.11.11-21.40.15:089][  0]SourceControl: Info Source control is disabled
[2016.11.11-21.40.15:097][  0]SourceControl: Info Source control is disabled
[2016.11.11-21.40.15:162][  0]LogLinker:Warning: Can't find file '/Game/ThirdPersonBP/ThirdPersonOverview'
[2016.11.11-21.40.15:162][  0]LogLinker:Warning: Can't find file '/Game/ThirdPersonBP/ThirdPersonOverview'
[2016.11.11-21.40.15:162][  0]LogUObjectGlobals:Warning: Failed to find object 'Class /Game/ThirdPersonBP/ThirdPersonOverview.ThirdPersonOverview_C'
[2016.11.11-21.40.15:373][  0]LogEngine: Initializing Engine...
[2016.11.11-21.40.15:375][  0]LogHMD: Failed to initialize OpenVR with code 110
[2016.11.11-21.40.15:498][  0]LogAIModule: Creating AISystem for world Untitled
[2016.11.11-21.40.15:513][  0]LogInit: XAudio2 using 'Lautsprecher (Realtek High Definition Audio)' : 2 channels at 48 kHz using 32 bits per sample (channel mask 0x3)
[2016.11.11-21.40.15:529][  0]LogInit: FAudioDevice initialized.
[2016.11.11-21.40.15:563][  0]LogDerivedDataCache: Saved boot cache 0.03s 62MB C:/Users/dollon/AppData/Local/UnrealEngine/4.13/DerivedDataCache/Boot.ddc.
[2016.11.11-21.40.15:571][  0]LogInit: Texture streaming: Enabled
[2016.11.11-21.40.15:601][  0]LogInit: Transaction tracking system initialized
[2016.11.11-21.40.15:621][  0]BlueprintLog: New page: Editor Load
[2016.11.11-21.40.15:697][  0]LocalizationService: Info Localization service is disabled
[2016.11.11-21.40.15:760][  0]LogConsoleResponse:Display: 
[2016.11.11-21.40.15:865][  0]LogCook:Display: Max memory allowance for cook 16384mb min free memory 0mb
[2016.11.11-21.40.15:865][  0]LogCook:Display: Mobile HDR setting 1
[2016.11.11-21.40.16:024][  0]LogFileCache: Scanning file cache for directory 'C:/Users/dollon/Documents/Unreal Projects/Revolver_Rouge/Content/' took 0.01s
[2016.11.11-21.40.16:024][  0]SourceControl: Info Source control is disabled
[2016.11.11-21.40.16:025][  0]Cmd: MAP LOAD FILE="../../../Engine/Content/Maps/Templates/Template_Default.umap" TEMPLATE=1 SHOWPROGRESS=1 FEATURELEVEL=3
[2016.11.11-21.40.16:025][  0]LightingResults: New page: Lighting Build
[2016.11.11-21.40.16:027][  0]MapCheck: New page: Map Check
[2016.11.11-21.40.16:027][  0]LightingResults: New page: Lighting Build
[2016.11.11-21.40.16:323][  0]LogAIModule: Creating AISystem for world Untitled_1
[2016.11.11-21.40.16:328][  0]LogEditorServer: Finished looking for orphan Actors (0.000 secs)
[2016.11.11-21.40.16:333][  0]Cmd: MAP CHECKDEP NOCLEARLOG
[2016.11.11-21.40.16:385][  0]MapCheck: Info Map check complete: 0 Error(s), 0 Warning(s), took 51.314ms to complete.
[2016.11.11-21.40.16:385][  0]LogFileHelpers: Loading map 'Template_Default' took 0.360
[2016.11.11-21.40.16:511][  0]LogCollectionManager: Loaded 0 collections in 0.001026 seconds
[2016.11.11-21.40.16:560][  0]LogFileCache: Scanning file cache for directory 'C:/Users/dollon/Documents/Unreal Projects/Revolver_Rouge/Saved/Collections/' took 0.01s
[2016.11.11-21.40.16:560][  0]LogFileCache: Scanning file cache for directory 'C:/Users/dollon/Documents/Unreal Projects/Revolver_Rouge/Content/Developers/dollon/Collections/' took 0.01s
[2016.11.11-21.40.16:560][  0]LogFileCache: Scanning file cache for directory 'C:/Users/dollon/Documents/Unreal Projects/Revolver_Rouge/Content/Collections/' took 0.01s
[2016.11.11-21.40.16:560][  0]LogCollectionManager: Rebuilt the GUID cache for 0 collections in 0.000002 seconds
[2016.11.11-21.40.16:572][  0]LogContentBrowser: Native class hierarchy populated in 0.0128 seconds. Added 2141 classes and 415 folders.
[2016.11.11-21.40.16:576][  0]LogStats: UGameplayTagsManager::ConstructGameplayTagTree: Construct from data asset -  0.000 s
[2016.11.11-21.40.16:576][  0]LogStats: UGameplayTagsManager::ConstructGameplayTagTree: GameplayTagTreeChangedEvent.Broadcast -  0.000 s
[2016.11.11-21.40.16:577][  0]LogContentBrowser: Native class hierarchy updated for 'GameplayTags' in 0.0004 seconds. Added 12 classes and 0 folders.
[2016.11.11-21.40.16:579][  0]LogContentBrowser: Native class hierarchy updated for 'WidgetCarousel' in 0.0003 seconds. Added 0 classes and 0 folders.
[2016.11.11-21.40.16:629][  0]LogContentBrowser: Native class hierarchy updated for 'AddContentDialog' in 0.0004 seconds. Added 0 classes and 0 folders.
[2016.11.11-21.40.16:633][  0]LogContentBrowser: Native class hierarchy updated for 'SceneOutliner' in 0.0009 seconds. Added 1 classes and 2 folders.
[2016.11.11-21.40.16:647][  0]LogCrashTracker: Crashtracker disabled due to settings.
[2016.11.11-21.40.16:655][  0]LogUObjectGlobals:Warning: Failed to find object 'Class None.'
[2016.11.11-21.40.16:689][  0]LogContentBrowser: Native class hierarchy updated for 'HierarchicalLODOutliner' in 0.0004 seconds. Added 1 classes and 2 folders.
[2016.11.11-21.40.16:689][  0]LogLoad: (Engine Initialization) Total time: 6.95 seconds
[2016.11.11-21.40.16:689][  0]LogLoad: (Engine Initialization) Total Blueprint compile time: 0.05 seconds
[2016.11.11-21.40.16:689][  0]LogExternalProfiler: Found external profiler: VSPerf
[2016.11.11-21.40.16:689][  0]LogExternalProfiler: Using external profiler: VSPerf
[2016.11.11-21.40.17:029][  0]LogOcInput: OculusInput pre-init called
[2016.11.11-21.40.17:050][  0]LogContentStreaming: Texture pool size now 1000 MB
[2016.11.11-21.40.17:234][  0]LogRenderer: Reallocating scene render targets to support 1228x540 (Frame:2).
[2016.11.11-21.40.17:367][  1]LogAssetRegistry: Asset discovery search completed in 3.5599 seconds
[2016.11.11-21.40.17:367][  1]LogCollectionManager: Rebuilt the object cache for 0 collections in 0.000001 seconds (found 0 objects)
[2016.11.11-21.40.17:367][  1]LogCollectionManager: Fixed up redirectors for 0 collections in 0.000035 seconds (updated 0 objects)
[2016.11.11-21.42.26:397][912]LogPlayLevel: PlayLevel: No blueprints needed recompiling
[2016.11.11-21.42.26:398][912]PIE: New page: PIE session: Untitled_1 (11 Nov 2016 11:42:26 pm)
[2016.11.11-21.42.26:398][912]LogPlayLevel: Creating play world package: /Temp/UEDPIE_0_Untitled_1
[2016.11.11-21.42.26:400][912]LogPlayLevel: PIE: StaticDuplicateObject took: (0.002166s)
[2016.11.11-21.42.26:401][912]LogAIModule: Creating AISystem for world Untitled_1
[2016.11.11-21.42.26:401][912]LogPlayLevel: PIE: World Init took: (0.000891s)
[2016.11.11-21.42.26:402][912]LogPlayLevel: PIE: Created PIE world by copying editor world from /Temp/Untitled_1.Untitled_1 to /Temp/UEDPIE_0_Untitled_1.Untitled_1 (0.003314s)
[2016.11.11-21.42.26:423][912]LogInit: XAudio2 using 'Lautsprecher (Realtek High Definition Audio)' : 2 channels at 48 kHz using 32 bits per sample (channel mask 0x3)
[2016.11.11-21.42.26:434][912]LogInit: FAudioDevice initialized.
[2016.11.11-21.42.26:507][912]LogWorld: Game class is 'MainGameMode_C'
[2016.11.11-21.42.26:510][912]LogWorld: Bringing World /Temp/UEDPIE_0_Untitled_1.Untitled_1 up for play (max tick rate 0) at 2016.11.11-22.42.26
[2016.11.11-21.42.26:510][912]LogWorld: Bringing up level for play took: 0.001483
[2016.11.11-21.42.26:513][912]LogContentBrowser: Native class hierarchy updated for 'MovieSceneCapture' in 0.0005 seconds. Added 11 classes and 0 folders.
[2016.11.11-21.42.26:513][912]LogGameMode:Display: Match State Changed from EnteringMap to WaitingToStart
[2016.11.11-21.42.26:513][912]LogGameState: Match State Changed from EnteringMap to WaitingToStart
[2016.11.11-21.42.26:513][912]LogGameMode:Display: Match State Changed from WaitingToStart to InProgress
[2016.11.11-21.42.26:514][912]LogGameState: Match State Changed from WaitingToStart to InProgress
[2016.11.11-21.42.26:514][912]PIE: Info Play in editor start time for /Temp/UEDPIE_0_Untitled_1 0.346
[2016.11.11-21.45.17:271][568]LogPlayLevel: PlayLevel: No blueprints needed recompiling
[2016.11.11-21.45.17:271][568]PIE: New page: PIE session: Untitled_1 (11 Nov 2016 11:45:17 pm)
[2016.11.11-21.45.17:271][568]LogPlayLevel: Creating play world package: /Temp/UEDPIE_0_Untitled_1
[2016.11.11-21.45.17:273][568]LogPlayLevel: PIE: StaticDuplicateObject took: (0.001632s)
[2016.11.11-21.45.17:273][568]LogAIModule: Creating AISystem for world Untitled_1
[2016.11.11-21.45.17:274][568]LogPlayLevel: PIE: World Init took: (0.001088s)
[2016.11.11-21.45.17:274][568]LogPlayLevel: PIE: Created PIE world by copying editor world from /Temp/Untitled_1.Untitled_1 to /Temp/UEDPIE_0_Untitled_1.Untitled_1 (0.002977s)
[2016.11.11-21.45.17:291][568]LogInit: XAudio2 using 'Lautsprecher (Realtek High Definition Audio)' : 2 channels at 48 kHz using 32 bits per sample (channel mask 0x3)
[2016.11.11-21.45.17:301][568]LogInit: FAudioDevice initialized.
[2016.11.11-21.45.17:329][568]LogWorld: Game class is 'MainGameMode_C'
[2016.11.11-21.45.17:331][568]LogWorld: Bringing World /Temp/UEDPIE_0_Untitled_1.Untitled_1 up for play (max tick rate 0) at 2016.11.11-22.45.17
[2016.11.11-21.45.17:332][568]LogWorld: Bringing up level for play took: 0.001592
[2016.11.11-21.45.17:332][568]LogGameMode:Display: Match State Changed from EnteringMap to WaitingToStart
[2016.11.11-21.45.17:332][568]LogGameState: Match State Changed from EnteringMap to WaitingToStart
[2016.11.11-21.45.17:332][568]LogGameMode:Display: Match State Changed from WaitingToStart to InProgress
[2016.11.11-21.45.17:333][568]LogGameState: Match State Changed from WaitingToStart to InProgress
[2016.11.11-21.45.17:333][568]PIE: Info Play in editor start time for /Temp/UEDPIE_0_Untitled_1 -0.835
[2016.11.11-21.45.17:333][568]LogInput:Error: Duplicate mapping of key MouseY for axis Lookup
[2016.11.11-21.45.17:333][568]LogInput:Error: Duplicate mapping of key MouseX for axis lookright
[2016.11.11-21.45.23:507][256]LogContentBrowser: Native class hierarchy updated for 'BlueprintGraph' in 0.0010 seconds. Added 112 classes and 0 folders.
[2016.11.11-21.48.14:617][342]LogEditorTransaction: Undo Add Node
[2016.11.11-21.49.22:265][577]Cmd: TRANSACTION UNDO
[2016.11.11-21.49.22:265][577]LogEditorTransaction: Undo Rename Variable
[2016.11.11-21.49.22:570][601]Cmd: TRANSACTION UNDO
[2016.11.11-21.49.22:571][601]LogEditorTransaction: Undo Add Variable
[2016.11.11-21.49.25:698][956]LogEditorTransaction: Redo Add Variable
[2016.11.11-21.49.26:389][ 21]LogEditorTransaction: Undo Add Variable
[2016.11.11-21.50.54:328][234]LogEditorTransaction: Undo Add Node
[2016.11.11-21.52.39:529][154]LogEditorTransaction: Undo Move Node
[2016.11.11-21.52.39:898][180]LogEditorTransaction: Undo Move Node
[2016.11.11-21.52.40:247][209]LogEditorTransaction: Undo Move Node
[2016.11.11-21.52.40:521][232]LogEditorTransaction: Undo Create Reroute Node
[2016.11.11-21.52.40:873][262]LogEditorTransaction: Undo Move Node
[2016.11.11-21.52.41:411][312]LogEditorTransaction: Undo Create Reroute Node
[2016.11.11-21.53.30:463][107]BlueprintLog: New page: Compile MainCharacter
[2016.11.11-21.53.30:476][107]LogBlueprint:Warning: [Compiler MainCharacter] Warning Input Axis Event references unknown Axis 'lookright' for  K2Node_InputAxisEvent_26
[2016.11.11-21.53.30:476][107]LogBlueprint:Warning: [Compiler MainCharacter] Warning Input Axis Event references unknown Axis 'Lookup' for  K2Node_InputAxisEvent_22
[2016.11.11-21.53.30:570][107]BlueprintEditorCompileResults:Warning: Warning Input Axis Event references unknown Axis 'lookright' for  K2Node_InputAxisEvent_26
[2016.11.11-21.53.30:570][107]BlueprintEditorCompileResults:Warning: Warning Input Axis Event references unknown Axis 'Lookup' for  K2Node_InputAxisEvent_22
[2016.11.11-21.53.30:570][107]LogBlueprint:Warning: [Compiler MainCharacter] Warning [0800.83] Compile of MainCharacter successful, but with 2 Warning(s) [in 107 ms] (/Game/Blueprints/MainCharacter.MainCharacter)
[2016.11.11-21.54.00:213][782]LogEditorTransaction: Undo Delete current selection
[2016.11.11-21.54.25:074][111]BlueprintLog: New page: Compile MainCharacter
[2016.11.11-21.54.26:777][266]LogPlayLevel: PlayLevel: No blueprints needed recompiling
[2016.11.11-21.54.26:777][266]PIE: New page: PIE session: Untitled_1 (11 Nov 2016 11:54:26 pm)
[2016.11.11-21.54.26:777][266]LogPlayLevel: Creating play world package: /Temp/UEDPIE_0_Untitled_1
[2016.11.11-21.54.26:779][266]LogPlayLevel: PIE: StaticDuplicateObject took: (0.002084s)
[2016.11.11-21.54.26:780][266]LogAIModule: Creating AISystem for world Untitled_1
[2016.11.11-21.54.26:781][266]LogPlayLevel: PIE: World Init took: (0.001311s)
[2016.11.11-21.54.26:781][266]LogPlayLevel: PIE: Created PIE world by copying editor world from /Temp/Untitled_1.Untitled_1 to /Temp/UEDPIE_0_Untitled_1.Untitled_1 (0.003678s)
[2016.11.11-21.54.26:806][266]LogInit: XAudio2 using 'Lautsprecher (Realtek High Definition Audio)' : 2 channels at 48 kHz using 32 bits per sample (channel mask 0x3)
[2016.11.11-21.54.26:819][266]LogInit: FAudioDevice initialized.
[2016.11.11-21.54.26:848][266]LogWorld: Game class is 'MainGameMode_C'
[2016.11.11-21.54.26:850][266]LogWorld: Bringing World /Temp/UEDPIE_0_Untitled_1.Untitled_1 up for play (max tick rate 0) at 2016.11.11-22.54.26
[2016.11.11-21.54.26:851][266]LogWorld: Bringing up level for play took: 0.001650
[2016.11.11-21.54.26:851][266]LogGameMode:Display: Match State Changed from EnteringMap to WaitingToStart
[2016.11.11-21.54.26:851][266]LogGameState: Match State Changed from EnteringMap to WaitingToStart
[2016.11.11-21.54.26:851][266]LogGameMode:Display: Match State Changed from WaitingToStart to InProgress
[2016.11.11-21.54.26:852][266]LogGameState: Match State Changed from WaitingToStart to InProgress
[2016.11.11-21.54.26:852][266]PIE: Info Play in editor start time for /Temp/UEDPIE_0_Untitled_1 0.684
[2016.11.11-21.55.39:975][727]LogPlayLevel: PlayLevel: No blueprints needed recompiling
[2016.11.11-21.55.39:975][727]PIE: New page: PIE session: Untitled_1 (11 Nov 2016 11:55:39 pm)
[2016.11.11-21.55.39:975][727]LogPlayLevel: Creating play world package: /Temp/UEDPIE_0_Untitled_1
[2016.11.11-21.55.39:977][727]LogPlayLevel: PIE: StaticDuplicateObject took: (0.001677s)
[2016.11.11-21.55.39:978][727]LogAIModule: Creating AISystem for world Untitled_1
[2016.11.11-21.55.39:978][727]LogPlayLevel: PIE: World Init took: (0.000920s)
[2016.11.11-21.55.39:978][727]LogPlayLevel: PIE: Created PIE world by copying editor world from /Temp/Untitled_1.Untitled_1 to /Temp/UEDPIE_0_Untitled_1.Untitled_1 (0.002789s)
[2016.11.11-21.55.40:002][727]LogInit: XAudio2 using 'Lautsprecher (Realtek High Definition Audio)' : 2 channels at 48 kHz using 32 bits per sample (channel mask 0x3)
[2016.11.11-21.55.40:013][727]LogInit: FAudioDevice initialized.
[2016.11.11-21.55.40:042][727]LogWorld: Game class is 'MainGameMode_C'
[2016.11.11-21.55.40:045][727]LogWorld: Bringing World /Temp/UEDPIE_0_Untitled_1.Untitled_1 up for play (max tick rate 0) at 2016.11.11-22.55.40
[2016.11.11-21.55.40:045][727]LogWorld: Bringing up level for play took: 0.001779
[2016.11.11-21.55.40:046][727]LogGameMode:Display: Match State Changed from EnteringMap to WaitingToStart
[2016.11.11-21.55.40:046][727]LogGameState: Match State Changed from EnteringMap to WaitingToStart
[2016.11.11-21.55.40:046][727]LogGameMode:Display: Match State Changed from WaitingToStart to InProgress
[2016.11.11-21.55.40:047][727]LogGameState: Match State Changed from WaitingToStart to InProgress
[2016.11.11-21.55.40:047][727]PIE: Info Play in editor start time for /Temp/UEDPIE_0_Untitled_1 -0.121
[2016.11.11-21.56.38:212][531]LogRenderer: Reallocating scene render targets to support 1228x696 (Frame:74460).
[2016.11.11-21.57.00:518][170]LogPlayLevel: PlayLevel: No blueprints needed recompiling
[2016.11.11-21.57.00:518][170]PIE: New page: PIE session: Untitled_1 (11 Nov 2016 11:57:00 pm)
[2016.11.11-21.57.00:518][170]LogPlayLevel: Creating play world package: /Temp/UEDPIE_0_Untitled_1
[2016.11.11-21.57.00:520][170]LogPlayLevel: PIE: StaticDuplicateObject took: (0.001906s)
[2016.11.11-21.57.00:521][170]LogAIModule: Creating AISystem for world Untitled_1
[2016.11.11-21.57.00:521][170]LogPlayLevel: PIE: World Init took: (0.001042s)
[2016.11.11-21.57.00:521][170]LogPlayLevel: PIE: Created PIE world by copying editor world from /Temp/Untitled_1.Untitled_1 to /Temp/UEDPIE_0_Untitled_1.Untitled_1 (0.003214s)
[2016.11.11-21.57.00:549][170]LogInit: XAudio2 using 'Lautsprecher (Realtek High Definition Audio)' : 2 channels at 48 kHz using 32 bits per sample (channel mask 0x3)
[2016.11.11-21.57.00:560][170]LogInit: FAudioDevice initialized.
[2016.11.11-21.57.00:591][170]LogWorld: Game class is 'MainGameMode_C'
[2016.11.11-21.57.00:594][170]LogWorld: Bringing World /Temp/UEDPIE_0_Untitled_1.Untitled_1 up for play (max tick rate 0) at 2016.11.11-22.57.00
[2016.11.11-21.57.00:594][170]LogWorld: Bringing up level for play took: 0.001875
[2016.11.11-21.57.00:595][170]LogGameMode:Display: Match State Changed from EnteringMap to WaitingToStart
[2016.11.11-21.57.00:595][170]LogGameState: Match State Changed from EnteringMap to WaitingToStart
[2016.11.11-21.57.00:595][170]LogGameMode:Display: Match State Changed from WaitingToStart to InProgress
[2016.11.11-21.57.00:596][170]LogGameState: Match State Changed from WaitingToStart to InProgress
[2016.11.11-21.57.00:596][170]PIE: Info Play in editor start time for /Temp/UEDPIE_0_Untitled_1 0.427
[2016.11.11-21.58.51:783][815]BlueprintLog: New page: Compile MainCharacter
[2016.11.11-21.58.53:253][920]LogPlayLevel: PlayLevel: No blueprints needed recompiling
[2016.11.11-21.58.53:253][920]PIE: New page: PIE session: Untitled_1 (11 Nov 2016 11:58:53 pm)
[2016.11.11-21.58.53:253][920]LogPlayLevel: Creating play world package: /Temp/UEDPIE_0_Untitled_1
[2016.11.11-21.58.53:255][920]LogPlayLevel: PIE: StaticDuplicateObject took: (0.001832s)
[2016.11.11-21.58.53:256][920]LogAIModule: Creating AISystem for world Untitled_1
[2016.11.11-21.58.53:256][920]LogPlayLevel: PIE: World Init took: (0.001095s)
[2016.11.11-21.58.53:256][920]LogPlayLevel: PIE: Created PIE world by copying editor world from /Temp/Untitled_1.Untitled_1 to /Temp/UEDPIE_0_Untitled_1.Untitled_1 (0.003152s)
[2016.11.11-21.58.53:280][920]LogInit: XAudio2 using 'Lautsprecher (Realtek High Definition Audio)' : 2 channels at 48 kHz using 32 bits per sample (channel mask 0x3)
[2016.11.11-21.58.53:291][920]LogInit: FAudioDevice initialized.
[2016.11.11-21.58.53:321][920]LogWorld: Game class is 'MainGameMode_C'
[2016.11.11-21.58.53:324][920]LogWorld: Bringing World /Temp/UEDPIE_0_Untitled_1.Untitled_1 up for play (max tick rate 0) at 2016.11.11-22.58.53
[2016.11.11-21.58.53:324][920]LogWorld: Bringing up level for play took: 0.001703
[2016.11.11-21.58.53:325][920]LogGameMode:Display: Match State Changed from EnteringMap to WaitingToStart
[2016.11.11-21.58.53:325][920]LogGameState: Match State Changed from EnteringMap to WaitingToStart
[2016.11.11-21.58.53:325][920]LogGameMode:Display: Match State Changed from WaitingToStart to InProgress
[2016.11.11-21.58.53:325][920]LogGameState: Match State Changed from WaitingToStart to InProgress
[2016.11.11-21.58.53:326][920]PIE: Info Play in editor start time for /Temp/UEDPIE_0_Untitled_1 -0.843
[2016.11.11-21.59.27:179][345]LogTextFormatter:Warning: Failed to parse argument "ExistingAsset" as a number (using "0" as a fallback). Please check your format string for errors: "{ExistingAsset} already exists. Do you want to replace it?".
[2016.11.11-21.59.28:584][345]LogSavePackage: Save=20.01ms
[2016.11.11-21.59.28:584][345]LogSavePackage: Moving '../../../../../../Users/dollon/Documents/Unreal Projects/Revolver_Rouge/Saved/Mainlevel2D1AABB7416266C3381ADD91EAF0AFAE.tmp' to '../../../../../../Users/dollon/Documents/Unreal Projects/Revolver_Rouge/Content/Levels/Mainlevel.umap'
[2016.11.11-21.59.28:588][345]LogSavePackage:Display: Finished SavePackage ../../../../../../Users/dollon/Documents/Unreal Projects/Revolver_Rouge/Content/Levels/Mainlevel.umap
[2016.11.11-21.59.28:620][345]LogFileHelpers: Saving map 'Mainlevel' took 0.239
[2016.11.11-21.59.29:710][469]LogSavePackage: Save=19.05ms
[2016.11.11-21.59.29:710][469]LogSavePackage: Moving '../../../../../../Users/dollon/Documents/Unreal Projects/Revolver_Rouge/Saved/Mainlevel2414BC21484C81CE04E25C8DA2FDC56F.tmp' to '../../../../../../Users/dollon/Documents/Unreal Projects/Revolver_Rouge/Content/Levels/Mainlevel.umap'
[2016.11.11-21.59.29:714][469]LogSavePackage:Display: Finished SavePackage ../../../../../../Users/dollon/Documents/Unreal Projects/Revolver_Rouge/Content/Levels/Mainlevel.umap
[2016.11.11-21.59.30:481][553]LogSavePackage: Save=18.90ms
[2016.11.11-21.59.30:481][553]LogSavePackage: Moving '../../../../../../Users/dollon/Documents/Unreal Projects/Revolver_Rouge/Saved/Mainlevel51FFD90043430A0DE6C94A8A6DEBAD54.tmp' to '../../../../../../Users/dollon/Documents/Unreal Projects/Revolver_Rouge/Content/Levels/Mainlevel.umap'
[2016.11.11-21.59.30:485][553]LogSavePackage:Display: Finished SavePackage ../../../../../../Users/dollon/Documents/Unreal Projects/Revolver_Rouge/Content/Levels/Mainlevel.umap
[2016.11.11-21.59.30:667][567]LogSavePackage: Save=18.04ms
[2016.11.11-21.59.30:667][567]LogSavePackage: Moving '../../../../../../Users/dollon/Documents/Unreal Projects/Revolver_Rouge/Saved/Mainlevel51507B39454AC6B8592B8697DC0F1BB8.tmp' to '../../../../../../Users/dollon/Documents/Unreal Projects/Revolver_Rouge/Content/Levels/Mainlevel.umap'
[2016.11.11-21.59.30:671][567]LogSavePackage:Display: Finished SavePackage ../../../../../../Users/dollon/Documents/Unreal Projects/Revolver_Rouge/Content/Levels/Mainlevel.umap
[2016.11.11-21.59.31:781][696]LogPlayLevel: PlayLevel: No blueprints needed recompiling
[2016.11.11-21.59.31:781][696]PIE: New page: PIE session: Mainlevel (11 Nov 2016 11:59:31 pm)
[2016.11.11-21.59.31:781][696]LogPlayLevel: Creating play world package: /Game/Levels/UEDPIE_0_Mainlevel
[2016.11.11-21.59.31:783][696]LogPlayLevel: PIE: StaticDuplicateObject took: (0.001519s)
[2016.11.11-21.59.31:783][696]LogAIModule: Creating AISystem for world Mainlevel
[2016.11.11-21.59.31:784][696]LogPlayLevel: PIE: World Init took: (0.000870s)
[2016.11.11-21.59.31:784][696]LogPlayLevel: PIE: Created PIE world by copying editor world from /Game/Levels/Mainlevel.Mainlevel to /Game/Levels/UEDPIE_0_Mainlevel.Mainlevel (0.002577s)
[2016.11.11-21.59.31:807][696]LogInit: XAudio2 using 'Lautsprecher (Realtek High Definition Audio)' : 2 channels at 48 kHz using 32 bits per sample (channel mask 0x3)
[2016.11.11-21.59.31:817][696]LogInit: FAudioDevice initialized.
[2016.11.11-21.59.31:849][696]LogWorld: Game class is 'MainGameMode_C'
[2016.11.11-21.59.31:852][696]LogWorld: Bringing World /Game/Levels/UEDPIE_0_Mainlevel.Mainlevel up for play (max tick rate 0) at 2016.11.11-22.59.31
[2016.11.11-21.59.31:852][696]LogWorld: Bringing up level for play took: 0.001562
[2016.11.11-21.59.31:853][696]LogGameMode:Display: Match State Changed from EnteringMap to WaitingToStart
[2016.11.11-21.59.31:853][696]LogGameState: Match State Changed from EnteringMap to WaitingToStart
[2016.11.11-21.59.31:853][696]LogGameMode:Display: Match State Changed from WaitingToStart to InProgress
[2016.11.11-21.59.31:853][696]LogGameState: Match State Changed from WaitingToStart to InProgress
[2016.11.11-21.59.31:853][696]PIE: Info Play in editor start time for /Game/Levels/UEDPIE_0_Mainlevel -0.315
[2016.11.11-21.59.48:522][468]BlueprintLog: New page: Compile MainCharacter
[2016.11.11-21.59.49:995][581]LogPlayLevel: PlayLevel: No blueprints needed recompiling
[2016.11.11-21.59.49:995][581]PIE: New page: PIE session: Mainlevel (11 Nov 2016 11:59:49 pm)
[2016.11.11-21.59.49:995][581]LogPlayLevel: Creating play world package: /Game/Levels/UEDPIE_0_Mainlevel
[2016.11.11-21.59.49:997][581]LogPlayLevel: PIE: StaticDuplicateObject took: (0.001831s)
[2016.11.11-21.59.49:998][581]LogAIModule: Creating AISystem for world Mainlevel
[2016.11.11-21.59.49:999][581]LogPlayLevel: PIE: World Init took: (0.001544s)
[2016.11.11-21.59.49:999][581]LogPlayLevel: PIE: Created PIE world by copying editor world from /Game/Levels/Mainlevel.Mainlevel to /Game/Levels/UEDPIE_0_Mainlevel.Mainlevel (0.003609s)
[2016.11.11-21.59.50:022][581]LogInit: XAudio2 using 'Lautsprecher (Realtek High Definition Audio)' : 2 channels at 48 kHz using 32 bits per sample (channel mask 0x3)
[2016.11.11-21.59.50:031][581]LogInit: FAudioDevice initialized.
[2016.11.11-21.59.50:064][581]LogWorld: Game class is 'MainGameMode_C'
[2016.11.11-21.59.50:066][581]LogWorld: Bringing World /Game/Levels/UEDPIE_0_Mainlevel.Mainlevel up for play (max tick rate 0) at 2016.11.11-22.59.50
[2016.11.11-21.59.50:066][581]LogWorld: Bringing up level for play took: 0.001736
[2016.11.11-21.59.50:067][581]LogGameMode:Display: Match State Changed from EnteringMap to WaitingToStart
[2016.11.11-21.59.50:067][581]LogGameState: Match State Changed from EnteringMap to WaitingToStart
[2016.11.11-21.59.50:067][581]LogGameMode:Display: Match State Changed from WaitingToStart to InProgress
[2016.11.11-21.59.50:068][581]LogGameState: Match State Changed from WaitingToStart to InProgress
[2016.11.11-21.59.50:068][581]PIE: Info Play in editor start time for /Game/Levels/UEDPIE_0_Mainlevel -0.101
[2016.11.11-22.04.02:740][347]BlueprintLog: New page: Compile MainCharacter
[2016.11.11-22.04.04:000][445]LogPlayLevel: PlayLevel: No blueprints needed recompiling
[2016.11.11-22.04.04:000][445]PIE: New page: PIE session: Mainlevel (12 Nov 2016 12:04:04 am)
[2016.11.11-22.04.04:000][445]LogPlayLevel: Creating play world package: /Game/Levels/UEDPIE_0_Mainlevel
[2016.11.11-22.04.04:002][445]LogPlayLevel: PIE: StaticDuplicateObject took: (0.002011s)
[2016.11.11-22.04.04:003][445]LogAIModule: Creating AISystem for world Mainlevel
[2016.11.11-22.04.04:004][445]LogPlayLevel: PIE: World Init took: (0.001122s)
[2016.11.11-22.04.04:004][445]LogPlayLevel: PIE: Created PIE world by copying editor world from /Game/Levels/Mainlevel.Mainlevel to /Game/Levels/UEDPIE_0_Mainlevel.Mainlevel (0.003388s)
[2016.11.11-22.04.04:028][445]LogInit: XAudio2 using 'Lautsprecher (Realtek High Definition Audio)' : 2 channels at 48 kHz using 32 bits per sample (channel mask 0x3)
[2016.11.11-22.04.04:039][445]LogInit: FAudioDevice initialized.
[2016.11.11-22.04.04:071][445]LogWorld: Game class is 'MainGameMode_C'
[2016.11.11-22.04.04:073][445]LogWorld: Bringing World /Game/Levels/UEDPIE_0_Mainlevel.Mainlevel up for play (max tick rate 0) at 2016.11.11-23.04.04
[2016.11.11-22.04.04:073][445]LogWorld: Bringing up level for play took: 0.001607
[2016.11.11-22.04.04:074][445]LogGameMode:Display: Match State Changed from EnteringMap to WaitingToStart
[2016.11.11-22.04.04:074][445]LogGameState: Match State Changed from EnteringMap to WaitingToStart
[2016.11.11-22.04.04:074][445]LogGameMode:Display: Match State Changed from WaitingToStart to InProgress
[2016.11.11-22.04.04:075][445]LogGameState: Match State Changed from WaitingToStart to InProgress
[2016.11.11-22.04.04:075][445]PIE: Info Play in editor start time for /Game/Levels/UEDPIE_0_Mainlevel -0.094
[2016.11.11-22.04.14:255][649]LogActorComponent: UnregisterComponent: (/Engine/Transient.EditorFloorComp) Not registered. Aborting.
[2016.11.11-22.05.35:273][238]BlueprintLog: New page: Compile MainCharacter
[2016.11.11-22.05.37:168][418]LogPlayLevel: PlayLevel: No blueprints needed recompiling
[2016.11.11-22.05.37:168][418]PIE: New page: PIE session: Mainlevel (12 Nov 2016 12:05:37 am)
[2016.11.11-22.05.37:168][418]LogPlayLevel: Creating play world package: /Game/Levels/UEDPIE_0_Mainlevel
[2016.11.11-22.05.37:170][418]LogPlayLevel: PIE: StaticDuplicateObject took: (0.001749s)
[2016.11.11-22.05.37:170][418]LogAIModule: Creating AISystem for world Mainlevel
[2016.11.11-22.05.37:171][418]LogPlayLevel: PIE: World Init took: (0.000847s)
[2016.11.11-22.05.37:171][418]LogPlayLevel: PIE: Created PIE world by copying editor world from /Game/Levels/Mainlevel.Mainlevel to /Game/Levels/UEDPIE_0_Mainlevel.Mainlevel (0.002805s)
[2016.11.11-22.05.37:197][418]LogInit: XAudio2 using 'Lautsprecher (Realtek High Definition Audio)' : 2 channels at 48 kHz using 32 bits per sample (channel mask 0x3)
[2016.11.11-22.05.37:207][418]LogInit: FAudioDevice initialized.
[2016.11.11-22.05.37:238][418]LogWorld: Game class is 'MainGameMode_C'
[2016.11.11-22.05.37:240][418]LogWorld: Bringing World /Game/Levels/UEDPIE_0_Mainlevel.Mainlevel up for play (max tick rate 0) at 2016.11.11-23.05.37
[2016.11.11-22.05.37:241][418]LogWorld: Bringing up level for play took: 0.001604
[2016.11.11-22.05.37:241][418]LogGameMode:Display: Match State Changed from EnteringMap to WaitingToStart
[2016.11.11-22.05.37:242][418]LogGameState: Match State Changed from EnteringMap to WaitingToStart
[2016.11.11-22.05.37:242][418]LogGameMode:Display: Match State Changed from WaitingToStart to InProgress
[2016.11.11-22.05.37:242][418]LogGameState: Match State Changed from WaitingToStart to InProgress
[2016.11.11-22.05.37:242][418]PIE: Info Play in editor start time for /Game/Levels/UEDPIE_0_Mainlevel 1.074
[2016.11.11-22.05.52:123][191]LogEditorViewport: Clicking on Actor (LMB): StaticMeshActor (Floor)
[2016.11.11-22.05.56:036][629]LogPlayLevel: PlayLevel: No blueprints needed recompiling
[2016.11.11-22.05.56:036][629]PIE: New page: PIE session: Mainlevel (12 Nov 2016 12:05:56 am)
[2016.11.11-22.05.56:037][629]LogPlayLevel: Creating play world package: /Game/Levels/UEDPIE_0_Mainlevel
[2016.11.11-22.05.56:038][629]LogPlayLevel: PIE: StaticDuplicateObject took: (0.001627s)
[2016.11.11-22.05.56:039][629]LogAIModule: Creating AISystem for world Mainlevel
[2016.11.11-22.05.56:039][629]LogPlayLevel: PIE: World Init took: (0.000862s)
[2016.11.11-22.05.56:039][629]LogPlayLevel: PIE: Created PIE world by copying editor world from /Game/Levels/Mainlevel.Mainlevel to /Game/Levels/UEDPIE_0_Mainlevel.Mainlevel (0.002669s)
[2016.11.11-22.05.56:061][629]LogInit: XAudio2 using 'Lautsprecher (Realtek High Definition Audio)' : 2 channels at 48 kHz using 32 bits per sample (channel mask 0x3)
[2016.11.11-22.05.56:071][629]LogInit: FAudioDevice initialized.
[2016.11.11-22.05.56:099][629]LogWorld: Game class is 'MainGameMode_C'
[2016.11.11-22.05.56:101][629]LogWorld: Bringing World /Game/Levels/UEDPIE_0_Mainlevel.Mainlevel up for play (max tick rate 0) at 2016.11.11-23.05.56
[2016.11.11-22.05.56:101][629]LogWorld: Bringing up level for play took: 0.001559
[2016.11.11-22.05.56:102][629]LogGameMode:Display: Match State Changed from EnteringMap to WaitingToStart
[2016.11.11-22.05.56:102][629]LogGameState: Match State Changed from EnteringMap to WaitingToStart
[2016.11.11-22.05.56:102][629]LogGameMode:Display: Match State Changed from WaitingToStart to InProgress
[2016.11.11-22.05.56:103][629]LogGameState: Match State Changed from WaitingToStart to InProgress
[2016.11.11-22.05.56:103][629]PIE: Info Play in editor start time for /Game/Levels/UEDPIE_0_Mainlevel -0.066
[2016.11.11-22.07.19:261][296]Cmd: OBJ SAVEPACKAGE PACKAGE="/Game/Blueprints/MainCharacter" FILE="../../../../../../Users/dollon/Documents/Unreal Projects/Revolver_Rouge/Content/Blueprints/MainCharacter.uasset" SILENT=true
[2016.11.11-22.07.19:295][296]LogSavePackage: Save=24.80ms
[2016.11.11-22.07.19:295][296]LogSavePackage: Moving '../../../../../../Users/dollon/Documents/Unreal Projects/Revolver_Rouge/Saved/MainCharacter7DFD635B4177A54DB88CB390F388ADD3.tmp' to '../../../../../../Users/dollon/Documents/Unreal Projects/Revolver_Rouge/Content/Blueprints/MainCharacter.uasset'
[2016.11.11-22.07.19:303][296]LogSavePackage:Display: Finished SavePackage ../../../../../../Users/dollon/Documents/Unreal Projects/Revolver_Rouge/Content/Blueprints/MainCharacter.uasset
[2016.11.11-22.07.19:385][296]LogSavePackage: Save=16.48ms
[2016.11.11-22.07.19:386][296]LogSavePackage: Moving '../../../../../../Users/dollon/Documents/Unreal Projects/Revolver_Rouge/Saved/MainlevelC9B5A0144A990225B2D0149A0127C15F.tmp' to '../../../../../../Users/dollon/Documents/Unreal Projects/Revolver_Rouge/Content/Levels/Mainlevel.umap'
[2016.11.11-22.07.19:394][296]LogSavePackage:Display: Finished SavePackage ../../../../../../Users/dollon/Documents/Unreal Projects/Revolver_Rouge/Content/Levels/Mainlevel.umap
[2016.11.11-22.07.19:421][296]LogFileHelpers: Saving map 'Mainlevel' took 0.116
[2016.11.11-22.07.19:734][297]Cmd: QUIT_EDITOR
[2016.11.11-22.07.20:064][297]LogWindowsTextInputMethodSystem:Display: IME system now deactivated.
[2016.11.11-22.07.20:087][297]LogExit: Preparing to exit.
[2016.11.11-22.07.20:442][297]LogDirectoryWatcher: A directory notification for 'C:/Users/dollon/Documents/Unreal Projects/Revolver_Rouge/Content/' was aborted.
[2016.11.11-22.07.20:513][297]LogExit: Editor shut down
[2016.11.11-22.07.20:514][297]LogExit: Transaction tracking system shut down
[2016.11.11-22.07.20:684][297]LogObj: Freed 0b from 0 cluster array pools.
[2016.11.11-22.07.20:684][297]LogExit: Object subsystem successfully closed.
[2016.11.11-22.07.20:704][297]LogD3D11RHI: Shutdown
[2016.11.11-22.07.20:704][297]LogD3D11RHI: CleanupD3DDevice
[2016.11.11-22.07.20:772][297]LogD3D11RHI: ~FD3D11DynamicRHI
[2016.11.11-22.07.20:786][297]LogModuleManager: Shutting down and abandoning module BlueprintGraph (237)
[2016.11.11-22.07.20:786][297]LogModuleManager: Shutting down and abandoning module BlueprintProfiler (236)
[2016.11.11-22.07.20:786][297]LogModuleManager: Shutting down and abandoning module MovieSceneCapture (235)
[2016.11.11-22.07.20:786][297]LogModuleManager: Shutting down and abandoning module ExternalImagePicker (234)
[2016.11.11-22.07.20:786][297]LogModuleManager: Shutting down and abandoning module HierarchicalLODOutliner (233)
[2016.11.11-22.07.20:786][297]LogModuleManager: Shutting down and abandoning module CrashTracker (232)
[2016.11.11-22.07.20:787][297]LogModuleManager: Shutting down and abandoning module SceneOutliner (231)
[2016.11.11-22.07.20:787][297]LogModuleManager: Shutting down and abandoning module WidgetCarousel (230)
[2016.11.11-22.07.20:787][297]LogModuleManager: Shutting down and abandoning module AddContentDialog (229)
[2016.11.11-22.07.20:787][297]LogDirectoryWatcher: A directory notification for 'C:/Program Files (x86)/Epic Games/4.13/FeaturePacks/' was aborted.
[2016.11.11-22.07.20:792][297]LogModuleManager: Shutting down and abandoning module GameplayTags (228)
[2016.11.11-22.07.20:792][297]LogModuleManager: Shutting down and abandoning module EditorWidgets (227)
[2016.11.11-22.07.20:792][297]LogModuleManager: Shutting down and abandoning module CollectionManager (226)
[2016.11.11-22.07.20:792][297]LogDirectoryWatcher: A directory notification for 'C:/Users/dollon/Documents/Unreal Projects/Revolver_Rouge/Content/Collections/' was aborted.
[2016.11.11-22.07.20:792][297]LogDirectoryWatcher: A directory notification for 'C:/Users/dollon/Documents/Unreal Projects/Revolver_Rouge/Content/Developers/dollon/Collections/' was aborted.
[2016.11.11-22.07.20:792][297]LogDirectoryWatcher: A directory notification for 'C:/Users/dollon/Documents/Unreal Projects/Revolver_Rouge/Saved/Collections/' was aborted.
[2016.11.11-22.07.20:792][297]LogModuleManager: Shutting down and abandoning module StatsViewer (225)
[2016.11.11-22.07.20:792][297]LogModuleManager: Shutting down and abandoning module FoliageEdit (224)
[2016.11.11-22.07.20:792][297]LogModuleManager: Shutting down and abandoning module LandscapeEditor (223)
[2016.11.11-22.07.20:793][297]LogModuleManager: Shutting down and abandoning module SceneDepthPickerMode (222)
[2016.11.11-22.07.20:793][297]LogModuleManager: Shutting down and abandoning module ActorPickerMode (221)
[2016.11.11-22.07.20:793][297]LogModuleManager: Shutting down and abandoning module GeometryMode (220)
[2016.11.11-22.07.20:793][297]LogModuleManager: Shutting down and abandoning module TextureAlignMode (219)
[2016.11.11-22.07.20:793][297]LogModuleManager: Shutting down and abandoning module BspMode (218)
[2016.11.11-22.07.20:793][297]LogModuleManager: Shutting down and abandoning module HardwareSurvey (217)
[2016.11.11-22.07.20:793][297]LogModuleManager: Shutting down and abandoning module SequenceRecorderSections (216)
[2016.11.11-22.07.20:793][297]LogModuleManager: Shutting down and abandoning module SequenceRecorder (215)
[2016.11.11-22.07.20:793][297]LogModuleManager: Shutting down and abandoning module AutomationWorker (214)
[2016.11.11-22.07.20:793][297]LogModuleManager: Shutting down and abandoning module MatineeToLevelSequence (213)
[2016.11.11-22.07.20:793][297]LogModuleManager: Shutting down and abandoning module PlacementMode (212)
[2016.11.11-22.07.20:793][297]LogModuleManager: Shutting down and abandoning module LevelSequenceEditor (211)
[2016.11.11-22.07.20:793][297]LogModuleManager: Shutting down and abandoning module WmfMediaFactory (210)
[2016.11.11-22.07.20:793][297]LogModuleManager: Shutting down and abandoning module WmfMediaEditor (209)
[2016.11.11-22.07.20:793][297]LogModuleManager: Shutting down and abandoning module AvfMediaFactory (208)
[2016.11.11-22.07.20:793][297]LogModuleManager: Shutting down and abandoning module AvfMediaEditor (207)
[2016.11.11-22.07.20:793][297]LogModuleManager: Shutting down and abandoning module Media (206)
[2016.11.11-22.07.20:793][297]LogModuleManager: Shutting down and abandoning module AndroidMediaFactory (205)
[2016.11.11-22.07.20:793][297]LogModuleManager: Shutting down and abandoning module AndroidMediaEditor (204)
[2016.11.11-22.07.20:793][297]LogModuleManager: Shutting down and abandoning module CharacterAI (203)
[2016.11.11-22.07.20:793][297]LogModuleManager: Shutting down and abandoning module SmartSnapping (202)
[2016.11.11-22.07.20:793][297]LogModuleManager: Shutting down and abandoning module SessionServices (201)
[2016.11.11-22.07.20:793][297]LogModuleManager: Shutting down and abandoning module ViewportSnapping (200)
[2016.11.11-22.07.20:793][297]LogModuleManager: Shutting down and abandoning module ViewportInteraction (199)
[2016.11.11-22.07.20:793][297]LogModuleManager: Shutting down and abandoning module LogVisualizer (198)
[2016.11.11-22.07.20:793][297]LogModuleManager: Shutting down and abandoning module GameProjectGeneration (197)
[2016.11.11-22.07.20:793][297]LogModuleManager: Shutting down and abandoning module IntroTutorials (196)
[2016.11.11-22.07.20:793][297]LogModuleManager: Shutting down and abandoning module EditorLiveStreaming (195)
[2016.11.11-22.07.20:793][297]LogModuleManager: Shutting down and abandoning module IOSPlatformEditor (194)
[2016.11.11-22.07.20:793][297]LogModuleManager: Shutting down and abandoning module HTML5PlatformEditor (193)
[2016.11.11-22.07.20:793][297]LogModuleManager: Shutting down and abandoning module AndroidDeviceDetection (192)
[2016.11.11-22.07.21:243][297]LogModuleManager: Shutting down and abandoning module AndroidPlatformEditor (191)
[2016.11.11-22.07.21:243][297]LogModuleManager: Shutting down and abandoning module IOSRuntimeSettings (190)
[2016.11.11-22.07.21:243][297]LogModuleManager: Shutting down and abandoning module AndroidRuntimeSettings (189)
[2016.11.11-22.07.21:243][297]LogModuleManager: Shutting down and abandoning module NiagaraEditor (188)
[2016.11.11-22.07.21:243][297]LogModuleManager: Shutting down and abandoning module MergeActors (187)
[2016.11.11-22.07.21:243][297]LogModuleManager: Shutting down and abandoning module SizeMap (186)
[2016.11.11-22.07.21:243][297]LogModuleManager: Shutting down and abandoning module TreeMap (185)
[2016.11.11-22.07.21:243][297]LogModuleManager: Shutting down and abandoning module ReferenceViewer (184)
[2016.11.11-22.07.21:243][297]LogModuleManager: Shutting down and abandoning module LocalizationService (183)
[2016.11.11-22.07.21:243][297]LogModuleManager: Shutting down and abandoning module LocalizationDashboard (182)
[2016.11.11-22.07.21:243][297]LogModuleManager: Shutting down and abandoning module HardwareTargeting (181)
[2016.11.11-22.07.21:243][297]LogModuleManager: Shutting down and abandoning module DeviceProfileEditor (180)
[2016.11.11-22.07.21:243][297]LogModuleManager: Shutting down and abandoning module UndoHistory (179)
[2016.11.11-22.07.21:243][297]LogModuleManager: Shutting down and abandoning module UserFeedback (178)
[2016.11.11-22.07.21:243][297]LogModuleManager: Shutting down and abandoning module XmlParser (177)
[2016.11.11-22.07.21:243][297]LogModuleManager: Shutting down and abandoning module Blutility (176)
[2016.11.11-22.07.21:243][297]LogModuleManager: Shutting down and abandoning module ProjectTargetPlatformEditor (175)
[2016.11.11-22.07.21:243][297]LogModuleManager: Shutting down and abandoning module ProjectSettingsViewer (174)
[2016.11.11-22.07.21:243][297]LogModuleManager: Shutting down and abandoning module InputBindingEditor (173)
[2016.11.11-22.07.21:244][297]LogModuleManager: Shutting down and abandoning module EditorSettingsViewer (172)
[2016.11.11-22.07.21:244][297]LogModuleManager: Shutting down and abandoning module SettingsEditor (171)
[2016.11.11-22.07.21:244][297]LogModuleManager: Shutting down and abandoning module ProjectLauncher (170)
[2016.11.11-22.07.21:244][297]LogModuleManager: Shutting down and abandoning module SessionFrontend (169)
[2016.11.11-22.07.21:244][297]LogModuleManager: Shutting down and abandoning module ProfilerClient (168)
[2016.11.11-22.07.21:244][297]LogModuleManager: Shutting down and abandoning module TargetDeviceServices (167)
[2016.11.11-22.07.21:244][297]LogModuleManager: Shutting down and abandoning module DeviceManager (166)
[2016.11.11-22.07.21:297][297]LogModuleManager: Shutting down and abandoning module AutomationController (165)
[2016.11.11-22.07.21:297][297]LogModuleManager: Shutting down and abandoning module AutomationWindow (164)
[2016.11.11-22.07.21:297][297]LogModuleManager: Shutting down and abandoning module Layers (163)
[2016.11.11-22.07.21:297][297]LogModuleManager: Shutting down and abandoning module ComponentVisualizers (162)
[2016.11.11-22.07.21:297][297]LogModuleManager: Shutting down and abandoning module DetailCustomizations (161)
[2016.11.11-22.07.21:297][297]LogModuleManager: Shutting down and abandoning module PackagesDialog (160)
[2016.11.11-22.07.21:297][297]LogModuleManager: Shutting down and abandoning module AnimGraph (159)
[2016.11.11-22.07.21:297][297]LogModuleManager: Shutting down and abandoning module Persona (158)
[2016.11.11-22.07.21:297][297]LogModuleManager: Shutting down and abandoning module Kismet (157)
[2016.11.11-22.07.21:301][297]LogModuleManager: Shutting down and abandoning module GraphEditor (156)
[2016.11.11-22.07.21:301][297]LogModuleManager: Shutting down and abandoning module ClassViewer (155)
[2016.11.11-22.07.21:302][297]LogModuleManager: Shutting down and abandoning module Toolbox (154)
[2016.11.11-22.07.21:302][297]LogModuleManager: Shutting down and abandoning module ModuleUI (153)
[2016.11.11-22.07.21:302][297]LogModuleManager: Shutting down and abandoning module MovieSceneTools (152)
[2016.11.11-22.07.21:302][297]LogModuleManager: Shutting down and abandoning module OutputLog (151)
[2016.11.11-22.07.21:302][297]LogModuleManager: Shutting down and abandoning module GammaUI (150)
[2016.11.11-22.07.21:302][297]LogModuleManager: Shutting down and abandoning module Documentation (149)
[2016.11.11-22.07.21:302][297]LogModuleManager: Shutting down and abandoning module Niagara (148)
[2016.11.11-22.07.21:302][297]LogModuleManager: Shutting down and abandoning module StreamingPauseRendering (147)
[2016.11.11-22.07.21:302][297]LogModuleManager: Shutting down and abandoning module AnalyticsET (146)
[2016.11.11-22.07.21:302][297]LogModuleManager: Shutting down and abandoning module PortalServices (145)
[2016.11.11-22.07.21:302][297]LogModuleManager: Shutting down and abandoning module PortalRpc (144)
[2016.11.11-22.07.21:302][297]LogModuleManager: Shutting down and abandoning module MessagingRpc (143)
[2016.11.11-22.07.21:302][297]LogModuleManager: Shutting down and abandoning module GameplayDebugger (142)
[2016.11.11-22.07.21:302][297]LogModuleManager: Shutting down and abandoning module AITestSuite (141)
[2016.11.11-22.07.21:302][297]LogModuleManager: Shutting down and abandoning module AIModule (140)
[2016.11.11-22.07.21:302][297]LogModuleManager: Shutting down and abandoning module ProfilerService (139)
[2016.11.11-22.07.21:393][297]LogModuleManager: Shutting down and abandoning module TaskGraph (138)
[2016.11.11-22.07.21:393][297]LogModuleManager: Shutting down and abandoning module SlateRemote (137)
[2016.11.11-22.07.21:393][297]LogModuleManager: Shutting down and abandoning module SteamVRController (136)
[2016.11.11-22.07.21:393][297]LogModuleManager: Shutting down and abandoning module SteamVR (135)
[2016.11.11-22.07.21:393][297]LogModuleManager: Shutting down and abandoning module ProceduralMeshComponentEditor (134)
[2016.11.11-22.07.21:393][297]LogModuleManager: Shutting down and abandoning module ProceduralMeshComponent (133)
[2016.11.11-22.07.21:393][297]LogModuleManager: Shutting down and abandoning module OculusLibrary (132)
[2016.11.11-22.07.21:393][297]LogModuleManager: Shutting down and abandoning module OculusInput (131)
[2016.11.11-22.07.21:393][297]LogModuleManager: Shutting down and abandoning module CustomMeshComponent (130)
[2016.11.11-22.07.21:393][297]LogModuleManager: Shutting down and abandoning module CableComponent (129)
[2016.11.11-22.07.21:393][297]LogModuleManager: Shutting down and abandoning module ArchVisCharacter (128)
[2016.11.11-22.07.21:393][297]LogModuleManager: Shutting down and abandoning module MediaPlayerEditor (126)
[2016.11.11-22.07.21:394][297]LogModuleManager: Shutting down and abandoning module HTML5Networking (125)
[2016.11.11-22.07.21:394][297]LogModuleManager: Shutting down and abandoning module GeometryCacheEd (124)
[2016.11.11-22.07.21:394][297]LogModuleManager: Shutting down and abandoning module GeometryCache (123)
[2016.11.11-22.07.21:394][297]LogModuleManager: Shutting down and abandoning module AlembicLibrary (122)
[2016.11.11-22.07.21:394][297]LogModuleManager: Shutting down and abandoning module AlembicImporter (121)
[2016.11.11-22.07.21:394][297]LogModuleManager: Shutting down and abandoning module SuperSearch (120)
[2016.11.11-22.07.21:394][297]LogModuleManager: Shutting down and abandoning module SuperSearchEditor (119)
[2016.11.11-22.07.21:394][297]LogModuleManager: Shutting down and abandoning module SpeedTreeImporter (118)
[2016.11.11-22.07.21:394][297]LogModuleManager: Shutting down and abandoning module PluginBrowser (117)
[2016.11.11-22.07.21:394][297]LogModuleManager: Shutting down and abandoning module MobileLauncherProfileWizard (116)
[2016.11.11-22.07.21:394][297]LogModuleManager: Shutting down and abandoning module EpicSurvey (115)
[2016.11.11-22.07.21:394][297]LogModuleManager: Shutting down and abandoning module DesktopPlatform (114)
[2016.11.11-22.07.21:394][297]LogModuleManager: Shutting down and abandoning module VisualStudioSourceCodeAccess (113)
[2016.11.11-22.07.21:394][297]LogModuleManager: Shutting down and abandoning module UObjectPlugin (112)
[2016.11.11-22.07.21:394][297]LogModuleManager: Shutting down and abandoning module SubversionSourceControl (111)
[2016.11.11-22.07.21:394][297]LogModuleManager: Shutting down and abandoning module PerforceSourceControl (110)
[2016.11.11-22.07.21:394][297]LogModuleManager: Shutting down and abandoning module SourceControl (109)
[2016.11.11-22.07.21:394][297]LogModuleManager: Shutting down and abandoning module GitSourceControl (108)
[2016.11.11-22.07.21:394][297]LogModuleManager: Shutting down and abandoning module LightPropagationVolumeEditor (107)
[2016.11.11-22.07.21:394][297]LogModuleManager: Shutting down and abandoning module PaperTiledImporter (106)
[2016.11.11-22.07.21:394][297]LogModuleManager: Shutting down and abandoning module PaperSpriteSheetImporter (105)
[2016.11.11-22.07.21:394][297]LogModuleManager: Shutting down and abandoning module MeshPaint (104)
[2016.11.11-22.07.21:394][297]LogModuleManager: Shutting down and abandoning module FbxAutomationBuilderModule (103)
[2016.11.11-22.07.21:394][297]LogModuleManager: Shutting down and abandoning module PixelInspectorModule (102)
[2016.11.11-22.07.21:394][297]LogModuleManager: Shutting down and abandoning module HotReload (101)
[2016.11.11-22.07.21:395][297]LogModuleManager: Shutting down and abandoning module MainFrame (100)
[2016.11.11-22.07.21:395][297]LogModuleManager: Shutting down and abandoning module LevelEditor (99)
[2016.11.11-22.07.21:397][297]LogModuleManager: Shutting down and abandoning module ContentBrowser (98)
[2016.11.11-22.07.21:398][297]LogModuleManager: Shutting down and abandoning module Paper2DEditor (97)
[2016.11.11-22.07.21:398][297]LogModuleManager: Shutting down and abandoning module UdpMessaging (96)
[2016.11.11-22.07.21:499][297]LogModuleManager: Shutting down and abandoning module TcpMessaging (95)
[2016.11.11-22.07.21:599][297]LogModuleManager: Shutting down and abandoning module LightPropagationVolumeRuntime (94)
[2016.11.11-22.07.21:599][297]LogModuleManager: Shutting down and abandoning module Paper2D (93)
[2016.11.11-22.07.21:599][297]LogModuleManager: Shutting down and abandoning module WindowsMoviePlayer (92)
[2016.11.11-22.07.21:599][297]LogModuleManager: Shutting down and abandoning module WmfMedia (91)
[2016.11.11-22.07.21:600][297]LogModuleManager: Shutting down and abandoning module MediaAssets (90)
[2016.11.11-22.07.21:600][297]LogModuleManager: Shutting down and abandoning module GameLiveStreaming (89)
[2016.11.11-22.07.21:600][297]LogModuleManager: Shutting down and abandoning module GameplayTagsEditor (88)
[2016.11.11-22.07.21:600][297]LogModuleManager: Shutting down and abandoning module VREditor (87)
[2016.11.11-22.07.21:600][297]LogModuleManager: Shutting down and abandoning module GameplayTasksEditor (86)
[2016.11.11-22.07.21:600][297]LogModuleManager: Shutting down and abandoning module PropertyEditor (85)
[2016.11.11-22.07.21:600][297]LogModuleManager: Shutting down and abandoning module BehaviorTreeEditor (84)
[2016.11.11-22.07.21:600][297]LogModuleManager: Shutting down and abandoning module FunctionalTesting (83)
[2016.11.11-22.07.21:600][297]LogModuleManager: Shutting down and abandoning module CollisionAnalyzer (82)
[2016.11.11-22.07.21:600][297]LogModuleManager: Shutting down and abandoning module Sequencer (81)
[2016.11.11-22.07.21:600][297]LogModuleManager: Shutting down and abandoning module WorkspaceMenuStructure (80)
[2016.11.11-22.07.21:600][297]LogModuleManager: Shutting down and abandoning module MessageLog (79)
[2016.11.11-22.07.21:600][297]LogModuleManager: Shutting down and abandoning module AssetTools (78)
[2016.11.11-22.07.21:600][297]LogModuleManager: Shutting down and abandoning module UMGEditor (77)
[2016.11.11-22.07.21:600][297]LogModuleManager: Shutting down and abandoning module UMG (76)
[2016.11.11-22.07.21:600][297]LogModuleManager: Shutting down and abandoning module SlateReflector (75)
[2016.11.11-22.07.21:600][297]LogModuleManager: Shutting down and abandoning module Slate (74)
[2016.11.11-22.07.21:600][297]LogModuleManager: Shutting down and abandoning module EditorStyle (73)
[2016.11.11-22.07.21:602][297]LogModuleManager: Shutting down and abandoning module SourceCodeAccess (72)
[2016.11.11-22.07.21:602][297]LogModuleManager: Shutting down and abandoning module HeadMountedDisplay (71)
[2016.11.11-22.07.21:602][297]LogModuleManager: Shutting down and abandoning module XAudio2 (70)
[2016.11.11-22.07.21:602][297]LogModuleManager: Shutting down and abandoning module Networking (68)
[2016.11.11-22.07.21:602][297]LogModuleManager: Shutting down and abandoning module Core (67)
[2016.11.11-22.07.21:602][297]LogModuleManager: Shutting down and abandoning module DirectoryWatcher (66)
[2016.11.11-22.07.21:602][297]LogDirectoryWatcher: A directory notification for '../../../Engine/Content/' was aborted.
[2016.11.11-22.07.21:603][297]LogDirectoryWatcher: A directory notification for '../../../../../../Users/dollon/Documents/Unreal Projects/Revolver_Rouge/Content/' was aborted.
[2016.11.11-22.07.21:604][297]LogDirectoryWatcher: A directory notification for '../../../Engine/Plugins/2D/Paper2D/Content/' was aborted.
[2016.11.11-22.07.21:607][297]LogModuleManager: Shutting down and abandoning module AssetRegistry (65)
[2016.11.11-22.07.21:701][297]LogModuleManager: Shutting down and abandoning module KismetCompiler (64)
[2016.11.11-22.07.21:701][297]LogModuleManager: Shutting down and abandoning module PhysXFormats (63)
[2016.11.11-22.07.21:701][297]LogModuleManager: Shutting down and abandoning module MeshUtilities (62)
[2016.11.11-22.07.21:701][297]LogModuleManager: Shutting down and abandoning module DerivedDataCache (61)
[2016.11.11-22.07.21:777][297]LogDerivedDataCache: Shutdown
[2016.11.11-22.07.21:777][297]LogModuleManager: Shutting down and abandoning module VulkanShaderFormat (60)
[2016.11.11-22.07.21:777][297]LogModuleManager: Shutting down and abandoning module ShaderFormatOpenGL (59)
[2016.11.11-22.07.21:777][297]LogModuleManager: Shutting down and abandoning module ShaderFormatD3D (58)
[2016.11.11-22.07.21:777][297]LogModuleManager: Shutting down and abandoning module MetalShaderFormat (57)
[2016.11.11-22.07.21:777][297]LogModuleManager: Shutting down and abandoning module TextureFormatUncompressed (56)
[2016.11.11-22.07.21:777][297]LogModuleManager: Shutting down and abandoning module TextureFormatPVR (55)
[2016.11.11-22.07.21:777][297]LogModuleManager: Shutting down and abandoning module TextureFormatDXT (54)
[2016.11.11-22.07.21:777][297]LogModuleManager: Shutting down and abandoning module TextureFormatIntelISPCTexComp (53)
[2016.11.11-22.07.21:777][297]LogModuleManager: Shutting down and abandoning module ImageWrapper (52)
[2016.11.11-22.07.21:777][297]LogModuleManager: Shutting down and abandoning module TextureFormatASTC (51)
[2016.11.11-22.07.21:777][297]LogModuleManager: Shutting down and abandoning module TextureFormatAndroid (50)
[2016.11.11-22.07.21:777][297]LogModuleManager: Shutting down and abandoning module AudioFormatOpus (49)
[2016.11.11-22.07.21:777][297]LogModuleManager: Shutting down and abandoning module AudioFormatOgg (48)
[2016.11.11-22.07.21:777][297]LogModuleManager: Shutting down and abandoning module AudioFormatADPCM (47)
[2016.11.11-22.07.21:778][297]LogModuleManager: Shutting down and abandoning module LinuxTargetPlatform (46)
[2016.11.11-22.07.21:778][297]LogModuleManager: Shutting down and abandoning module LinuxServerTargetPlatform (45)
[2016.11.11-22.07.21:778][297]LogModuleManager: Shutting down and abandoning module LinuxNoEditorTargetPlatform (44)
[2016.11.11-22.07.21:778][297]LogModuleManager: Shutting down and abandoning module LinuxClientTargetPlatform (43)
[2016.11.11-22.07.21:778][297]LogModuleManager: Shutting down and abandoning module TVOSTargetPlatform (42)
[2016.11.11-22.07.21:778][297]LogModuleManager: Shutting down and abandoning module Messaging (41)
[2016.11.11-22.07.21:778][297]LogModuleManager: Shutting down and abandoning module IOSTargetPlatform (40)
[2016.11.11-22.07.21:778][297]LogModuleManager: Shutting down and abandoning module HTML5TargetPlatform (39)
[2016.11.11-22.07.21:778][297]LogModuleManager: Shutting down and abandoning module Android_PVRTCTargetPlatform (38)
[2016.11.11-22.07.21:778][297]LogModuleManager: Shutting down and abandoning module Android_MultiTargetPlatform (37)
[2016.11.11-22.07.21:778][297]LogModuleManager: Shutting down and abandoning module Android_ETC2TargetPlatform (36)
[2016.11.11-22.07.21:778][297]LogModuleManager: Shutting down and abandoning module Android_ETC1TargetPlatform (35)
[2016.11.11-22.07.21:778][297]LogModuleManager: Shutting down and abandoning module Android_DXTTargetPlatform (34)
[2016.11.11-22.07.21:778][297]LogModuleManager: Shutting down and abandoning module Android_ATCTargetPlatform (33)
[2016.11.11-22.07.21:778][297]LogModuleManager: Shutting down and abandoning module Android_ASTCTargetPlatform (32)
[2016.11.11-22.07.21:778][297]LogModuleManager: Shutting down and abandoning module AndroidTargetPlatform (31)
[2016.11.11-22.07.21:778][297]LogModuleManager: Shutting down and abandoning module WindowsTargetPlatform (30)
[2016.11.11-22.07.21:778][297]LogModuleManager: Shutting down and abandoning module WindowsServerTargetPlatform (29)
[2016.11.11-22.07.21:778][297]LogModuleManager: Shutting down and abandoning module WindowsNoEditorTargetPlatform (28)
[2016.11.11-22.07.21:778][297]LogModuleManager: Shutting down and abandoning module WindowsClientTargetPlatform (27)
[2016.11.11-22.07.21:778][297]LogModuleManager: Shutting down and abandoning module AllDesktopTargetPlatform (26)
[2016.11.11-22.07.21:778][297]LogModuleManager: Shutting down and abandoning module TargetPlatform (25)
[2016.11.11-22.07.21:778][297]LogModuleManager: Shutting down and abandoning module InputCore (24)
[2016.11.11-22.07.21:778][297]LogModuleManager: Shutting down and abandoning module Settings (23)
[2016.11.11-22.07.21:778][297]LogModuleManager: Shutting down and abandoning module OculusRift (22)
[2016.11.11-22.07.21:778][297]LogModuleManager: Shutting down and abandoning module GearVR (21)
[2016.11.11-22.07.21:778][297]LogModuleManager: Shutting down and abandoning module ExampleDeviceProfileSelector (20)
[2016.11.11-22.07.21:778][297]LogModuleManager: Shutting down and abandoning module OnlineBlueprintSupport (19)
[2016.11.11-22.07.21:778][297]LogModuleManager: Shutting down and abandoning module OnlineSubsystem (17)
[2016.11.11-22.07.21:778][297]LogOnline:Display: Unloading online subsystem: NULL
[2016.11.11-22.07.21:778][297]LogModuleManager: Shutting down and abandoning module HTTP (16)
[2016.11.11-22.07.21:778][297]LogHttp:Display: Http module shutting down, but needs to wait on 1 outstanding Http requests:
[2016.11.11-22.07.21:778][297]LogHttp:Display: 	verb=[POST] url=[https://datarouter.ol.epicgames.com/datarouter/api/v1/public/data?SessionID=%7BBECFDD57-4703-80F9-72E5-C8A97A60135D%7D&AppID=UEEditor.Rocket.Release&AppVersion=4.13.2-3172292%2B%2B%2BUE4%2BRelease-4.13&UserID=49b053a04be1d98eeae1e69d28ff5e91%7Cc9adf02f97d64ff09b83afed0d9c56c9%7C9aedc1bf-8fbb-45c6-87b0-2b78f4cdb3f4&AppEnvironment=datacollector-binary&UploadType=eteventstream] status=Processing
[2016.11.11-22.07.21:801][297]LogModuleManager: Shutting down and abandoning module XMPP (15)
[2016.11.11-22.07.21:801][297]LogModuleManager: Shutting down and abandoning module TextureCompressor (14)
[2016.11.11-22.07.21:801][297]LogModuleManager: Shutting down and abandoning module ShaderCore (13)
[2016.11.11-22.07.21:801][297]LogModuleManager: Shutting down and abandoning module Landscape (12)
[2016.11.11-22.07.21:801][297]LogModuleManager: Shutting down and abandoning module SlateRHIRenderer (11)
[2016.11.11-22.07.21:805][297]LogModuleManager: Shutting down and abandoning module OpenGLDrv (10)
[2016.11.11-22.07.21:805][297]LogModuleManager: Shutting down and abandoning module D3D11RHI (9)
[2016.11.11-22.07.21:805][297]LogModuleManager: Shutting down and abandoning module AnimGraphRuntime (8)
[2016.11.11-22.07.21:805][297]LogModuleManager: Shutting down and abandoning module Renderer (7)
[2016.11.11-22.07.21:805][297]LogModuleManager: Shutting down and abandoning module Engine (6)
[2016.11.11-22.07.21:805][297]LogModuleManager: Shutting down and abandoning module CoreUObject (5)
[2016.11.11-22.07.21:805][297]LogModuleManager: Shutting down and abandoning module NetworkFile (4)
[2016.11.11-22.07.21:805][297]LogModuleManager: Shutting down and abandoning module StreamingFile (3)
[2016.11.11-22.07.21:805][297]LogModuleManager: Shutting down and abandoning module SandboxFile (2)
[2016.11.11-22.07.21:805][297]LogModuleManager: Shutting down and abandoning module PakFile (1)
[2016.11.11-22.07.21:808][297]LogExit: Exiting.
[2016.11.11-22.07.21:811][297]Log file closed, 11/11/16 23:07:21
