Log file open, 11/20/16 07:57:23
LogInit:Display: Running engine without a game
LogPlatformFile: Not using cached read wrapper
LogInit:Display: Loading recent project file: ../../../../../../Users/dollon/Documents/GitHub/Revolverrouge/Revolver_Rouge.uproject
LogInit:Display: RandInit(664922005) SRandInit(664922005).
LogTaskGraph: Started task graph with 5 named threads and 8 total threads with 1 sets of task threads.
LogStats: Stats thread started at 0.073108
LogPluginManager: Loaded Plugin Paper2D, From C:/Program Files (x86)/Epic Games/4.13/Engine/Plugins/2D/Paper2D/Paper2D.uplugin
LogPluginManager: Loaded Plugin LightPropagationVolume, From C:/Program Files (x86)/Epic Games/4.13/Engine/Plugins/Blendables/LightPropagationVolume/LightPropagationVolume.uplugin
LogPluginManager: Loaded Plugin BlankPlugin, From C:/Program Files (x86)/Epic Games/4.13/Engine/Plugins/Developer/BlankPlugin/BlankPlugin.uplugin
LogPluginManager: Loaded Plugin CodeLiteSourceCodeAccess, From C:/Program Files (x86)/Epic Games/4.13/Engine/Plugins/Developer/CodeLiteSourceCodeAccess/CodeLiteSourceCodeAccess.uplugin
LogPluginManager: Loaded Plugin GitSourceControl, From C:/Program Files (x86)/Epic Games/4.13/Engine/Plugins/Developer/GitSourceControl/GitSourceControl.uplugin
LogPluginManager: Loaded Plugin KDevelopSourceCodeAccess, From C:/Program Files (x86)/Epic Games/4.13/Engine/Plugins/Developer/KDevelopSourceCodeAccess/KDevelopSourceCodeAccess.uplugin
LogPluginManager: Loaded Plugin NullSourceCodeAccess, From C:/Program Files (x86)/Epic Games/4.13/Engine/Plugins/Developer/NullSourceCodeAccess/NullSourceCodeAccess.uplugin
LogPluginManager: Loaded Plugin OneSkyLocalizationService, From C:/Program Files (x86)/Epic Games/4.13/Engine/Plugins/Developer/OneSkyLocalizationService/OneSkyLocalizationService.uplugin
LogPluginManager: Loaded Plugin PerforceSourceControl, From C:/Program Files (x86)/Epic Games/4.13/Engine/Plugins/Developer/PerforceSourceControl/PerforceSourceControl.uplugin
LogPluginManager: Loaded Plugin SubversionSourceControl, From C:/Program Files (x86)/Epic Games/4.13/Engine/Plugins/Developer/SubversionSourceControl/SubversionSourceControl.uplugin
LogPluginManager: Loaded Plugin UObjectPlugin, From C:/Program Files (x86)/Epic Games/4.13/Engine/Plugins/Developer/UObjectPlugin/UObjectPlugin.uplugin
LogPluginManager: Loaded Plugin VisualStudioSourceCodeAccess, From C:/Program Files (x86)/Epic Games/4.13/Engine/Plugins/Developer/VisualStudioSourceCodeAccess/VisualStudioSourceCodeAccess.uplugin
LogPluginManager: Loaded Plugin XCodeSourceCodeAccess, From C:/Program Files (x86)/Epic Games/4.13/Engine/Plugins/Developer/XCodeSourceCodeAccess/XCodeSourceCodeAccess.uplugin
LogPluginManager: Loaded Plugin EpicSurvey, From C:/Program Files (x86)/Epic Games/4.13/Engine/Plugins/Editor/EpicSurvey/EpicSurvey.uplugin
LogPluginManager: Loaded Plugin MacGraphicsSwitching, From C:/Program Files (x86)/Epic Games/4.13/Engine/Plugins/Editor/MacGraphicsSwitching/MacGraphicsSwitching.uplugin
LogPluginManager: Loaded Plugin MobileLauncherProfileWizard, From C:/Program Files (x86)/Epic Games/4.13/Engine/Plugins/Editor/MobileLauncherProfileWizard/MobileLauncherProfileWizard.uplugin
LogPluginManager: Loaded Plugin PluginBrowser, From C:/Program Files (x86)/Epic Games/4.13/Engine/Plugins/Editor/PluginBrowser/PluginBrowser.uplugin
LogPluginManager: Loaded Plugin SpeedTreeImporter, From C:/Program Files (x86)/Epic Games/4.13/Engine/Plugins/Editor/SpeedTreeImporter/SpeedTreeImporter.uplugin
LogPluginManager: Loaded Plugin SuperSearchEditor, From C:/Program Files (x86)/Epic Games/4.13/Engine/Plugins/Editor/SuperSearchEditor/SuperSearchEditor.uplugin
LogPluginManager: Loaded Plugin AlembicImporter, From C:/Program Files (x86)/Epic Games/4.13/Engine/Plugins/Experimental/AlembicImporter/AlembicImporter.uplugin
LogPluginManager: Loaded Plugin BlueprintStats, From C:/Program Files (x86)/Epic Games/4.13/Engine/Plugins/Experimental/BlueprintStats/BlueprintStats.uplugin
LogPluginManager: Loaded Plugin CharacterAI, From C:/Program Files (x86)/Epic Games/4.13/Engine/Plugins/Experimental/CharacterAI/CharacterAI.uplugin
LogPluginManager: Loaded Plugin CodeEditor, From C:/Program Files (x86)/Epic Games/4.13/Engine/Plugins/Experimental/CodeEditor/CodeEditor.uplugin
LogPluginManager: Loaded Plugin CodeView, From C:/Program Files (x86)/Epic Games/4.13/Engine/Plugins/Experimental/CodeView/CodeView.uplugin
LogPluginManager: Loaded Plugin HTML5Networking, From C:/Program Files (x86)/Epic Games/4.13/Engine/Plugins/Experimental/HTML5Networking/HTML5Networking.uplugin
LogPluginManager: Loaded Plugin LiveEditor, From C:/Program Files (x86)/Epic Games/4.13/Engine/Plugins/Experimental/LiveEditor/LiveEditor.uplugin
LogPluginManager: Loaded Plugin OSVR, From C:/Program Files (x86)/Epic Games/4.13/Engine/Plugins/Experimental/OSVR/OSVR.uplugin
LogPluginManager: Loaded Plugin Phya, From C:/Program Files (x86)/Epic Games/4.13/Engine/Plugins/Experimental/Phya/Phya.uplugin
LogPluginManager: Loaded Plugin SignificanceManager, From C:/Program Files (x86)/Epic Games/4.13/Engine/Plugins/Experimental/SignificanceManager/SignificanceManager.uplugin
LogPluginManager: Loaded Plugin SimpleHMD, From C:/Program Files (x86)/Epic Games/4.13/Engine/Plugins/Experimental/SimpleHMD/SimpleHMD.uplugin
LogPluginManager: Loaded Plugin StereoPanorama, From C:/Program Files (x86)/Epic Games/4.13/Engine/Plugins/Experimental/StereoPanorama/StereoPanorama.uplugin
LogPluginManager: Loaded Plugin StructBox, From C:/Program Files (x86)/Epic Games/4.13/Engine/Plugins/Experimental/StructBox/StructBox.uplugin
LogPluginManager: Loaded Plugin AndroidMedia, From C:/Program Files (x86)/Epic Games/4.13/Engine/Plugins/Media/AndroidMedia/AndroidMedia.uplugin
LogPluginManager: Loaded Plugin AvfMedia, From C:/Program Files (x86)/Epic Games/4.13/Engine/Plugins/Media/AvfMedia/AvfMedia.uplugin
LogPluginManager: Loaded Plugin MediaPlayerEditor, From C:/Program Files (x86)/Epic Games/4.13/Engine/Plugins/Media/MediaPlayerEditor/MediaPlayerEditor.uplugin
LogPluginManager: Loaded Plugin WmfMedia, From C:/Program Files (x86)/Epic Games/4.13/Engine/Plugins/Media/WmfMedia/WmfMedia.uplugin
LogPluginManager: Loaded Plugin MessagingDebugger, From C:/Program Files (x86)/Epic Games/4.13/Engine/Plugins/Messaging/MessagingDebugger/MessagingDebugger.uplugin
LogPluginManager: Loaded Plugin TcpMessaging, From C:/Program Files (x86)/Epic Games/4.13/Engine/Plugins/Messaging/TcpMessaging/TcpMessaging.uplugin
LogPluginManager: Loaded Plugin UdpMessaging, From C:/Program Files (x86)/Epic Games/4.13/Engine/Plugins/Messaging/UdpMessaging/UdpMessaging.uplugin
LogPluginManager: Loaded Plugin LevelSequenceEditor, From C:/Program Files (x86)/Epic Games/4.13/Engine/Plugins/MovieScene/LevelSequenceEditor/LevelSequenceEditor.uplugin
LogPluginManager: Loaded Plugin MatineeToLevelSequence, From C:/Program Files (x86)/Epic Games/4.13/Engine/Plugins/MovieScene/MatineeToLevelSequence/MatineeToLevelSequence.uplugin
LogPluginManager: Loaded Plugin NetcodeUnitTest, From C:/Program Files (x86)/Epic Games/4.13/Engine/Plugins/NetcodeUnitTest/NetcodeUnitTest/NetcodeUnitTest.uplugin
LogPluginManager: Loaded Plugin NUTUnrealEngine4, From C:/Program Files (x86)/Epic Games/4.13/Engine/Plugins/NetcodeUnitTest/NUTUnrealEngine4/NUTUnrealEngine4.uplugin
LogPluginManager: Loaded Plugin OnlineSubsystemGooglePlay, From C:/Program Files (x86)/Epic Games/4.13/Engine/Plugins/Online/Android/OnlineSubsystemGooglePlay/OnlineSubsystemGooglePlay.uplugin
LogPluginManager: Loaded Plugin OnlineSubsystemIOS, From C:/Program Files (x86)/Epic Games/4.13/Engine/Plugins/Online/IOS/OnlineSubsystemIOS/OnlineSubsystemIOS.uplugin
LogPluginManager: Loaded Plugin OnlineFramework, From C:/Program Files (x86)/Epic Games/4.13/Engine/Plugins/Online/OnlineFramework/OnlineFramework.uplugin
LogPluginManager: Loaded Plugin OnlineSubsystem, From C:/Program Files (x86)/Epic Games/4.13/Engine/Plugins/Online/OnlineSubsystem/OnlineSubsystem.uplugin
LogPluginManager: Loaded Plugin OnlineSubsystemAmazon, From C:/Program Files (x86)/Epic Games/4.13/Engine/Plugins/Online/OnlineSubsystemAmazon/OnlineSubsystemAmazon.uplugin
LogPluginManager: Loaded Plugin OnlineSubsystemFacebook, From C:/Program Files (x86)/Epic Games/4.13/Engine/Plugins/Online/OnlineSubsystemFacebook/OnlineSubsystemFacebook.uplugin
LogPluginManager: Loaded Plugin OnlineSubsystemNull, From C:/Program Files (x86)/Epic Games/4.13/Engine/Plugins/Online/OnlineSubsystemNull/OnlineSubsystemNull.uplugin
LogPluginManager: Loaded Plugin OnlineSubsystemOculus, From C:/Program Files (x86)/Epic Games/4.13/Engine/Plugins/Online/OnlineSubsystemOculus/OnlineSubsystemOculus.uplugin
LogPluginManager: Loaded Plugin OnlineSubsystemSteam, From C:/Program Files (x86)/Epic Games/4.13/Engine/Plugins/Online/OnlineSubsystemSteam/OnlineSubsystemSteam.uplugin
LogPluginManager: Loaded Plugin OnlineSubsystemUtils, From C:/Program Files (x86)/Epic Games/4.13/Engine/Plugins/Online/OnlineSubsystemUtils/OnlineSubsystemUtils.uplugin
LogPluginManager: Loaded Plugin IOSTapJoy, From C:/Program Files (x86)/Epic Games/4.13/Engine/Plugins/Runtime/Advertising/IOSTapJoy/IOSTapJoy.uplugin
LogPluginManager: Loaded Plugin AnalyticsBlueprintLibrary, From C:/Program Files (x86)/Epic Games/4.13/Engine/Plugins/Runtime/Analytics/AnalyticsBlueprintLibrary/AnalyticsBlueprintLibrary.uplugin
LogPluginManager: Loaded Plugin AnalyticsMulticast, From C:/Program Files (x86)/Epic Games/4.13/Engine/Plugins/Runtime/Analytics/AnalyticsMulticast/AnalyticsMulticast.uplugin
LogPluginManager: Loaded Plugin Apsalar, From C:/Program Files (x86)/Epic Games/4.13/Engine/Plugins/Runtime/Analytics/Apsalar/Apsalar.uplugin
LogPluginManager: Loaded Plugin FileLogging, From C:/Program Files (x86)/Epic Games/4.13/Engine/Plugins/Runtime/Analytics/FileLogging/FileLogging.uplugin
LogPluginManager: Loaded Plugin Flurry, From C:/Program Files (x86)/Epic Games/4.13/Engine/Plugins/Runtime/Analytics/Flurry/Flurry.uplugin
LogPluginManager: Loaded Plugin AndroidDeviceProfileSelector, From C:/Program Files (x86)/Epic Games/4.13/Engine/Plugins/Runtime/AndroidDeviceProfileSelector/AndroidDeviceProfileSelector.uplugin
LogPluginManager: Loaded Plugin AndroidMoviePlayer, From C:/Program Files (x86)/Epic Games/4.13/Engine/Plugins/Runtime/AndroidMoviePlayer/AndroidMoviePlayer.uplugin
LogPluginManager: Loaded Plugin AppleMoviePlayer, From C:/Program Files (x86)/Epic Games/4.13/Engine/Plugins/Runtime/AppleMoviePlayer/AppleMoviePlayer.uplugin
LogPluginManager: Loaded Plugin ArchVisCharacter, From C:/Program Files (x86)/Epic Games/4.13/Engine/Plugins/Runtime/ArchVisCharacter/ArchVisCharacter.uplugin
LogPluginManager: Loaded Plugin CableComponent, From C:/Program Files (x86)/Epic Games/4.13/Engine/Plugins/Runtime/CableComponent/CableComponent.uplugin
LogPluginManager: Loaded Plugin CustomMeshComponent, From C:/Program Files (x86)/Epic Games/4.13/Engine/Plugins/Runtime/CustomMeshComponent/CustomMeshComponent.uplugin
LogPluginManager: Loaded Plugin ExampleDeviceProfileSelector, From C:/Program Files (x86)/Epic Games/4.13/Engine/Plugins/Runtime/ExampleDeviceProfileSelector/ExampleDeviceProfileSelector.uplugin
LogPluginManager: Loaded Plugin GearVR, From C:/Program Files (x86)/Epic Games/4.13/Engine/Plugins/Runtime/GearVR/GearVR.uplugin
LogPluginManager: Loaded Plugin GoogleVRController, From C:/Program Files (x86)/Epic Games/4.13/Engine/Plugins/Runtime/GoogleVR/GoogleVRController/GoogleVRController.uplugin
LogPluginManager: Loaded Plugin GoogleVRHMD, From C:/Program Files (x86)/Epic Games/4.13/Engine/Plugins/Runtime/GoogleVR/GoogleVRHMD/GoogleVRHMD.uplugin
LogPluginManager: Loaded Plugin IOSDeviceProfileSelector, From C:/Program Files (x86)/Epic Games/4.13/Engine/Plugins/Runtime/IOSDeviceProfileSelector/IOSDeviceProfileSelector.uplugin
LogPluginManager: Loaded Plugin LeapMotion, From C:/Program Files (x86)/Epic Games/4.13/Engine/Plugins/Runtime/LeapMotion/LeapMotion.uplugin
LogPluginManager: Loaded Plugin LinuxDeviceProfileSelector, From C:/Program Files (x86)/Epic Games/4.13/Engine/Plugins/Runtime/LinuxDeviceProfileSelector/LinuxDeviceProfileSelector.uplugin
LogPluginManager: Loaded Plugin LiveEditorListenServer, From C:/Program Files (x86)/Epic Games/4.13/Engine/Plugins/Runtime/LiveEditorListenServer/LiveEditorListenServer.uplugin
LogPluginManager: Loaded Plugin OculusAudio, From C:/Program Files (x86)/Epic Games/4.13/Engine/Plugins/Runtime/OculusAudio/OculusAudio.uplugin
LogPluginManager: Loaded Plugin OculusInput, From C:/Program Files (x86)/Epic Games/4.13/Engine/Plugins/Runtime/OculusInput/OculusInput.uplugin
LogPluginManager: Loaded Plugin OculusLibrary, From C:/Program Files (x86)/Epic Games/4.13/Engine/Plugins/Runtime/OculusLibrary/OculusLibrary.uplugin
LogPluginManager: Loaded Plugin OculusRift, From C:/Program Files (x86)/Epic Games/4.13/Engine/Plugins/Runtime/OculusRift/OculusRift.uplugin
LogPluginManager: Loaded Plugin Oodle, From C:/Program Files (x86)/Epic Games/4.13/Engine/Plugins/Runtime/PacketHandlers/CompressionComponents/Oodle/Oodle.uplugin
LogPluginManager: Loaded Plugin ProceduralMeshComponent, From C:/Program Files (x86)/Epic Games/4.13/Engine/Plugins/Runtime/ProceduralMeshComponent/ProceduralMeshComponent.uplugin
LogPluginManager: Loaded Plugin SoundMod, From C:/Program Files (x86)/Epic Games/4.13/Engine/Plugins/Runtime/SoundMod/SoundMod.uplugin
LogPluginManager: Loaded Plugin SoundVisualizations, From C:/Program Files (x86)/Epic Games/4.13/Engine/Plugins/Runtime/SoundVisualizations/SoundVisualizations.uplugin
LogPluginManager: Loaded Plugin SteamController, From C:/Program Files (x86)/Epic Games/4.13/Engine/Plugins/Runtime/Steam/SteamController/SteamController.uplugin
LogPluginManager: Loaded Plugin SteamVR, From C:/Program Files (x86)/Epic Games/4.13/Engine/Plugins/Runtime/Steam/SteamVR/SteamVR.uplugin
LogPluginManager: Loaded Plugin WebBrowserWidget, From C:/Program Files (x86)/Epic Games/4.13/Engine/Plugins/Runtime/WebBrowserWidget/WebBrowserWidget.uplugin
LogPluginManager: Loaded Plugin WindowsDeviceProfileSelector, From C:/Program Files (x86)/Epic Games/4.13/Engine/Plugins/Runtime/WindowsDeviceProfileSelector/WindowsDeviceProfileSelector.uplugin
LogPluginManager: Loaded Plugin WindowsMoviePlayer, From C:/Program Files (x86)/Epic Games/4.13/Engine/Plugins/Runtime/WindowsMoviePlayer/WindowsMoviePlayer.uplugin
LogPluginManager: Loaded Plugin ScriptPlugin, From C:/Program Files (x86)/Epic Games/4.13/Engine/Plugins/ScriptPlugin/ScriptPlugin.uplugin
LogPluginManager: Loaded Plugin SlateRemote, From C:/Program Files (x86)/Epic Games/4.13/Engine/Plugins/Slate/SlateRemote/SlateRemote.uplugin
LogInit: Using libcurl 7.47.1
LogInit:  - built for x86_64-pc-win32
LogInit:  - supports SSL with WinSSL
LogInit:  - other features:
LogInit:      CURL_VERSION_SSL
LogInit:      CURL_VERSION_IPV6
LogInit:      CURL_VERSION_ASYNCHDNS
LogInit:      CURL_VERSION_LARGEFILE
LogInit:      CURL_VERSION_IDN
LogInit:  CurlRequestOptions (configurable via config and command line):
LogInit:  - bVerifyPeer = false  - Libcurl will NOT verify peer certificate
LogInit:  - bUseHttpProxy = false  - Libcurl will NOT use HTTP proxy
LogInit:  - bDontReuseConnections = false  - Libcurl will reuse connections
LogInit:  - CertBundlePath = nullptr  - Libcurl will use whatever was configured at build time.
LogInit: Build: ++UE4+Release-4.13-CL-3172292
LogInit: Engine Version: 4.13.2-3172292+++UE4+Release-4.13
LogInit: Compatible Engine Version: 4.13.0-3106830+++UE4+Release-4.13
LogInit: Net CL: 3172292
LogDevObjectVersion: Number of dev versions registered: 13
LogDevObjectVersion:   Dev-Blueprints (B0D832E4-1F89-4F0D-ACCF-7EB736FD4AA2): 5
LogDevObjectVersion:   Dev-Build (E1C64328-A22C-4D53-A36C-8E866417BD8C): 0
LogDevObjectVersion:   Dev-Core (375EC13C-06E4-48FB-B500-84F0262A717E): 1
LogDevObjectVersion:   Dev-Editor (E4B068ED-F494-42E9-A231-DA0B2E46BB41): 6
LogDevObjectVersion:   Dev-Framework (CFFC743F-43B0-4480-9391-14DF171D2073): 12
LogDevObjectVersion:   Dev-Mobile (B02B49B5-BB20-44E9-A304-32B752E40360): 0
LogDevObjectVersion:   Dev-Networking (A4E4105C-59A1-49B5-A7C5-40C4547EDFEE): 0
LogDevObjectVersion:   Dev-Online (39C831C9-5AE6-47DC-9A44-9C173E1C8E7C): 0
LogDevObjectVersion:   Dev-Physics (78F01B33-EBEA-4F98-B9B4-84EACCB95AA2): 0
LogDevObjectVersion:   Dev-Platform (6631380F-2D4D-43E0-8009-CF276956A95A): 0
LogDevObjectVersion:   Dev-Rendering (12F88B9F-8875-4AFC-A67C-D90C383ABD29): 4
LogDevObjectVersion:   Dev-Sequencer (7B5AE74C-D270-4C10-A958-57980B212A5A): 0
LogDevObjectVersion:   Dev-VR (D7296918-1DD6-4BDD-9DE2-64A83CC13884): 0
LogInit: Compiled (64-bit): Oct 24 2016 14:29:06
LogInit: Compiled with Visual C++: 19.00.23026.00
LogInit: Build Configuration: Development
LogInit: Branch Name: ++UE4+Release-4.13
LogInit: Command line: -EpicPortal 
LogInit: Base directory: C:/Program Files (x86)/Epic Games/4.13/Engine/Binaries/Win64/
LogInit: Installed Engine Build: 1
LogInit: Presizing for max 8388607 objects, including 0 objects not considered by GC, pre-allocating 0 bytes for permanent pool.
LogInit: Object subsystem initialized
[2016.11.20-06.57.23:732][  0]LogInit: Selected Device Profile: [Windows]
[2016.11.20-06.57.23:732][  0]LogInit: Applying CVar settings loaded from the selected device profile: [Windows]
[2016.11.20-06.57.23:744][  0]LogInit: Computer: DESKTOP-G1HI001
[2016.11.20-06.57.23:744][  0]LogInit: User: dollon
[2016.11.20-06.57.23:744][  0]LogInit: CPU Page size=65536, Cores=4
[2016.11.20-06.57.23:744][  0]LogInit: High frequency timer resolution =3.319352 MHz
[2016.11.20-06.57.23:744][  0]LogMemory: Memory total: Physical=15.9GB (16GB approx)
[2016.11.20-06.57.23:744][  0]LogMemory: Platform Memory Stats for Windows
[2016.11.20-06.57.23:744][  0]LogMemory: Process Physical Memory: 256.58 MB used, 256.58 MB peak
[2016.11.20-06.57.23:744][  0]LogMemory: Process Virtual Memory: 259.80 MB used, 259.80 MB peak
[2016.11.20-06.57.23:744][  0]LogMemory: Physical Memory: 7315.10 MB used, 16303.07 MB total
[2016.11.20-06.57.23:744][  0]LogMemory: Virtual Memory: 622.54 MB used, 134217728.00 MB total
[2016.11.20-06.57.23:777][  0]LogTextLocalizationManager: No specific translations for ('en-AU') exist, so ('en') translations will be used.
[2016.11.20-06.57.24:336][  0]LogD3D11RHI: D3D11 adapters:
[2016.11.20-06.57.24:356][  0]LogD3D11RHI:    0. 'NVIDIA GeForce GTX 770' (Feature Level 11_0)
[2016.11.20-06.57.24:356][  0]LogD3D11RHI:       2017/0/8151 MB DedicatedVideo/DedicatedSystem/SharedSystem, Outputs:2, VendorId:0x10de
[2016.11.20-06.57.24:357][  0]LogD3D11RHI:    1. 'Microsoft Basic Render Driver' (Feature Level 11_0)
[2016.11.20-06.57.24:357][  0]LogD3D11RHI:       0/0/8151 MB DedicatedVideo/DedicatedSystem/SharedSystem, Outputs:0, VendorId:0x1414
[2016.11.20-06.57.24:357][  0]LogD3D11RHI: Chosen D3D11 Adapter: 0
[2016.11.20-06.57.24:361][  0]LogD3D11RHI: Creating new Direct3DDevice
[2016.11.20-06.57.24:361][  0]LogD3D11RHI:     GPU DeviceId: 0x1184 (for the marketing name, search the web for "GPU Device Id")
[2016.11.20-06.57.24:361][  0]LogWindows: EnumDisplayDevices:
[2016.11.20-06.57.24:362][  0]LogWindows:    0. 'NVIDIA GeForce GTX 770' (P:1 D:1)
[2016.11.20-06.57.24:362][  0]LogWindows:    1. 'NVIDIA GeForce GTX 770' (P:0 D:1)
[2016.11.20-06.57.24:362][  0]LogWindows:    2. 'NVIDIA GeForce GTX 770' (P:0 D:0)
[2016.11.20-06.57.24:362][  0]LogWindows:    3. 'NVIDIA GeForce GTX 770' (P:0 D:0)
[2016.11.20-06.57.24:362][  0]LogWindows: DebugString: FoundDriverCount:4 
[2016.11.20-06.57.24:362][  0]LogD3D11RHI:     Adapter Name: NVIDIA GeForce GTX 770
[2016.11.20-06.57.24:362][  0]LogD3D11RHI:   Driver Version: 372.70 (internal:21.21.13.7270, unified:372.70)
[2016.11.20-06.57.24:362][  0]LogD3D11RHI:      Driver Date: 8-25-2016
[2016.11.20-06.57.24:362][  0]LogRHI: Texture pool is 1361 MB (70% of 1945 MB)
[2016.11.20-06.57.24:374][  0]LogD3D11RHI: Async texture creation enabled
[2016.11.20-06.57.24:383][  0]LogD3D11RHI: GPU Timing Frequency: 1000.000000 (Debug: 2 1)
[2016.11.20-06.57.24:383][  0]LogShaderCompilers: Guid format shader working directory is -14 characters bigger than the processId version (../../../../../../Users/dollon/Documents/GitHub/Revolverrouge/Intermediate/Shaders/WorkingDirectory/7492/).
[2016.11.20-06.57.24:383][  0]LogShaderCompilers: Cleaned the shader compiler working directory 'C:/Users/dollon/AppData/Local/Temp/UnrealShaderWorkingDir/2658214E4BEFF03669246EB095E17A3A/'.
[2016.11.20-06.57.24:383][  0]LogShaderCompilers:Display: Using Local Shader Compiler.
[2016.11.20-06.57.25:385][  0]LogTemp:Display: Loaded TP AllDesktopTargetPlatform
[2016.11.20-06.57.25:392][  0]LogTemp:Display: Loaded TP WindowsClientTargetPlatform
[2016.11.20-06.57.25:401][  0]LogTemp:Display: Loaded TP WindowsNoEditorTargetPlatform
[2016.11.20-06.57.25:408][  0]LogTemp:Display: Loaded TP WindowsServerTargetPlatform
[2016.11.20-06.57.25:415][  0]LogTemp:Display: Loaded TP WindowsTargetPlatform
[2016.11.20-06.57.25:422][  0]LogTemp:Display: Loaded TP AndroidTargetPlatform
[2016.11.20-06.57.25:428][  0]LogTemp:Display: Loaded TP Android_ASTCTargetPlatform
[2016.11.20-06.57.25:434][  0]LogTemp:Display: Loaded TP Android_ATCTargetPlatform
[2016.11.20-06.57.25:441][  0]LogTemp:Display: Loaded TP Android_DXTTargetPlatform
[2016.11.20-06.57.25:447][  0]LogTemp:Display: Loaded TP Android_ETC1TargetPlatform
[2016.11.20-06.57.25:453][  0]LogTemp:Display: Loaded TP Android_ETC2TargetPlatform
[2016.11.20-06.57.25:466][  0]LogTemp:Display: Loaded TP Android_MultiTargetPlatform
[2016.11.20-06.57.25:466][  0]LogTemp:Display: Loaded TP Android_PVRTCTargetPlatform
[2016.11.20-06.57.25:467][  0]LogTemp:Display: Loaded TP HTML5TargetPlatform
[2016.11.20-06.57.25:486][  0]LogTemp:Display: Loaded TP IOSTargetPlatform
[2016.11.20-06.57.25:492][  0]LogTemp:Display: Loaded TP TVOSTargetPlatform
[2016.11.20-06.57.25:499][  0]LogTemp:Display: Loaded TP LinuxClientTargetPlatform
[2016.11.20-06.57.25:505][  0]LogTemp:Display: Loaded TP LinuxNoEditorTargetPlatform
[2016.11.20-06.57.25:512][  0]LogTemp:Display: Loaded TP LinuxServerTargetPlatform
[2016.11.20-06.57.25:518][  0]LogTemp:Display: Loaded TP LinuxTargetPlatform
[2016.11.20-06.57.25:518][  0]LogTargetPlatformManager:Display: Building Assets For Windows
[2016.11.20-06.57.25:581][  0]LogDerivedDataCache:Display: Max Cache Size: 512 MB
[2016.11.20-06.57.25:646][  0]LogDerivedDataCache: Loaded boot cache 0.06s 62MB C:/Users/dollon/AppData/Local/UnrealEngine/4.13/DerivedDataCache/Boot.ddc.
[2016.11.20-06.57.25:646][  0]LogDerivedDataCache:Display: Loaded Boot cache: C:/Users/dollon/AppData/Local/UnrealEngine/4.13/DerivedDataCache/Boot.ddc
[2016.11.20-06.57.25:646][  0]LogDerivedDataCache: FDerivedDataBackendGraph:  Pak pak cache file ../../../../../../Users/dollon/Documents/GitHub/Revolverrouge/DerivedDataCache/DDC.ddp not found, will not use a pak cache.
[2016.11.20-06.57.25:646][  0]LogDerivedDataCache: Unable to find inner node Pak for hierarchical cache Hierarchy.
[2016.11.20-06.57.25:646][  0]LogDerivedDataCache: FDerivedDataBackendGraph:  CompressedPak pak cache file ../../../../../../Users/dollon/Documents/GitHub/Revolverrouge/DerivedDataCache/Compressed.ddp not found, will not use a pak cache.
[2016.11.20-06.57.25:646][  0]LogDerivedDataCache: Unable to find inner node CompressedPak for hierarchical cache Hierarchy.
[2016.11.20-06.57.25:662][  0]LogDerivedDataCache:Display: Pak cache opened for reading ../../../Engine/DerivedDataCache/Compressed.ddp.
[2016.11.20-06.57.25:676][  0]LogDerivedDataCache: Using Local data cache path C:/Users/dollon/AppData/Local/UnrealEngine/Common/DerivedDataCache: Writable
[2016.11.20-06.57.25:875][  0]LogInit: Selected Device Profile: [Windows]
[2016.11.20-06.57.25:878][  0]LogContentStreaming: Texture pool size is 0.00 MB
[2016.11.20-06.57.25:958][  0]LogMeshUtilities: No automatic mesh reduction module available
[2016.11.20-06.57.25:958][  0]LogMeshUtilities: No automatic mesh merging module available
[2016.11.20-06.57.25:958][  0]LogMeshUtilities: No distributed automatic mesh merging module available
[2016.11.20-06.57.26:020][  0]LogMaterial: Uniform references updated for custom material expression Custom.
[2016.11.20-06.57.26:272][  0]LogNetVersion: GetLocalNetworkVersion: CL: 3106830, ProjectName: revolver_rouge, ProjectVersion: , EngineNetworkVersion: 1, GameNetworkVersion: 0, NetworkChecksum: 4118575143
[2016.11.20-06.57.26:306][  0]LogAssetRegistry: FAssetRegistry took 0.0214 seconds to start up
[2016.11.20-06.57.26:351][  0]LogPackageLocalizationCache: Processed 3 localized package path(s) for 2 prioritized culture(s) in 0.043759 seconds
[2016.11.20-06.57.26:356][  0]LogUObjectArray: 29778 objects as part of root set at end of initial load.
[2016.11.20-06.57.26:356][  0]LogUObjectAllocator: 6125448 out of 0 bytes used by permanent object pool.
[2016.11.20-06.57.26:356][  0]LogUObjectArray: CloseDisregardForGC: 0/0 objects in disregard for GC pool
[2016.11.20-06.57.26:360][  0]LogInit: WinSock: version 1.1 (2.2), MaxSocks=32767, MaxUdp=65467
[2016.11.20-06.57.26:524][  0]LogSlate: SlateFontCache - WITH_FREETYPE: 1, WITH_HARFBUZZ: 1
[2016.11.20-06.57.26:524][  0]LogSlate: SlateFontCache - WITH_FREETYPE: 1, WITH_HARFBUZZ: 1
[2016.11.20-06.57.27:068][  0]LogTcpMessaging: Initializing TcpMessaging bridge
[2016.11.20-06.57.27:086][  0]LogUdpMessaging: Initializing bridge on interface 0.0.0.0:0 to multicast group 230.0.0.1:6666.
[2016.11.20-06.57.27:327][  0]SourceControl: Info Source control is disabled
[2016.11.20-06.57.27:805][  0]LogLinker:Warning: Can't find file '/Game/ThirdPersonBP/ThirdPersonOverview'
[2016.11.20-06.57.27:805][  0]LogLinker:Warning: Can't find file '/Game/ThirdPersonBP/ThirdPersonOverview'
[2016.11.20-06.57.27:805][  0]LogUObjectGlobals:Warning: Failed to find object 'Class /Game/ThirdPersonBP/ThirdPersonOverview.ThirdPersonOverview_C'
[2016.11.20-06.57.27:983][  0]LogEngine: Initializing Engine...
[2016.11.20-06.57.27:984][  0]LogHMD: Failed to initialize OpenVR with code 110
[2016.11.20-06.57.28:109][  0]LogAIModule: Creating AISystem for world Untitled
[2016.11.20-06.57.28:124][  0]LogInit: XAudio2 using 'Lautsprecher (Realtek High Definition Audio)' : 2 channels at 48 kHz using 32 bits per sample (channel mask 0x3)
[2016.11.20-06.57.28:139][  0]LogInit: FAudioDevice initialized.
[2016.11.20-06.57.28:173][  0]LogDerivedDataCache: Saved boot cache 0.03s 62MB C:/Users/dollon/AppData/Local/UnrealEngine/4.13/DerivedDataCache/Boot.ddc.
[2016.11.20-06.57.28:179][  0]LogInit: Texture streaming: Enabled
[2016.11.20-06.57.28:202][  0]LogInit: Transaction tracking system initialized
[2016.11.20-06.57.28:216][  0]BlueprintLog: New page: Editor Load
[2016.11.20-06.57.28:290][  0]LocalizationService: Info Localization service is disabled
[2016.11.20-06.57.28:356][  0]LogConsoleResponse:Display: 
[2016.11.20-06.57.28:457][  0]LogCook:Display: Max memory allowance for cook 16384mb min free memory 0mb
[2016.11.20-06.57.28:457][  0]LogCook:Display: Mobile HDR setting 0
[2016.11.20-06.57.28:717][  0]LogFileCache: Scanning file cache for directory 'C:/Users/dollon/Documents/GitHub/Revolverrouge/Content/' took 0.01s
[2016.11.20-06.57.28:717][  0]Cmd: MAP LOAD FILE="../../../../../../Users/dollon/Documents/GitHub/Revolverrouge/Content/Maps/Main.umap" TEMPLATE=0 SHOWPROGRESS=1 FEATURELEVEL=3
[2016.11.20-06.57.28:717][  0]LightingResults: New page: Lighting Build
[2016.11.20-06.57.28:718][  0]MapCheck: New page: Map Check
[2016.11.20-06.57.28:719][  0]LightingResults: New page: Lighting Build
[2016.11.20-06.57.28:764][  0]LogAIModule: Creating AISystem for world Main
[2016.11.20-06.57.28:765][  0]LogEditorServer: Finished looking for orphan Actors (0.000 secs)
[2016.11.20-06.57.28:765][  0]Cmd: MAP CHECKDEP NOCLEARLOG
[2016.11.20-06.57.28:800][  0]MapCheck: Info Map check complete: 0 Error(s), 0 Warning(s), took 34.816ms to complete.
[2016.11.20-06.57.28:800][  0]LogFileHelpers: Loading map 'Main' took 0.083
[2016.11.20-06.57.28:916][  0]LogCollectionManager: Loaded 1 collections in 0.001100 seconds
[2016.11.20-06.57.28:961][  0]LogFileCache: Scanning file cache for directory 'C:/Users/dollon/Documents/GitHub/Revolverrouge/Saved/Collections/' took 0.01s
[2016.11.20-06.57.28:961][  0]LogFileCache: Scanning file cache for directory 'C:/Users/dollon/Documents/GitHub/Revolverrouge/Content/Developers/dollon/Collections/' took 0.01s
[2016.11.20-06.57.28:961][  0]LogFileCache: Scanning file cache for directory 'C:/Users/dollon/Documents/GitHub/Revolverrouge/Content/Collections/' took 0.01s
[2016.11.20-06.57.28:961][  0]LogCollectionManager: Rebuilt the GUID cache for 1 collections in 0.000005 seconds
[2016.11.20-06.57.28:961][  0]LogCollectionManager: Rebuilt the hierarchy cache for 1 collections in 0.000000 seconds
[2016.11.20-06.57.28:969][  0]LogContentBrowser: Native class hierarchy populated in 0.0074 seconds. Added 2141 classes and 415 folders.
[2016.11.20-06.57.28:971][  0]LogStats: UGameplayTagsManager::ConstructGameplayTagTree: Construct from data asset -  0.000 s
[2016.11.20-06.57.28:971][  0]LogStats: UGameplayTagsManager::ConstructGameplayTagTree: GameplayTagTreeChangedEvent.Broadcast -  0.000 s
[2016.11.20-06.57.28:972][  0]LogContentBrowser: Native class hierarchy updated for 'GameplayTags' in 0.0004 seconds. Added 12 classes and 0 folders.
[2016.11.20-06.57.28:974][  0]LogContentBrowser: Native class hierarchy updated for 'WidgetCarousel' in 0.0004 seconds. Added 0 classes and 0 folders.
[2016.11.20-06.57.29:013][  0]LogContentBrowser: Native class hierarchy updated for 'AddContentDialog' in 0.0004 seconds. Added 0 classes and 0 folders.
[2016.11.20-06.57.29:016][  0]LogContentBrowser: Native class hierarchy updated for 'SceneOutliner' in 0.0004 seconds. Added 1 classes and 2 folders.
[2016.11.20-06.57.29:055][  0]LogCrashTracker: Crashtracker disabled due to settings.
[2016.11.20-06.57.29:062][  0]LogUObjectGlobals:Warning: Failed to find object 'Class None.'
[2016.11.20-06.57.29:087][  0]LogContentBrowser: Native class hierarchy updated for 'HierarchicalLODOutliner' in 0.0004 seconds. Added 1 classes and 2 folders.
[2016.11.20-06.57.29:087][  0]LogLoad: (Engine Initialization) Total time: 6.10 seconds
[2016.11.20-06.57.29:087][  0]LogLoad: (Engine Initialization) Total Blueprint compile time: 0.02 seconds
[2016.11.20-06.57.29:088][  0]LogExternalProfiler: Found external profiler: VSPerf
[2016.11.20-06.57.29:088][  0]LogExternalProfiler: Using external profiler: VSPerf
[2016.11.20-06.57.29:096][  0]LogWindowsTextInputMethodSystem:Display: IME system now deactivated.
[2016.11.20-06.57.29:096][  0]LogOcInput: OculusInput pre-init called
[2016.11.20-06.57.29:113][  0]SourceControl: Info On branch Dollon
[2016.11.20-06.57.29:113][  0]SourceControl: Info Your branch is up-to-date with 'origin/Dollon'.
[2016.11.20-06.57.29:113][  0]SourceControl: Info Changes to be committed:
[2016.11.20-06.57.29:113][  0]SourceControl: Info   (use "git reset HEAD <file>..." to unstage)
[2016.11.20-06.57.29:113][  0]SourceControl: Info 	new file:   Content/Asset/Material__38.uasset
[2016.11.20-06.57.29:113][  0]SourceControl: Info 	new file:   Content/Asset/Material__47.uasset
[2016.11.20-06.57.29:113][  0]SourceControl: Info 	new file:   Content/Asset/Untitled.uasset
[2016.11.20-06.57.29:113][  0]SourceControl: Info 	new file:   Content/Asset/character.uasset
[2016.11.20-06.57.29:113][  0]SourceControl: Info Changes not staged for commit:
[2016.11.20-06.57.29:113][  0]SourceControl: Info   (use "git add/rm <file>..." to update what will be committed)
[2016.11.20-06.57.29:113][  0]SourceControl: Info   (use "git checkout -- <file>..." to discard changes in working directory)
[2016.11.20-06.57.29:113][  0]SourceControl: Info 	modified:   Build/WindowsNoEditor/FileOpenOrder/CookerOpenOrder.log
[2016.11.20-06.57.29:113][  0]SourceControl: Info 	modified:   Build/WindowsNoEditor/FileOpenOrder/EditorOpenOrder.log
[2016.11.20-06.57.29:113][  0]SourceControl: Info 	modified:   Config/DefaultEditor.ini
[2016.11.20-06.57.29:113][  0]SourceControl: Info 	modified:   Config/DefaultInput.ini
[2016.11.20-06.57.29:113][  0]SourceControl: Info 	modified:   Content/Blueprints/TopDownCharacter.uasset
[2016.11.20-06.57.29:113][  0]SourceControl: Info 	modified:   Content/Levels/m_dungeon.umap
[2016.11.20-06.57.29:113][  0]SourceControl: Info 	modified:   Intermediate/CachedAssetRegistry.bin
[2016.11.20-06.57.29:113][  0]SourceControl: Info 	modified:   Intermediate/Config/CoalescedSourceConfigs/Editor.ini
[2016.11.20-06.57.29:113][  0]SourceControl: Info 	modified:   Intermediate/Config/CoalescedSourceConfigs/Engine.ini
[2016.11.20-06.57.29:113][  0]SourceControl: Info 	modified:   Intermediate/Config/CoalescedSourceConfigs/Input.ini
[2016.11.20-06.57.29:113][  0]SourceControl: Info 	modified:   Saved/AutoScreenshot.png
[2016.11.20-06.57.29:113][  0]SourceControl: Info 	modified:   Saved/Autosaves/Game/Blueprints/ThirdPersonGameMode_Auto1.uasset
[2016.11.20-06.57.29:113][  0]SourceControl: Info 	modified:   Saved/Autosaves/Game/Blueprints/TopDownCharacter_Auto1.uasset
[2016.11.20-06.57.29:113][  0]SourceControl: Info 	modified:   Saved/Autosaves/Game/Blueprints/TopDownCharacter_Auto2.uasset
[2016.11.20-06.57.29:113][  0]SourceControl: Info 	modified:   Saved/Autosaves/Game/Blueprints/TopDownCharacter_Auto3.uasset
[2016.11.20-06.57.29:113][  0]SourceControl: Info 	modified:   Saved/Autosaves/Game/Blueprints/Ui/mainPlayerHud_Auto2.uasset
[2016.11.20-06.57.29:114][  0]SourceControl: Info 	modified:   Saved/Autosaves/Game/Blueprints/Ui/mainPlayerHud_Auto3.uasset
[2016.11.20-06.57.29:114][  0]SourceControl: Info 	modified:   Saved/Autosaves/Game/Blueprints/Ui/mainPlayerHud_Auto4.uasset
[2016.11.20-06.57.29:114][  0]SourceControl: Info 	deleted:    Saved/Backup/14997098_218576978572787_1518682198_n_2016-11-11-23-24-57.uasset
[2016.11.20-06.57.29:114][  0]SourceControl: Info 	deleted:    Saved/Backup/Aihealth_2016-11-11-23-27-28.uasset
[2016.11.20-06.57.29:114][  0]SourceControl: Info 	deleted:    Saved/Backup/Aihealth_2016-11-12-01-17-53.uasset
[2016.11.20-06.57.29:114][  0]SourceControl: Info 	deleted:    Saved/Backup/MainCharacter_2016-11-11-22-32-24.uasset
[2016.11.20-06.57.29:114][  0]SourceControl: Info 	deleted:    Saved/Backup/MainCharacter_2016-11-11-23-07-19.uasset
[2016.11.20-06.57.29:114][  0]SourceControl: Info 	deleted:    Saved/Backup/MainCharacter_2016-11-11-23-17-49.uasset
[2016.11.20-06.57.29:114][  0]SourceControl: Info 	deleted:    Saved/Backup/MainGameMode_2016-11-11-22-19-20.uasset
[2016.11.20-06.57.29:114][  0]SourceControl: Info 	deleted:    Saved/Backup/MainGameMode_2016-11-11-23-17-49.uasset
[2016.11.20-06.57.29:114][  0]SourceControl: Info 	deleted:    Saved/Backup/MainGameMode_2016-11-11-23-41-06.uasset
[2016.11.20-06.57.29:114][  0]SourceControl: Info 	deleted:    Saved/Backup/MainGameMode_2016-11-11-23-46-36.uasset
[2016.11.20-06.57.29:114][  0]SourceControl: Info 	deleted:    Saved/Backup/Mainlevel_2016-11-11-22-32-00.umap
[2016.11.20-06.57.29:114][  0]SourceControl: Info 	deleted:    Saved/Backup/Mainlevel_2016-11-11-22-59-28.umap
[2016.11.20-06.57.29:114][  0]SourceControl: Info 	deleted:    Saved/Backup/Mainlevel_2016-11-11-23-07-19.umap
[2016.11.20-06.57.29:114][  0]SourceControl: Info 	deleted:    Saved/Backup/Mainlevel_2016-11-11-23-17-49.umap
[2016.11.20-06.57.29:114][  0]SourceControl: Info 	deleted:    Saved/Backup/Mainlevel_2016-11-11-23-28-35.umap
[2016.11.20-06.57.29:114][  0]SourceControl: Info 	deleted:    Saved/Backup/Mainlevel_2016-11-12-00-31-40.umap
[2016.11.20-06.57.29:114][  0]SourceControl: Info 	deleted:    Saved/Backup/Mainlevel_2016-11-12-00-49-31.umap
[2016.11.20-06.57.29:114][  0]SourceControl: Info 	deleted:    Saved/Backup/Mainlevel_2016-11-12-01-01-21.umap
[2016.11.20-06.57.29:114][  0]SourceControl: Info 	deleted:    Saved/Backup/Mainlevel_2016-11-12-01-12-59.umap
[2016.11.20-06.57.29:114][  0]SourceControl: Info 	deleted:    Saved/Backup/Mainlevel_2016-11-12-01-18-47.umap
[2016.11.20-06.57.29:114][  0]SourceControl: Info 	deleted:    Saved/Backup/Mainlevel_2016-11-12-01-51-28.umap
[2016.11.20-06.57.29:114][  0]SourceControl: Info 	deleted:    Saved/Backup/Rattd_2016-11-11-23-24-30.uasset
[2016.11.20-06.57.29:114][  0]SourceControl: Info 	deleted:    Saved/Backup/Rattd__1__2016-11-11-23-24-36.uasset
[2016.11.20-06.57.29:114][  0]SourceControl: Info 	deleted:    Saved/Backup/Rattd__1__Sprite_2016-11-11-23-24-33.uasset
[2016.11.20-06.57.29:114][  0]SourceControl: Info 	deleted:    Saved/Backup/ThirdPersonGameMode_2016-11-11-23-11-31.uasset
[2016.11.20-06.57.29:114][  0]SourceControl: Info 	deleted:    Saved/Backup/ThirdPersonGameMode_2016-11-12-00-08-56.uasset
[2016.11.20-06.57.29:114][  0]SourceControl: Info 	deleted:    Saved/Backup/ThirdPersonGameMode_2016-11-12-00-24-24.uasset
[2016.11.20-06.57.29:114][  0]SourceControl: Info 	deleted:    Saved/Backup/ThirdPersonGameMode_2016-11-12-00-31-21.uasset
[2016.11.20-06.57.29:114][  0]SourceControl: Info 	deleted:    Saved/Backup/ThirdPersonGameMode_2016-11-12-01-01-22.uasset
[2016.11.20-06.57.29:114][  0]SourceControl: Info 	deleted:    Saved/Backup/ThirdPersonGameMode_2016-11-12-01-12-59.uasset
[2016.11.20-06.57.29:114][  0]SourceControl: Info 	deleted:    Saved/Backup/ThirdPersonGameMode_2016-11-12-01-28-35.uasset
[2016.11.20-06.57.29:114][  0]SourceControl: Info 	deleted:    Saved/Backup/Tile01_Mat_2016-11-11-23-24-54.uasset
[2016.11.20-06.57.29:114][  0]SourceControl: Info 	deleted:    Saved/Backup/TopDownCharacter_2016-11-11-23-11-05.uasset
[2016.11.20-06.57.29:114][  0]SourceControl: Info 	deleted:    Saved/Backup/TopDownCharacter_2016-11-11-23-16-14.uasset
[2016.11.20-06.57.29:114][  0]SourceControl: Info 	deleted:    Saved/Backup/TopDownCharacter_2016-11-11-23-24-30.uasset
[2016.11.20-06.57.29:114][  0]SourceControl: Info 	deleted:    Saved/Backup/TopDownCharacter_2016-11-11-23-41-06.uasset
[2016.11.20-06.57.29:114][  0]SourceControl: Info 	deleted:    Saved/Backup/TopDownCharacter_2016-11-11-23-46-36.uasset
[2016.11.20-06.57.29:114][  0]SourceControl: Info 	deleted:    Saved/Backup/TopDownCharacter_2016-11-12-00-24-24.uasset
[2016.11.20-06.57.29:114][  0]SourceControl: Info 	deleted:    Saved/Backup/TopDownCharacter_2016-11-12-00-31-40.uasset
[2016.11.20-06.57.29:114][  0]SourceControl: Info 	deleted:    Saved/Backup/TopDownCharacter_2016-11-12-00-37-47.uasset
[2016.11.20-06.57.29:114][  0]SourceControl: Info 	deleted:    Saved/Backup/TopDownCharacter_2016-11-12-00-46-24.uasset
[2016.11.20-06.57.29:114][  0]SourceControl: Info 	deleted:    Saved/Backup/TopDownCharacter_2016-11-12-01-01-21.uasset
[2016.11.20-06.57.29:114][  0]SourceControl: Info 	deleted:    Saved/Backup/TopDownCharacter_2016-11-12-01-12-59.uasset
[2016.11.20-06.57.29:114][  0]SourceControl: Info 	deleted:    Saved/Backup/TopDownCharacter_2016-11-12-01-46-04.uasset
[2016.11.20-06.57.29:114][  0]SourceControl: Info 	deleted:    Saved/Backup/TopDownCharacter_2016-11-12-01-51-47.uasset
[2016.11.20-06.57.29:114][  0]SourceControl: Info 	deleted:    Saved/Backup/book_2016-11-11-23-09-08.uasset
[2016.11.20-06.57.29:114][  0]SourceControl: Info 	deleted:    Saved/Backup/book_2016-11-11-23-23-32.uasset
[2016.11.20-06.57.29:114][  0]SourceControl: Info 	deleted:    Saved/Backup/bullet_basic2_2016-11-11-23-16-14.uasset
[2016.11.20-06.57.29:114][  0]SourceControl: Info 	deleted:    Saved/Backup/bullet_basic_2016-11-11-23-16-14.uasset
[2016.11.20-06.57.29:114][  0]SourceControl: Info 	deleted:    Saved/Backup/enemy2_2016-11-11-22-18-52.uasset
[2016.11.20-06.57.29:114][  0]SourceControl: Info 	deleted:    Saved/Backup/enemy2_2016-11-11-23-24-06.uasset
[2016.11.20-06.57.29:114][  0]SourceControl: Info 	deleted:    Saved/Backup/enemy_1_Sprite_2016-11-11-22-18-56.uasset
[2016.11.20-06.57.29:114][  0]SourceControl: Info 	deleted:    Saved/Backup/enemy_2016-11-11-22-18-52.uasset
[2016.11.20-06.57.29:114][  0]SourceControl: Info 	deleted:    Saved/Backup/enemy_2016-11-11-23-11-05.uasset
[2016.11.20-06.57.29:114][  0]SourceControl: Info 	deleted:    Saved/Backup/enemy_2016-11-11-23-16-14.uasset
[2016.11.20-06.57.29:114][  0]SourceControl: Info 	deleted:    Saved/Backup/enemy_2016-11-11-23-24-06.uasset
[2016.11.20-06.57.29:114][  0]SourceControl: Info 	deleted:    Saved/Backup/enemy_2016-11-12-00-31-40.uasset
[2016.11.20-06.57.29:114][  0]SourceControl: Info 	deleted:    Saved/Backup/enemy_2_Sprite_2016-11-11-22-18-56.uasset
[2016.11.20-06.57.29:114][  0]SourceControl: Info 	deleted:    Saved/Backup/mainPlayerHud_2016-11-11-23-11-31.uasset
[2016.11.20-06.57.29:114][  0]SourceControl: Info 	deleted:    Saved/Backup/mainPlayerHud_2016-11-11-23-23-02.uasset
[2016.11.20-06.57.29:114][  0]SourceControl: Info 	deleted:    Saved/Backup/mainPlayerHud_2016-11-12-00-49-31.uasset
[2016.11.20-06.57.29:114][  0]SourceControl: Info 	deleted:    Saved/Backup/mainPlayerHud_2016-11-12-01-01-22.uasset
[2016.11.20-06.57.29:114][  0]SourceControl: Info 	deleted:    Saved/Backup/mainPlayerHud_2016-11-12-01-12-59.uasset
[2016.11.20-06.57.29:114][  0]SourceControl: Info 	deleted:    Saved/Backup/mainPlayerHud_2016-11-12-01-31-56.uasset
[2016.11.20-06.57.29:114][  0]SourceControl: Info 	deleted:    Saved/Backup/off_2016-11-11-23-17-49.uasset
[2016.11.20-06.57.29:114][  0]SourceControl: Info 	deleted:    Saved/Backup/on_2016-11-11-23-17-49.uasset
[2016.11.20-06.57.29:114][  0]SourceControl: Info 	deleted:    Saved/Backup/on_Mat2_2016-11-11-23-23-02.uasset
[2016.11.20-06.57.29:114][  0]SourceControl: Info 	deleted:    Saved/Backup/on_Mat_2016-11-11-23-23-02.uasset
[2016.11.20-06.57.29:114][  0]SourceControl: Info 	deleted:    Saved/Backup/randombooks_2016-11-11-23-10-08.uasset
[2016.11.20-06.57.29:114][  0]SourceControl: Info 	modified:   Saved/Config/Windows/Editor.ini
[2016.11.20-06.57.29:114][  0]SourceControl: Info 	modified:   Saved/Config/Windows/EditorPerProjectUserSettings.ini
[2016.11.20-06.57.29:114][  0]SourceControl: Info 	modified:   Saved/Config/Windows/Engine.ini
[2016.11.20-06.57.29:114][  0]SourceControl: Info 	modified:   Saved/Config/Windows/Game.ini
[2016.11.20-06.57.29:114][  0]SourceControl: Info 	modified:   Saved/Config/Windows/SourceControlSettings.ini
[2016.11.20-06.57.29:114][  0]SourceControl: Info 	modified:   Saved/Logs/Revolver_Rouge.log
[2016.11.20-06.57.29:114][  0]SourceControl: Info 	modified:   Saved/Logs/Revolver_Rouge_2.log
[2016.11.20-06.57.29:114][  0]SourceControl: Info 	deleted:    Saved/Logs/UE4CC-Windows-1012F269428B3574575FFC9B132AE34A/CrashReportClient.ini
[2016.11.20-06.57.29:114][  0]SourceControl: Info 	deleted:    Saved/Logs/UE4CC-Windows-180D422148FD549A0DC6498A8D8F20CB/CrashReportClient.ini
[2016.11.20-06.57.29:114][  0]SourceControl: Info 	deleted:    Saved/Logs/UE4CC-Windows-36D899ED4E9BF89736FEA7B28512F6AE/CrashReportClient.ini
[2016.11.20-06.57.29:114][  0]SourceControl: Info 	deleted:    Saved/Logs/UE4CC-Windows-47CB435749D66A2FD86BA496376B8F04/CrashReportClient.ini
[2016.11.20-06.57.29:114][  0]SourceControl: Info 	deleted:    Saved/Logs/UE4CC-Windows-48DB7205496E37BE52DF5FB832F60CB7/CrashReportClient.ini
[2016.11.20-06.57.29:114][  0]SourceControl: Info 	deleted:    Saved/Logs/UE4CC-Windows-6267CCA64106DC88CEA039B8396EBFE7/CrashReportClient.ini
[2016.11.20-06.57.29:114][  0]SourceControl: Info 	deleted:    Saved/Logs/UE4CC-Windows-6D3D6B214AAF0A056B70C396A3367AC4/CrashReportClient.ini
[2016.11.20-06.57.29:114][  0]SourceControl: Info 	deleted:    Saved/Logs/UE4CC-Windows-8774C62A4CF3BC53A458FCAA61DF0477/CrashReportClient.ini
[2016.11.20-06.57.29:115][  0]SourceControl: Info 	deleted:    Saved/Logs/UE4CC-Windows-9AC1A3414F9E7762F226F1A849AE44FF/CrashReportClient.ini
[2016.11.20-06.57.29:115][  0]SourceControl: Info 	deleted:    Saved/Logs/UE4CC-Windows-9C43DFEC44011F781569F1855180C0B2/CrashReportClient.ini
[2016.11.20-06.57.29:115][  0]SourceControl: Info 	deleted:    Saved/Logs/UE4CC-Windows-9D4DA6874BE40FC4F595BDB5C0A254B8/CrashReportClient.ini
[2016.11.20-06.57.29:115][  0]SourceControl: Info 	deleted:    Saved/Logs/UE4CC-Windows-BAE4DB31422057B03368F68BD9BF4317/CrashReportClient.ini
[2016.11.20-06.57.29:115][  0]LogContentStreaming: Texture pool size now 1000 MB
[2016.11.20-06.57.29:235][  0]LogRenderer: Reallocating scene render targets to support 1228x540 (Frame:2).
[2016.11.20-06.57.29:299][  1]LogAssetRegistry: Asset discovery search completed in 3.0142 seconds
[2016.11.20-06.57.29:299][  1]LogCollectionManager: Rebuilt the object cache for 1 collections in 0.000004 seconds (found 0 objects)
[2016.11.20-06.57.29:299][  1]LogCollectionManager: Fixed up redirectors for 1 collections in 0.000018 seconds (updated 0 objects)
[2016.11.20-06.57.55:125][507]SourceControl: Info fatal: C:/Program Files (x86)/Epic Games/4.13/Engine/Content/: 'C:/Program Files (x86)/Epic Games/4.13/Engine/Content/' is outside repository
[2016.11.20-06.57.59:993][507]LogSourceControl: FGitCheckInWorker: commit successful
[2016.11.20-06.58.00:046][507]SourceControl: Info [Dollon 7042858] updatemap
[2016.11.20-06.58.00:046][507]SourceControl: Info  4 files changed, 0 insertions(+), 0 deletions(-)
[2016.11.20-06.58.00:046][507]SourceControl: Info  create mode 100644 Content/Asset/Material__38.uasset
[2016.11.20-06.58.00:046][507]SourceControl: Info  create mode 100644 Content/Asset/Material__47.uasset
[2016.11.20-06.58.00:046][507]SourceControl: Info  create mode 100644 Content/Asset/Untitled.uasset
[2016.11.20-06.58.00:046][507]SourceControl: Info  create mode 100644 Content/Asset/character.uasset
[2016.11.20-06.58.00:054][507]SourceControl: Info Commited [Dollon 7042858] updatemap.
[2016.11.20-06.58.02:458][785]LogWindowsTextInputMethodSystem:Display: IME system now deactivated.
[2016.11.20-06.58.02:637][786]Cmd: QUIT_EDITOR
[2016.11.20-06.58.02:696][786]LogExit: Preparing to exit.
[2016.11.20-06.58.03:216][786]LogDirectoryWatcher: A directory notification for 'C:/Users/dollon/Documents/GitHub/Revolverrouge/Content/' was aborted.
[2016.11.20-06.58.03:231][786]LogExit: Editor shut down
[2016.11.20-06.58.03:232][786]LogExit: Transaction tracking system shut down
[2016.11.20-06.58.03:342][786]LogObj: Freed 0b from 0 cluster array pools.
[2016.11.20-06.58.03:342][786]LogExit: Object subsystem successfully closed.
[2016.11.20-06.58.03:361][786]LogD3D11RHI: Shutdown
[2016.11.20-06.58.03:361][786]LogD3D11RHI: CleanupD3DDevice
[2016.11.20-06.58.03:398][786]LogD3D11RHI: ~FD3D11DynamicRHI
[2016.11.20-06.58.03:412][786]LogModuleManager: Shutting down and abandoning module HierarchicalLODOutliner (233)
[2016.11.20-06.58.03:412][786]LogModuleManager: Shutting down and abandoning module CrashTracker (232)
[2016.11.20-06.58.03:412][786]LogModuleManager: Shutting down and abandoning module SceneOutliner (231)
[2016.11.20-06.58.03:412][786]LogModuleManager: Shutting down and abandoning module WidgetCarousel (230)
[2016.11.20-06.58.03:412][786]LogModuleManager: Shutting down and abandoning module AddContentDialog (229)
[2016.11.20-06.58.03:412][786]LogDirectoryWatcher: A directory notification for 'C:/Program Files (x86)/Epic Games/4.13/FeaturePacks/' was aborted.
[2016.11.20-06.58.03:413][786]LogModuleManager: Shutting down and abandoning module GameplayTags (228)
[2016.11.20-06.58.03:413][786]LogModuleManager: Shutting down and abandoning module EditorWidgets (227)
[2016.11.20-06.58.03:413][786]LogModuleManager: Shutting down and abandoning module CollectionManager (226)
[2016.11.20-06.58.03:413][786]LogDirectoryWatcher: A directory notification for 'C:/Users/dollon/Documents/GitHub/Revolverrouge/Content/Collections/' was aborted.
[2016.11.20-06.58.03:413][786]LogDirectoryWatcher: A directory notification for 'C:/Users/dollon/Documents/GitHub/Revolverrouge/Content/Developers/dollon/Collections/' was aborted.
[2016.11.20-06.58.03:413][786]LogDirectoryWatcher: A directory notification for 'C:/Users/dollon/Documents/GitHub/Revolverrouge/Saved/Collections/' was aborted.
[2016.11.20-06.58.03:413][786]LogModuleManager: Shutting down and abandoning module StatsViewer (225)
[2016.11.20-06.58.03:413][786]LogModuleManager: Shutting down and abandoning module FoliageEdit (224)
[2016.11.20-06.58.03:413][786]LogModuleManager: Shutting down and abandoning module LandscapeEditor (223)
[2016.11.20-06.58.03:414][786]LogModuleManager: Shutting down and abandoning module SceneDepthPickerMode (222)
[2016.11.20-06.58.03:414][786]LogModuleManager: Shutting down and abandoning module ActorPickerMode (221)
[2016.11.20-06.58.03:414][786]LogModuleManager: Shutting down and abandoning module GeometryMode (220)
[2016.11.20-06.58.03:414][786]LogModuleManager: Shutting down and abandoning module TextureAlignMode (219)
[2016.11.20-06.58.03:414][786]LogModuleManager: Shutting down and abandoning module BspMode (218)
[2016.11.20-06.58.03:414][786]LogModuleManager: Shutting down and abandoning module HardwareSurvey (217)
[2016.11.20-06.58.03:414][786]LogModuleManager: Shutting down and abandoning module SequenceRecorderSections (216)
[2016.11.20-06.58.03:414][786]LogModuleManager: Shutting down and abandoning module SequenceRecorder (215)
[2016.11.20-06.58.03:414][786]LogModuleManager: Shutting down and abandoning module AutomationWorker (214)
[2016.11.20-06.58.03:414][786]LogModuleManager: Shutting down and abandoning module MatineeToLevelSequence (213)
[2016.11.20-06.58.03:414][786]LogModuleManager: Shutting down and abandoning module PlacementMode (212)
[2016.11.20-06.58.03:414][786]LogModuleManager: Shutting down and abandoning module LevelSequenceEditor (211)
[2016.11.20-06.58.03:414][786]LogModuleManager: Shutting down and abandoning module WmfMediaFactory (210)
[2016.11.20-06.58.03:414][786]LogModuleManager: Shutting down and abandoning module WmfMediaEditor (209)
[2016.11.20-06.58.03:414][786]LogModuleManager: Shutting down and abandoning module AvfMediaFactory (208)
[2016.11.20-06.58.03:414][786]LogModuleManager: Shutting down and abandoning module AvfMediaEditor (207)
[2016.11.20-06.58.03:414][786]LogModuleManager: Shutting down and abandoning module Media (206)
[2016.11.20-06.58.03:414][786]LogModuleManager: Shutting down and abandoning module AndroidMediaFactory (205)
[2016.11.20-06.58.03:414][786]LogModuleManager: Shutting down and abandoning module AndroidMediaEditor (204)
[2016.11.20-06.58.03:414][786]LogModuleManager: Shutting down and abandoning module CharacterAI (203)
[2016.11.20-06.58.03:414][786]LogModuleManager: Shutting down and abandoning module SmartSnapping (202)
[2016.11.20-06.58.03:414][786]LogModuleManager: Shutting down and abandoning module SessionServices (201)
[2016.11.20-06.58.03:414][786]LogModuleManager: Shutting down and abandoning module ViewportSnapping (200)
[2016.11.20-06.58.03:414][786]LogModuleManager: Shutting down and abandoning module ViewportInteraction (199)
[2016.11.20-06.58.03:414][786]LogModuleManager: Shutting down and abandoning module LogVisualizer (198)
[2016.11.20-06.58.03:414][786]LogModuleManager: Shutting down and abandoning module GameProjectGeneration (197)
[2016.11.20-06.58.03:414][786]LogModuleManager: Shutting down and abandoning module IntroTutorials (196)
[2016.11.20-06.58.03:414][786]LogModuleManager: Shutting down and abandoning module EditorLiveStreaming (195)
[2016.11.20-06.58.03:414][786]LogModuleManager: Shutting down and abandoning module IOSPlatformEditor (194)
[2016.11.20-06.58.03:414][786]LogModuleManager: Shutting down and abandoning module HTML5PlatformEditor (193)
[2016.11.20-06.58.03:414][786]LogModuleManager: Shutting down and abandoning module AndroidDeviceDetection (192)
[2016.11.20-06.58.04:339][786]LogModuleManager: Shutting down and abandoning module AndroidPlatformEditor (191)
[2016.11.20-06.58.04:339][786]LogModuleManager: Shutting down and abandoning module IOSRuntimeSettings (190)
[2016.11.20-06.58.04:339][786]LogModuleManager: Shutting down and abandoning module AndroidRuntimeSettings (189)
[2016.11.20-06.58.04:339][786]LogModuleManager: Shutting down and abandoning module NiagaraEditor (188)
[2016.11.20-06.58.04:339][786]LogModuleManager: Shutting down and abandoning module MergeActors (187)
[2016.11.20-06.58.04:339][786]LogModuleManager: Shutting down and abandoning module SizeMap (186)
[2016.11.20-06.58.04:339][786]LogModuleManager: Shutting down and abandoning module TreeMap (185)
[2016.11.20-06.58.04:339][786]LogModuleManager: Shutting down and abandoning module ReferenceViewer (184)
[2016.11.20-06.58.04:339][786]LogModuleManager: Shutting down and abandoning module LocalizationService (183)
[2016.11.20-06.58.04:339][786]LogModuleManager: Shutting down and abandoning module LocalizationDashboard (182)
[2016.11.20-06.58.04:339][786]LogModuleManager: Shutting down and abandoning module HardwareTargeting (181)
[2016.11.20-06.58.04:339][786]LogModuleManager: Shutting down and abandoning module DeviceProfileEditor (180)
[2016.11.20-06.58.04:339][786]LogModuleManager: Shutting down and abandoning module UndoHistory (179)
[2016.11.20-06.58.04:339][786]LogModuleManager: Shutting down and abandoning module UserFeedback (178)
[2016.11.20-06.58.04:339][786]LogModuleManager: Shutting down and abandoning module XmlParser (177)
[2016.11.20-06.58.04:339][786]LogModuleManager: Shutting down and abandoning module Blutility (176)
[2016.11.20-06.58.04:339][786]LogModuleManager: Shutting down and abandoning module ProjectTargetPlatformEditor (175)
[2016.11.20-06.58.04:339][786]LogModuleManager: Shutting down and abandoning module ProjectSettingsViewer (174)
[2016.11.20-06.58.04:339][786]LogModuleManager: Shutting down and abandoning module InputBindingEditor (173)
[2016.11.20-06.58.04:340][786]LogModuleManager: Shutting down and abandoning module EditorSettingsViewer (172)
[2016.11.20-06.58.04:340][786]LogModuleManager: Shutting down and abandoning module SettingsEditor (171)
[2016.11.20-06.58.04:340][786]LogModuleManager: Shutting down and abandoning module ProjectLauncher (170)
[2016.11.20-06.58.04:340][786]LogModuleManager: Shutting down and abandoning module SessionFrontend (169)
[2016.11.20-06.58.04:340][786]LogModuleManager: Shutting down and abandoning module ProfilerClient (168)
[2016.11.20-06.58.04:340][786]LogModuleManager: Shutting down and abandoning module TargetDeviceServices (167)
[2016.11.20-06.58.04:340][786]LogModuleManager: Shutting down and abandoning module DeviceManager (166)
[2016.11.20-06.58.04:395][786]LogModuleManager: Shutting down and abandoning module AutomationController (165)
[2016.11.20-06.58.04:395][786]LogModuleManager: Shutting down and abandoning module AutomationWindow (164)
[2016.11.20-06.58.04:395][786]LogModuleManager: Shutting down and abandoning module Layers (163)
[2016.11.20-06.58.04:395][786]LogModuleManager: Shutting down and abandoning module ComponentVisualizers (162)
[2016.11.20-06.58.04:395][786]LogModuleManager: Shutting down and abandoning module DetailCustomizations (161)
[2016.11.20-06.58.04:395][786]LogModuleManager: Shutting down and abandoning module PackagesDialog (160)
[2016.11.20-06.58.04:395][786]LogModuleManager: Shutting down and abandoning module AnimGraph (159)
[2016.11.20-06.58.04:395][786]LogModuleManager: Shutting down and abandoning module Persona (158)
[2016.11.20-06.58.04:395][786]LogModuleManager: Shutting down and abandoning module Kismet (157)
[2016.11.20-06.58.04:395][786]LogModuleManager: Shutting down and abandoning module GraphEditor (156)
[2016.11.20-06.58.04:395][786]LogModuleManager: Shutting down and abandoning module ClassViewer (155)
[2016.11.20-06.58.04:395][786]LogModuleManager: Shutting down and abandoning module Toolbox (154)
[2016.11.20-06.58.04:395][786]LogModuleManager: Shutting down and abandoning module ModuleUI (153)
[2016.11.20-06.58.04:395][786]LogModuleManager: Shutting down and abandoning module MovieSceneTools (152)
[2016.11.20-06.58.04:395][786]LogModuleManager: Shutting down and abandoning module OutputLog (151)
[2016.11.20-06.58.04:395][786]LogModuleManager: Shutting down and abandoning module GammaUI (150)
[2016.11.20-06.58.04:395][786]LogModuleManager: Shutting down and abandoning module Documentation (149)
[2016.11.20-06.58.04:395][786]LogModuleManager: Shutting down and abandoning module Niagara (148)
[2016.11.20-06.58.04:395][786]LogModuleManager: Shutting down and abandoning module StreamingPauseRendering (147)
[2016.11.20-06.58.04:395][786]LogModuleManager: Shutting down and abandoning module AnalyticsET (146)
[2016.11.20-06.58.04:395][786]LogModuleManager: Shutting down and abandoning module PortalServices (145)
[2016.11.20-06.58.04:395][786]LogModuleManager: Shutting down and abandoning module PortalRpc (144)
[2016.11.20-06.58.04:395][786]LogModuleManager: Shutting down and abandoning module MessagingRpc (143)
[2016.11.20-06.58.04:395][786]LogModuleManager: Shutting down and abandoning module GameplayDebugger (142)
[2016.11.20-06.58.04:395][786]LogModuleManager: Shutting down and abandoning module AITestSuite (141)
[2016.11.20-06.58.04:395][786]LogModuleManager: Shutting down and abandoning module AIModule (140)
[2016.11.20-06.58.04:395][786]LogModuleManager: Shutting down and abandoning module ProfilerService (139)
[2016.11.20-06.58.04:491][786]LogModuleManager: Shutting down and abandoning module TaskGraph (138)
[2016.11.20-06.58.04:491][786]LogModuleManager: Shutting down and abandoning module SlateRemote (137)
[2016.11.20-06.58.04:491][786]LogModuleManager: Shutting down and abandoning module SteamVRController (136)
[2016.11.20-06.58.04:491][786]LogModuleManager: Shutting down and abandoning module SteamVR (135)
[2016.11.20-06.58.04:491][786]LogModuleManager: Shutting down and abandoning module ProceduralMeshComponentEditor (134)
[2016.11.20-06.58.04:491][786]LogModuleManager: Shutting down and abandoning module ProceduralMeshComponent (133)
[2016.11.20-06.58.04:491][786]LogModuleManager: Shutting down and abandoning module OculusLibrary (132)
[2016.11.20-06.58.04:491][786]LogModuleManager: Shutting down and abandoning module OculusInput (131)
[2016.11.20-06.58.04:491][786]LogModuleManager: Shutting down and abandoning module CustomMeshComponent (130)
[2016.11.20-06.58.04:491][786]LogModuleManager: Shutting down and abandoning module CableComponent (129)
[2016.11.20-06.58.04:491][786]LogModuleManager: Shutting down and abandoning module ArchVisCharacter (128)
[2016.11.20-06.58.04:491][786]LogModuleManager: Shutting down and abandoning module MediaPlayerEditor (126)
[2016.11.20-06.58.04:491][786]LogModuleManager: Shutting down and abandoning module HTML5Networking (125)
[2016.11.20-06.58.04:491][786]LogModuleManager: Shutting down and abandoning module GeometryCacheEd (124)
[2016.11.20-06.58.04:491][786]LogModuleManager: Shutting down and abandoning module GeometryCache (123)
[2016.11.20-06.58.04:491][786]LogModuleManager: Shutting down and abandoning module AlembicLibrary (122)
[2016.11.20-06.58.04:491][786]LogModuleManager: Shutting down and abandoning module AlembicImporter (121)
[2016.11.20-06.58.04:491][786]LogModuleManager: Shutting down and abandoning module SuperSearch (120)
[2016.11.20-06.58.04:491][786]LogModuleManager: Shutting down and abandoning module SuperSearchEditor (119)
[2016.11.20-06.58.04:491][786]LogModuleManager: Shutting down and abandoning module SpeedTreeImporter (118)
[2016.11.20-06.58.04:491][786]LogModuleManager: Shutting down and abandoning module PluginBrowser (117)
[2016.11.20-06.58.04:491][786]LogModuleManager: Shutting down and abandoning module MobileLauncherProfileWizard (116)
[2016.11.20-06.58.04:491][786]LogModuleManager: Shutting down and abandoning module EpicSurvey (115)
[2016.11.20-06.58.04:491][786]LogModuleManager: Shutting down and abandoning module DesktopPlatform (114)
[2016.11.20-06.58.04:491][786]LogModuleManager: Shutting down and abandoning module VisualStudioSourceCodeAccess (113)
[2016.11.20-06.58.04:492][786]LogModuleManager: Shutting down and abandoning module UObjectPlugin (112)
[2016.11.20-06.58.04:492][786]LogModuleManager: Shutting down and abandoning module SubversionSourceControl (111)
[2016.11.20-06.58.04:492][786]LogModuleManager: Shutting down and abandoning module PerforceSourceControl (110)
[2016.11.20-06.58.04:492][786]LogModuleManager: Shutting down and abandoning module SourceControl (109)
[2016.11.20-06.58.04:492][786]LogModuleManager: Shutting down and abandoning module GitSourceControl (108)
[2016.11.20-06.58.04:492][786]LogModuleManager: Shutting down and abandoning module LightPropagationVolumeEditor (107)
[2016.11.20-06.58.04:492][786]LogModuleManager: Shutting down and abandoning module PaperTiledImporter (106)
[2016.11.20-06.58.04:492][786]LogModuleManager: Shutting down and abandoning module PaperSpriteSheetImporter (105)
[2016.11.20-06.58.04:492][786]LogModuleManager: Shutting down and abandoning module MeshPaint (104)
[2016.11.20-06.58.04:492][786]LogModuleManager: Shutting down and abandoning module FbxAutomationBuilderModule (103)
[2016.11.20-06.58.04:492][786]LogModuleManager: Shutting down and abandoning module PixelInspectorModule (102)
[2016.11.20-06.58.04:492][786]LogModuleManager: Shutting down and abandoning module HotReload (101)
[2016.11.20-06.58.04:493][786]LogModuleManager: Shutting down and abandoning module MainFrame (100)
[2016.11.20-06.58.04:493][786]LogModuleManager: Shutting down and abandoning module LevelEditor (99)
[2016.11.20-06.58.04:493][786]LogModuleManager: Shutting down and abandoning module ContentBrowser (98)
[2016.11.20-06.58.04:494][786]LogModuleManager: Shutting down and abandoning module Paper2DEditor (97)
[2016.11.20-06.58.04:494][786]LogModuleManager: Shutting down and abandoning module UdpMessaging (96)
[2016.11.20-06.58.04:595][786]LogModuleManager: Shutting down and abandoning module TcpMessaging (95)
[2016.11.20-06.58.04:696][786]LogModuleManager: Shutting down and abandoning module LightPropagationVolumeRuntime (94)
[2016.11.20-06.58.04:696][786]LogModuleManager: Shutting down and abandoning module Paper2D (93)
[2016.11.20-06.58.04:696][786]LogModuleManager: Shutting down and abandoning module WindowsMoviePlayer (92)
[2016.11.20-06.58.04:696][786]LogModuleManager: Shutting down and abandoning module WmfMedia (91)
[2016.11.20-06.58.04:696][786]LogModuleManager: Shutting down and abandoning module MediaAssets (90)
[2016.11.20-06.58.04:696][786]LogModuleManager: Shutting down and abandoning module GameLiveStreaming (89)
[2016.11.20-06.58.04:696][786]LogModuleManager: Shutting down and abandoning module GameplayTagsEditor (88)
[2016.11.20-06.58.04:696][786]LogModuleManager: Shutting down and abandoning module VREditor (87)
[2016.11.20-06.58.04:696][786]LogModuleManager: Shutting down and abandoning module GameplayTasksEditor (86)
[2016.11.20-06.58.04:696][786]LogModuleManager: Shutting down and abandoning module PropertyEditor (85)
[2016.11.20-06.58.04:696][786]LogModuleManager: Shutting down and abandoning module BehaviorTreeEditor (84)
[2016.11.20-06.58.04:696][786]LogModuleManager: Shutting down and abandoning module FunctionalTesting (83)
[2016.11.20-06.58.04:696][786]LogModuleManager: Shutting down and abandoning module CollisionAnalyzer (82)
[2016.11.20-06.58.04:696][786]LogModuleManager: Shutting down and abandoning module Sequencer (81)
[2016.11.20-06.58.04:696][786]LogModuleManager: Shutting down and abandoning module WorkspaceMenuStructure (80)
[2016.11.20-06.58.04:696][786]LogModuleManager: Shutting down and abandoning module MessageLog (79)
[2016.11.20-06.58.04:696][786]LogModuleManager: Shutting down and abandoning module AssetTools (78)
[2016.11.20-06.58.04:696][786]LogModuleManager: Shutting down and abandoning module UMGEditor (77)
[2016.11.20-06.58.04:696][786]LogModuleManager: Shutting down and abandoning module UMG (76)
[2016.11.20-06.58.04:696][786]LogModuleManager: Shutting down and abandoning module SlateReflector (75)
[2016.11.20-06.58.04:696][786]LogModuleManager: Shutting down and abandoning module Slate (74)
[2016.11.20-06.58.04:696][786]LogModuleManager: Shutting down and abandoning module EditorStyle (73)
[2016.11.20-06.58.04:699][786]LogModuleManager: Shutting down and abandoning module SourceCodeAccess (72)
[2016.11.20-06.58.04:699][786]LogModuleManager: Shutting down and abandoning module HeadMountedDisplay (71)
[2016.11.20-06.58.04:699][786]LogModuleManager: Shutting down and abandoning module XAudio2 (70)
[2016.11.20-06.58.04:699][786]LogModuleManager: Shutting down and abandoning module Networking (68)
[2016.11.20-06.58.04:699][786]LogModuleManager: Shutting down and abandoning module Core (67)
[2016.11.20-06.58.04:699][786]LogModuleManager: Shutting down and abandoning module DirectoryWatcher (66)
[2016.11.20-06.58.04:699][786]LogDirectoryWatcher: A directory notification for '../../../Engine/Content/' was aborted.
[2016.11.20-06.58.04:699][786]LogDirectoryWatcher: A directory notification for '../../../../../../Users/dollon/Documents/GitHub/Revolverrouge/Content/' was aborted.
[2016.11.20-06.58.04:699][786]LogDirectoryWatcher: A directory notification for '../../../Engine/Plugins/2D/Paper2D/Content/' was aborted.
[2016.11.20-06.58.04:700][786]LogModuleManager: Shutting down and abandoning module AssetRegistry (65)
[2016.11.20-06.58.04:947][786]LogModuleManager: Shutting down and abandoning module KismetCompiler (64)
[2016.11.20-06.58.04:947][786]LogModuleManager: Shutting down and abandoning module PhysXFormats (63)
[2016.11.20-06.58.04:947][786]LogModuleManager: Shutting down and abandoning module MeshUtilities (62)
[2016.11.20-06.58.04:947][786]LogModuleManager: Shutting down and abandoning module DerivedDataCache (61)
[2016.11.20-06.58.05:197][786]LogDerivedDataCache: Shutdown
[2016.11.20-06.58.05:197][786]LogModuleManager: Shutting down and abandoning module VulkanShaderFormat (60)
[2016.11.20-06.58.05:197][786]LogModuleManager: Shutting down and abandoning module ShaderFormatOpenGL (59)
[2016.11.20-06.58.05:197][786]LogModuleManager: Shutting down and abandoning module ShaderFormatD3D (58)
[2016.11.20-06.58.05:197][786]LogModuleManager: Shutting down and abandoning module MetalShaderFormat (57)
[2016.11.20-06.58.05:198][786]LogModuleManager: Shutting down and abandoning module TextureFormatUncompressed (56)
[2016.11.20-06.58.05:198][786]LogModuleManager: Shutting down and abandoning module TextureFormatPVR (55)
[2016.11.20-06.58.05:198][786]LogModuleManager: Shutting down and abandoning module TextureFormatDXT (54)
[2016.11.20-06.58.05:198][786]LogModuleManager: Shutting down and abandoning module TextureFormatIntelISPCTexComp (53)
[2016.11.20-06.58.05:198][786]LogModuleManager: Shutting down and abandoning module ImageWrapper (52)
[2016.11.20-06.58.05:198][786]LogModuleManager: Shutting down and abandoning module TextureFormatASTC (51)
[2016.11.20-06.58.05:198][786]LogModuleManager: Shutting down and abandoning module TextureFormatAndroid (50)
[2016.11.20-06.58.05:198][786]LogModuleManager: Shutting down and abandoning module AudioFormatOpus (49)
[2016.11.20-06.58.05:198][786]LogModuleManager: Shutting down and abandoning module AudioFormatOgg (48)
[2016.11.20-06.58.05:198][786]LogModuleManager: Shutting down and abandoning module AudioFormatADPCM (47)
[2016.11.20-06.58.05:198][786]LogModuleManager: Shutting down and abandoning module LinuxTargetPlatform (46)
[2016.11.20-06.58.05:198][786]LogModuleManager: Shutting down and abandoning module LinuxServerTargetPlatform (45)
[2016.11.20-06.58.05:198][786]LogModuleManager: Shutting down and abandoning module LinuxNoEditorTargetPlatform (44)
[2016.11.20-06.58.05:198][786]LogModuleManager: Shutting down and abandoning module LinuxClientTargetPlatform (43)
[2016.11.20-06.58.05:198][786]LogModuleManager: Shutting down and abandoning module TVOSTargetPlatform (42)
[2016.11.20-06.58.05:198][786]LogModuleManager: Shutting down and abandoning module Messaging (41)
[2016.11.20-06.58.05:198][786]LogModuleManager: Shutting down and abandoning module IOSTargetPlatform (40)
[2016.11.20-06.58.05:198][786]LogModuleManager: Shutting down and abandoning module HTML5TargetPlatform (39)
[2016.11.20-06.58.05:198][786]LogModuleManager: Shutting down and abandoning module Android_PVRTCTargetPlatform (38)
[2016.11.20-06.58.05:198][786]LogModuleManager: Shutting down and abandoning module Android_MultiTargetPlatform (37)
[2016.11.20-06.58.05:198][786]LogModuleManager: Shutting down and abandoning module Android_ETC2TargetPlatform (36)
[2016.11.20-06.58.05:198][786]LogModuleManager: Shutting down and abandoning module Android_ETC1TargetPlatform (35)
[2016.11.20-06.58.05:198][786]LogModuleManager: Shutting down and abandoning module Android_DXTTargetPlatform (34)
[2016.11.20-06.58.05:198][786]LogModuleManager: Shutting down and abandoning module Android_ATCTargetPlatform (33)
[2016.11.20-06.58.05:199][786]LogModuleManager: Shutting down and abandoning module Android_ASTCTargetPlatform (32)
[2016.11.20-06.58.05:199][786]LogModuleManager: Shutting down and abandoning module AndroidTargetPlatform (31)
[2016.11.20-06.58.05:199][786]LogModuleManager: Shutting down and abandoning module WindowsTargetPlatform (30)
[2016.11.20-06.58.05:199][786]LogModuleManager: Shutting down and abandoning module WindowsServerTargetPlatform (29)
[2016.11.20-06.58.05:199][786]LogModuleManager: Shutting down and abandoning module WindowsNoEditorTargetPlatform (28)
[2016.11.20-06.58.05:199][786]LogModuleManager: Shutting down and abandoning module WindowsClientTargetPlatform (27)
[2016.11.20-06.58.05:199][786]LogModuleManager: Shutting down and abandoning module AllDesktopTargetPlatform (26)
[2016.11.20-06.58.05:199][786]LogModuleManager: Shutting down and abandoning module TargetPlatform (25)
[2016.11.20-06.58.05:199][786]LogModuleManager: Shutting down and abandoning module InputCore (24)
[2016.11.20-06.58.05:199][786]LogModuleManager: Shutting down and abandoning module Settings (23)
[2016.11.20-06.58.05:199][786]LogModuleManager: Shutting down and abandoning module OculusRift (22)
[2016.11.20-06.58.05:199][786]LogModuleManager: Shutting down and abandoning module GearVR (21)
[2016.11.20-06.58.05:199][786]LogModuleManager: Shutting down and abandoning module ExampleDeviceProfileSelector (20)
[2016.11.20-06.58.05:199][786]LogModuleManager: Shutting down and abandoning module OnlineBlueprintSupport (19)
[2016.11.20-06.58.05:199][786]LogModuleManager: Shutting down and abandoning module OnlineSubsystem (17)
[2016.11.20-06.58.05:199][786]LogOnline:Display: Unloading online subsystem: NULL
[2016.11.20-06.58.05:199][786]LogModuleManager: Shutting down and abandoning module HTTP (16)
[2016.11.20-06.58.05:199][786]LogHttp:Display: Http module shutting down, but needs to wait on 1 outstanding Http requests:
[2016.11.20-06.58.05:199][786]LogHttp:Display: 	verb=[POST] url=[https://datarouter.ol.epicgames.com/datarouter/api/v1/public/data?SessionID=%7BFB49EC97-4EC6-617F-8ACF-F08EDE9E9901%7D&AppID=UEEditor.Rocket.Release&AppVersion=4.13.2-3172292%2B%2B%2BUE4%2BRelease-4.13&UserID=49b053a04be1d98eeae1e69d28ff5e91%7Cc9adf02f97d64ff09b83afed0d9c56c9%7C9aedc1bf-8fbb-45c6-87b0-2b78f4cdb3f4&AppEnvironment=datacollector-binary&UploadType=eteventstream] status=Processing
[2016.11.20-06.58.05:203][786]LogModuleManager: Shutting down and abandoning module XMPP (15)
[2016.11.20-06.58.05:203][786]LogModuleManager: Shutting down and abandoning module TextureCompressor (14)
[2016.11.20-06.58.05:204][786]LogModuleManager: Shutting down and abandoning module ShaderCore (13)
[2016.11.20-06.58.05:204][786]LogModuleManager: Shutting down and abandoning module Landscape (12)
[2016.11.20-06.58.05:204][786]LogModuleManager: Shutting down and abandoning module SlateRHIRenderer (11)
[2016.11.20-06.58.05:206][786]LogModuleManager: Shutting down and abandoning module OpenGLDrv (10)
[2016.11.20-06.58.05:206][786]LogModuleManager: Shutting down and abandoning module D3D11RHI (9)
[2016.11.20-06.58.05:206][786]LogModuleManager: Shutting down and abandoning module AnimGraphRuntime (8)
[2016.11.20-06.58.05:206][786]LogModuleManager: Shutting down and abandoning module Renderer (7)
[2016.11.20-06.58.05:206][786]LogModuleManager: Shutting down and abandoning module Engine (6)
[2016.11.20-06.58.05:206][786]LogModuleManager: Shutting down and abandoning module CoreUObject (5)
[2016.11.20-06.58.05:206][786]LogModuleManager: Shutting down and abandoning module NetworkFile (4)
[2016.11.20-06.58.05:206][786]LogModuleManager: Shutting down and abandoning module StreamingFile (3)
[2016.11.20-06.58.05:206][786]LogModuleManager: Shutting down and abandoning module SandboxFile (2)
[2016.11.20-06.58.05:206][786]LogModuleManager: Shutting down and abandoning module PakFile (1)
[2016.11.20-06.58.05:210][786]LogExit: Exiting.
[2016.11.20-06.58.05:213][786]Log file closed, 11/20/16 07:58:05
