Log file open, 11/11/16 23:29:13
LogInit:Display: Running engine without a game
LogPlatformFile: Not using cached read wrapper
LogInit:Display: Loading recent project file: ../../../../../../Users/dollon/Documents/Unreal Projects/Revolver_Rouge/Revolver_Rouge.uproject
LogInit:Display: RandInit(-35362802) SRandInit(-35362802).
LogTaskGraph: Started task graph with 5 named threads and 8 total threads with 1 sets of task threads.
LogStats: Stats thread started at 0.073604
LogPluginManager: Loaded Plugin Paper2D, From C:/Program Files (x86)/Epic Games/4.13/Engine/Plugins/2D/Paper2D/Paper2D.uplugin
LogPluginManager: Loaded Plugin LightPropagationVolume, From C:/Program Files (x86)/Epic Games/4.13/Engine/Plugins/Blendables/LightPropagationVolume/LightPropagationVolume.uplugin
LogPluginManager: Loaded Plugin BlankPlugin, From C:/Program Files (x86)/Epic Games/4.13/Engine/Plugins/Developer/BlankPlugin/BlankPlugin.uplugin
LogPluginManager: Loaded Plugin CodeLiteSourceCodeAccess, From C:/Program Files (x86)/Epic Games/4.13/Engine/Plugins/Developer/CodeLiteSourceCodeAccess/CodeLiteSourceCodeAccess.uplugin
LogPluginManager: Loaded Plugin GitSourceControl, From C:/Program Files (x86)/Epic Games/4.13/Engine/Plugins/Developer/GitSourceControl/GitSourceControl.uplugin
LogPluginManager: Loaded Plugin KDevelopSourceCodeAccess, From C:/Program Files (x86)/Epic Games/4.13/Engine/Plugins/Developer/KDevelopSourceCodeAccess/KDevelopSourceCodeAccess.uplugin
LogPluginManager: Loaded Plugin NullSourceCodeAccess, From C:/Program Files (x86)/Epic Games/4.13/Engine/Plugins/Developer/NullSourceCodeAccess/NullSourceCodeAccess.uplugin
LogPluginManager: Loaded Plugin OneSkyLocalizationService, From C:/Program Files (x86)/Epic Games/4.13/Engine/Plugins/Developer/OneSkyLocalizationService/OneSkyLocalizationService.uplugin
LogPluginManager: Loaded Plugin PerforceSourceControl, From C:/Program Files (x86)/Epic Games/4.13/Engine/Plugins/Developer/PerforceSourceControl/PerforceSourceControl.uplugin
LogPluginManager: Loaded Plugin SubversionSourceControl, From C:/Program Files (x86)/Epic Games/4.13/Engine/Plugins/Developer/SubversionSourceControl/SubversionSourceControl.uplugin
LogPluginManager: Loaded Plugin UObjectPlugin, From C:/Program Files (x86)/Epic Games/4.13/Engine/Plugins/Developer/UObjectPlugin/UObjectPlugin.uplugin
LogPluginManager: Loaded Plugin VisualStudioSourceCodeAccess, From C:/Program Files (x86)/Epic Games/4.13/Engine/Plugins/Developer/VisualStudioSourceCodeAccess/VisualStudioSourceCodeAccess.uplugin
LogPluginManager: Loaded Plugin XCodeSourceCodeAccess, From C:/Program Files (x86)/Epic Games/4.13/Engine/Plugins/Developer/XCodeSourceCodeAccess/XCodeSourceCodeAccess.uplugin
LogPluginManager: Loaded Plugin EpicSurvey, From C:/Program Files (x86)/Epic Games/4.13/Engine/Plugins/Editor/EpicSurvey/EpicSurvey.uplugin
LogPluginManager: Loaded Plugin MacGraphicsSwitching, From C:/Program Files (x86)/Epic Games/4.13/Engine/Plugins/Editor/MacGraphicsSwitching/MacGraphicsSwitching.uplugin
LogPluginManager: Loaded Plugin MobileLauncherProfileWizard, From C:/Program Files (x86)/Epic Games/4.13/Engine/Plugins/Editor/MobileLauncherProfileWizard/MobileLauncherProfileWizard.uplugin
LogPluginManager: Loaded Plugin PluginBrowser, From C:/Program Files (x86)/Epic Games/4.13/Engine/Plugins/Editor/PluginBrowser/PluginBrowser.uplugin
LogPluginManager: Loaded Plugin SpeedTreeImporter, From C:/Program Files (x86)/Epic Games/4.13/Engine/Plugins/Editor/SpeedTreeImporter/SpeedTreeImporter.uplugin
LogPluginManager: Loaded Plugin SuperSearchEditor, From C:/Program Files (x86)/Epic Games/4.13/Engine/Plugins/Editor/SuperSearchEditor/SuperSearchEditor.uplugin
LogPluginManager: Loaded Plugin AlembicImporter, From C:/Program Files (x86)/Epic Games/4.13/Engine/Plugins/Experimental/AlembicImporter/AlembicImporter.uplugin
LogPluginManager: Loaded Plugin BlueprintStats, From C:/Program Files (x86)/Epic Games/4.13/Engine/Plugins/Experimental/BlueprintStats/BlueprintStats.uplugin
LogPluginManager: Loaded Plugin CharacterAI, From C:/Program Files (x86)/Epic Games/4.13/Engine/Plugins/Experimental/CharacterAI/CharacterAI.uplugin
LogPluginManager: Loaded Plugin CodeEditor, From C:/Program Files (x86)/Epic Games/4.13/Engine/Plugins/Experimental/CodeEditor/CodeEditor.uplugin
LogPluginManager: Loaded Plugin CodeView, From C:/Program Files (x86)/Epic Games/4.13/Engine/Plugins/Experimental/CodeView/CodeView.uplugin
LogPluginManager: Loaded Plugin HTML5Networking, From C:/Program Files (x86)/Epic Games/4.13/Engine/Plugins/Experimental/HTML5Networking/HTML5Networking.uplugin
LogPluginManager: Loaded Plugin LiveEditor, From C:/Program Files (x86)/Epic Games/4.13/Engine/Plugins/Experimental/LiveEditor/LiveEditor.uplugin
LogPluginManager: Loaded Plugin OSVR, From C:/Program Files (x86)/Epic Games/4.13/Engine/Plugins/Experimental/OSVR/OSVR.uplugin
LogPluginManager: Loaded Plugin Phya, From C:/Program Files (x86)/Epic Games/4.13/Engine/Plugins/Experimental/Phya/Phya.uplugin
LogPluginManager: Loaded Plugin SignificanceManager, From C:/Program Files (x86)/Epic Games/4.13/Engine/Plugins/Experimental/SignificanceManager/SignificanceManager.uplugin
LogPluginManager: Loaded Plugin SimpleHMD, From C:/Program Files (x86)/Epic Games/4.13/Engine/Plugins/Experimental/SimpleHMD/SimpleHMD.uplugin
LogPluginManager: Loaded Plugin StereoPanorama, From C:/Program Files (x86)/Epic Games/4.13/Engine/Plugins/Experimental/StereoPanorama/StereoPanorama.uplugin
LogPluginManager: Loaded Plugin StructBox, From C:/Program Files (x86)/Epic Games/4.13/Engine/Plugins/Experimental/StructBox/StructBox.uplugin
LogPluginManager: Loaded Plugin AndroidMedia, From C:/Program Files (x86)/Epic Games/4.13/Engine/Plugins/Media/AndroidMedia/AndroidMedia.uplugin
LogPluginManager: Loaded Plugin AvfMedia, From C:/Program Files (x86)/Epic Games/4.13/Engine/Plugins/Media/AvfMedia/AvfMedia.uplugin
LogPluginManager: Loaded Plugin MediaPlayerEditor, From C:/Program Files (x86)/Epic Games/4.13/Engine/Plugins/Media/MediaPlayerEditor/MediaPlayerEditor.uplugin
LogPluginManager: Loaded Plugin WmfMedia, From C:/Program Files (x86)/Epic Games/4.13/Engine/Plugins/Media/WmfMedia/WmfMedia.uplugin
LogPluginManager: Loaded Plugin MessagingDebugger, From C:/Program Files (x86)/Epic Games/4.13/Engine/Plugins/Messaging/MessagingDebugger/MessagingDebugger.uplugin
LogPluginManager: Loaded Plugin TcpMessaging, From C:/Program Files (x86)/Epic Games/4.13/Engine/Plugins/Messaging/TcpMessaging/TcpMessaging.uplugin
LogPluginManager: Loaded Plugin UdpMessaging, From C:/Program Files (x86)/Epic Games/4.13/Engine/Plugins/Messaging/UdpMessaging/UdpMessaging.uplugin
LogPluginManager: Loaded Plugin LevelSequenceEditor, From C:/Program Files (x86)/Epic Games/4.13/Engine/Plugins/MovieScene/LevelSequenceEditor/LevelSequenceEditor.uplugin
LogPluginManager: Loaded Plugin MatineeToLevelSequence, From C:/Program Files (x86)/Epic Games/4.13/Engine/Plugins/MovieScene/MatineeToLevelSequence/MatineeToLevelSequence.uplugin
LogPluginManager: Loaded Plugin NetcodeUnitTest, From C:/Program Files (x86)/Epic Games/4.13/Engine/Plugins/NetcodeUnitTest/NetcodeUnitTest/NetcodeUnitTest.uplugin
LogPluginManager: Loaded Plugin NUTUnrealEngine4, From C:/Program Files (x86)/Epic Games/4.13/Engine/Plugins/NetcodeUnitTest/NUTUnrealEngine4/NUTUnrealEngine4.uplugin
LogPluginManager: Loaded Plugin OnlineSubsystemGooglePlay, From C:/Program Files (x86)/Epic Games/4.13/Engine/Plugins/Online/Android/OnlineSubsystemGooglePlay/OnlineSubsystemGooglePlay.uplugin
LogPluginManager: Loaded Plugin OnlineSubsystemIOS, From C:/Program Files (x86)/Epic Games/4.13/Engine/Plugins/Online/IOS/OnlineSubsystemIOS/OnlineSubsystemIOS.uplugin
LogPluginManager: Loaded Plugin OnlineFramework, From C:/Program Files (x86)/Epic Games/4.13/Engine/Plugins/Online/OnlineFramework/OnlineFramework.uplugin
LogPluginManager: Loaded Plugin OnlineSubsystem, From C:/Program Files (x86)/Epic Games/4.13/Engine/Plugins/Online/OnlineSubsystem/OnlineSubsystem.uplugin
LogPluginManager: Loaded Plugin OnlineSubsystemAmazon, From C:/Program Files (x86)/Epic Games/4.13/Engine/Plugins/Online/OnlineSubsystemAmazon/OnlineSubsystemAmazon.uplugin
LogPluginManager: Loaded Plugin OnlineSubsystemFacebook, From C:/Program Files (x86)/Epic Games/4.13/Engine/Plugins/Online/OnlineSubsystemFacebook/OnlineSubsystemFacebook.uplugin
LogPluginManager: Loaded Plugin OnlineSubsystemNull, From C:/Program Files (x86)/Epic Games/4.13/Engine/Plugins/Online/OnlineSubsystemNull/OnlineSubsystemNull.uplugin
LogPluginManager: Loaded Plugin OnlineSubsystemOculus, From C:/Program Files (x86)/Epic Games/4.13/Engine/Plugins/Online/OnlineSubsystemOculus/OnlineSubsystemOculus.uplugin
LogPluginManager: Loaded Plugin OnlineSubsystemSteam, From C:/Program Files (x86)/Epic Games/4.13/Engine/Plugins/Online/OnlineSubsystemSteam/OnlineSubsystemSteam.uplugin
LogPluginManager: Loaded Plugin OnlineSubsystemUtils, From C:/Program Files (x86)/Epic Games/4.13/Engine/Plugins/Online/OnlineSubsystemUtils/OnlineSubsystemUtils.uplugin
LogPluginManager: Loaded Plugin IOSTapJoy, From C:/Program Files (x86)/Epic Games/4.13/Engine/Plugins/Runtime/Advertising/IOSTapJoy/IOSTapJoy.uplugin
LogPluginManager: Loaded Plugin AnalyticsBlueprintLibrary, From C:/Program Files (x86)/Epic Games/4.13/Engine/Plugins/Runtime/Analytics/AnalyticsBlueprintLibrary/AnalyticsBlueprintLibrary.uplugin
LogPluginManager: Loaded Plugin AnalyticsMulticast, From C:/Program Files (x86)/Epic Games/4.13/Engine/Plugins/Runtime/Analytics/AnalyticsMulticast/AnalyticsMulticast.uplugin
LogPluginManager: Loaded Plugin Apsalar, From C:/Program Files (x86)/Epic Games/4.13/Engine/Plugins/Runtime/Analytics/Apsalar/Apsalar.uplugin
LogPluginManager: Loaded Plugin FileLogging, From C:/Program Files (x86)/Epic Games/4.13/Engine/Plugins/Runtime/Analytics/FileLogging/FileLogging.uplugin
LogPluginManager: Loaded Plugin Flurry, From C:/Program Files (x86)/Epic Games/4.13/Engine/Plugins/Runtime/Analytics/Flurry/Flurry.uplugin
LogPluginManager: Loaded Plugin AndroidDeviceProfileSelector, From C:/Program Files (x86)/Epic Games/4.13/Engine/Plugins/Runtime/AndroidDeviceProfileSelector/AndroidDeviceProfileSelector.uplugin
LogPluginManager: Loaded Plugin AndroidMoviePlayer, From C:/Program Files (x86)/Epic Games/4.13/Engine/Plugins/Runtime/AndroidMoviePlayer/AndroidMoviePlayer.uplugin
LogPluginManager: Loaded Plugin AppleMoviePlayer, From C:/Program Files (x86)/Epic Games/4.13/Engine/Plugins/Runtime/AppleMoviePlayer/AppleMoviePlayer.uplugin
LogPluginManager: Loaded Plugin ArchVisCharacter, From C:/Program Files (x86)/Epic Games/4.13/Engine/Plugins/Runtime/ArchVisCharacter/ArchVisCharacter.uplugin
LogPluginManager: Loaded Plugin CableComponent, From C:/Program Files (x86)/Epic Games/4.13/Engine/Plugins/Runtime/CableComponent/CableComponent.uplugin
LogPluginManager: Loaded Plugin CustomMeshComponent, From C:/Program Files (x86)/Epic Games/4.13/Engine/Plugins/Runtime/CustomMeshComponent/CustomMeshComponent.uplugin
LogPluginManager: Loaded Plugin ExampleDeviceProfileSelector, From C:/Program Files (x86)/Epic Games/4.13/Engine/Plugins/Runtime/ExampleDeviceProfileSelector/ExampleDeviceProfileSelector.uplugin
LogPluginManager: Loaded Plugin GearVR, From C:/Program Files (x86)/Epic Games/4.13/Engine/Plugins/Runtime/GearVR/GearVR.uplugin
LogPluginManager: Loaded Plugin GoogleVRController, From C:/Program Files (x86)/Epic Games/4.13/Engine/Plugins/Runtime/GoogleVR/GoogleVRController/GoogleVRController.uplugin
LogPluginManager: Loaded Plugin GoogleVRHMD, From C:/Program Files (x86)/Epic Games/4.13/Engine/Plugins/Runtime/GoogleVR/GoogleVRHMD/GoogleVRHMD.uplugin
LogPluginManager: Loaded Plugin IOSDeviceProfileSelector, From C:/Program Files (x86)/Epic Games/4.13/Engine/Plugins/Runtime/IOSDeviceProfileSelector/IOSDeviceProfileSelector.uplugin
LogPluginManager: Loaded Plugin LeapMotion, From C:/Program Files (x86)/Epic Games/4.13/Engine/Plugins/Runtime/LeapMotion/LeapMotion.uplugin
LogPluginManager: Loaded Plugin LinuxDeviceProfileSelector, From C:/Program Files (x86)/Epic Games/4.13/Engine/Plugins/Runtime/LinuxDeviceProfileSelector/LinuxDeviceProfileSelector.uplugin
LogPluginManager: Loaded Plugin LiveEditorListenServer, From C:/Program Files (x86)/Epic Games/4.13/Engine/Plugins/Runtime/LiveEditorListenServer/LiveEditorListenServer.uplugin
LogPluginManager: Loaded Plugin OculusAudio, From C:/Program Files (x86)/Epic Games/4.13/Engine/Plugins/Runtime/OculusAudio/OculusAudio.uplugin
LogPluginManager: Loaded Plugin OculusInput, From C:/Program Files (x86)/Epic Games/4.13/Engine/Plugins/Runtime/OculusInput/OculusInput.uplugin
LogPluginManager: Loaded Plugin OculusLibrary, From C:/Program Files (x86)/Epic Games/4.13/Engine/Plugins/Runtime/OculusLibrary/OculusLibrary.uplugin
LogPluginManager: Loaded Plugin OculusRift, From C:/Program Files (x86)/Epic Games/4.13/Engine/Plugins/Runtime/OculusRift/OculusRift.uplugin
LogPluginManager: Loaded Plugin Oodle, From C:/Program Files (x86)/Epic Games/4.13/Engine/Plugins/Runtime/PacketHandlers/CompressionComponents/Oodle/Oodle.uplugin
LogPluginManager: Loaded Plugin ProceduralMeshComponent, From C:/Program Files (x86)/Epic Games/4.13/Engine/Plugins/Runtime/ProceduralMeshComponent/ProceduralMeshComponent.uplugin
LogPluginManager: Loaded Plugin SoundMod, From C:/Program Files (x86)/Epic Games/4.13/Engine/Plugins/Runtime/SoundMod/SoundMod.uplugin
LogPluginManager: Loaded Plugin SoundVisualizations, From C:/Program Files (x86)/Epic Games/4.13/Engine/Plugins/Runtime/SoundVisualizations/SoundVisualizations.uplugin
LogPluginManager: Loaded Plugin SteamController, From C:/Program Files (x86)/Epic Games/4.13/Engine/Plugins/Runtime/Steam/SteamController/SteamController.uplugin
LogPluginManager: Loaded Plugin SteamVR, From C:/Program Files (x86)/Epic Games/4.13/Engine/Plugins/Runtime/Steam/SteamVR/SteamVR.uplugin
LogPluginManager: Loaded Plugin WebBrowserWidget, From C:/Program Files (x86)/Epic Games/4.13/Engine/Plugins/Runtime/WebBrowserWidget/WebBrowserWidget.uplugin
LogPluginManager: Loaded Plugin WindowsDeviceProfileSelector, From C:/Program Files (x86)/Epic Games/4.13/Engine/Plugins/Runtime/WindowsDeviceProfileSelector/WindowsDeviceProfileSelector.uplugin
LogPluginManager: Loaded Plugin WindowsMoviePlayer, From C:/Program Files (x86)/Epic Games/4.13/Engine/Plugins/Runtime/WindowsMoviePlayer/WindowsMoviePlayer.uplugin
LogPluginManager: Loaded Plugin ScriptPlugin, From C:/Program Files (x86)/Epic Games/4.13/Engine/Plugins/ScriptPlugin/ScriptPlugin.uplugin
LogPluginManager: Loaded Plugin SlateRemote, From C:/Program Files (x86)/Epic Games/4.13/Engine/Plugins/Slate/SlateRemote/SlateRemote.uplugin
LogInit: Using libcurl 7.47.1
LogInit:  - built for x86_64-pc-win32
LogInit:  - supports SSL with WinSSL
LogInit:  - other features:
LogInit:      CURL_VERSION_SSL
LogInit:      CURL_VERSION_IPV6
LogInit:      CURL_VERSION_ASYNCHDNS
LogInit:      CURL_VERSION_LARGEFILE
LogInit:      CURL_VERSION_IDN
LogInit:  CurlRequestOptions (configurable via config and command line):
LogInit:  - bVerifyPeer = false  - Libcurl will NOT verify peer certificate
LogInit:  - bUseHttpProxy = false  - Libcurl will NOT use HTTP proxy
LogInit:  - bDontReuseConnections = false  - Libcurl will reuse connections
LogInit:  - CertBundlePath = nullptr  - Libcurl will use whatever was configured at build time.
LogInit: Build: ++UE4+Release-4.13-CL-3172292
LogInit: Engine Version: 4.13.2-3172292+++UE4+Release-4.13
LogInit: Compatible Engine Version: 4.13.0-3106830+++UE4+Release-4.13
LogInit: Net CL: 3172292
LogDevObjectVersion: Number of dev versions registered: 13
LogDevObjectVersion:   Dev-Blueprints (B0D832E4-1F89-4F0D-ACCF-7EB736FD4AA2): 5
LogDevObjectVersion:   Dev-Build (E1C64328-A22C-4D53-A36C-8E866417BD8C): 0
LogDevObjectVersion:   Dev-Core (375EC13C-06E4-48FB-B500-84F0262A717E): 1
LogDevObjectVersion:   Dev-Editor (E4B068ED-F494-42E9-A231-DA0B2E46BB41): 6
LogDevObjectVersion:   Dev-Framework (CFFC743F-43B0-4480-9391-14DF171D2073): 12
LogDevObjectVersion:   Dev-Mobile (B02B49B5-BB20-44E9-A304-32B752E40360): 0
LogDevObjectVersion:   Dev-Networking (A4E4105C-59A1-49B5-A7C5-40C4547EDFEE): 0
LogDevObjectVersion:   Dev-Online (39C831C9-5AE6-47DC-9A44-9C173E1C8E7C): 0
LogDevObjectVersion:   Dev-Physics (78F01B33-EBEA-4F98-B9B4-84EACCB95AA2): 0
LogDevObjectVersion:   Dev-Platform (6631380F-2D4D-43E0-8009-CF276956A95A): 0
LogDevObjectVersion:   Dev-Rendering (12F88B9F-8875-4AFC-A67C-D90C383ABD29): 4
LogDevObjectVersion:   Dev-Sequencer (7B5AE74C-D270-4C10-A958-57980B212A5A): 0
LogDevObjectVersion:   Dev-VR (D7296918-1DD6-4BDD-9DE2-64A83CC13884): 0
LogInit: Compiled (64-bit): Oct 24 2016 14:29:06
LogInit: Compiled with Visual C++: 19.00.23026.00
LogInit: Build Configuration: Development
LogInit: Branch Name: ++UE4+Release-4.13
LogInit: Command line: -EpicPortal 
LogInit: Base directory: C:/Program Files (x86)/Epic Games/4.13/Engine/Binaries/Win64/
LogInit: Installed Engine Build: 1
LogInit: Presizing for max 8388607 objects, including 0 objects not considered by GC, pre-allocating 0 bytes for permanent pool.
LogInit: Object subsystem initialized
[2016.11.11-22.29.13:720][  0]LogInit: Selected Device Profile: [Windows]
[2016.11.11-22.29.13:720][  0]LogInit: Applying CVar settings loaded from the selected device profile: [Windows]
[2016.11.11-22.29.13:735][  0]LogInit: Computer: DESKTOP-G1HI001
[2016.11.11-22.29.13:735][  0]LogInit: User: dollon
[2016.11.11-22.29.13:735][  0]LogInit: CPU Page size=65536, Cores=4
[2016.11.11-22.29.13:735][  0]LogInit: High frequency timer resolution =3.319353 MHz
[2016.11.11-22.29.13:735][  0]LogMemory: Memory total: Physical=15.9GB (16GB approx)
[2016.11.11-22.29.13:735][  0]LogMemory: Platform Memory Stats for Windows
[2016.11.11-22.29.13:735][  0]LogMemory: Process Physical Memory: 256.13 MB used, 256.13 MB peak
[2016.11.11-22.29.13:735][  0]LogMemory: Process Virtual Memory: 259.92 MB used, 259.92 MB peak
[2016.11.11-22.29.13:735][  0]LogMemory: Physical Memory: 6623.32 MB used, 16303.07 MB total
[2016.11.11-22.29.13:735][  0]LogMemory: Virtual Memory: 622.54 MB used, 134217728.00 MB total
[2016.11.11-22.29.13:772][  0]LogTextLocalizationManager: No specific translations for ('en-AU') exist, so ('en') translations will be used.
[2016.11.11-22.29.14:329][  0]LogD3D11RHI: D3D11 adapters:
[2016.11.11-22.29.14:348][  0]LogD3D11RHI:    0. 'NVIDIA GeForce GTX 770' (Feature Level 11_0)
[2016.11.11-22.29.14:348][  0]LogD3D11RHI:       2017/0/8151 MB DedicatedVideo/DedicatedSystem/SharedSystem, Outputs:2, VendorId:0x10de
[2016.11.11-22.29.14:349][  0]LogD3D11RHI:    1. 'Microsoft Basic Render Driver' (Feature Level 11_0)
[2016.11.11-22.29.14:349][  0]LogD3D11RHI:       0/0/8151 MB DedicatedVideo/DedicatedSystem/SharedSystem, Outputs:0, VendorId:0x1414
[2016.11.11-22.29.14:349][  0]LogD3D11RHI: Chosen D3D11 Adapter: 0
[2016.11.11-22.29.14:353][  0]LogD3D11RHI: Creating new Direct3DDevice
[2016.11.11-22.29.14:353][  0]LogD3D11RHI:     GPU DeviceId: 0x1184 (for the marketing name, search the web for "GPU Device Id")
[2016.11.11-22.29.14:353][  0]LogWindows: EnumDisplayDevices:
[2016.11.11-22.29.14:353][  0]LogWindows:    0. 'NVIDIA GeForce GTX 770' (P:1 D:1)
[2016.11.11-22.29.14:354][  0]LogWindows:    1. 'NVIDIA GeForce GTX 770' (P:0 D:1)
[2016.11.11-22.29.14:354][  0]LogWindows:    2. 'NVIDIA GeForce GTX 770' (P:0 D:0)
[2016.11.11-22.29.14:354][  0]LogWindows:    3. 'NVIDIA GeForce GTX 770' (P:0 D:0)
[2016.11.11-22.29.14:354][  0]LogWindows: DebugString: FoundDriverCount:4 
[2016.11.11-22.29.14:354][  0]LogD3D11RHI:     Adapter Name: NVIDIA GeForce GTX 770
[2016.11.11-22.29.14:354][  0]LogD3D11RHI:   Driver Version: 372.70 (internal:21.21.13.7270, unified:372.70)
[2016.11.11-22.29.14:354][  0]LogD3D11RHI:      Driver Date: 8-25-2016
[2016.11.11-22.29.14:354][  0]LogRHI: Texture pool is 1361 MB (70% of 1945 MB)
[2016.11.11-22.29.14:365][  0]LogD3D11RHI: Async texture creation enabled
[2016.11.11-22.29.14:375][  0]LogD3D11RHI: GPU Timing Frequency: 1000.000000 (Debug: 2 1)
[2016.11.11-22.29.14:375][  0]LogShaderCompilers: Guid format shader working directory is -24 characters bigger than the processId version (../../../../../../Users/dollon/Documents/Unreal Projects/Revolver_Rouge/Intermediate/Shaders/WorkingDirectory/7584/).
[2016.11.11-22.29.14:375][  0]LogShaderCompilers: Cleaned the shader compiler working directory 'C:/Users/dollon/AppData/Local/Temp/UnrealShaderWorkingDir/F7627D304C75CEB33C41B6A3EA514DBC/'.
[2016.11.11-22.29.14:375][  0]LogShaderCompilers:Display: Using Local Shader Compiler.
[2016.11.11-22.29.15:284][  0]LogTemp:Display: Loaded TP AllDesktopTargetPlatform
[2016.11.11-22.29.15:291][  0]LogTemp:Display: Loaded TP WindowsClientTargetPlatform
[2016.11.11-22.29.15:299][  0]LogTemp:Display: Loaded TP WindowsNoEditorTargetPlatform
[2016.11.11-22.29.15:306][  0]LogTemp:Display: Loaded TP WindowsServerTargetPlatform
[2016.11.11-22.29.15:313][  0]LogTemp:Display: Loaded TP WindowsTargetPlatform
[2016.11.11-22.29.15:320][  0]LogTemp:Display: Loaded TP AndroidTargetPlatform
[2016.11.11-22.29.15:326][  0]LogTemp:Display: Loaded TP Android_ASTCTargetPlatform
[2016.11.11-22.29.15:332][  0]LogTemp:Display: Loaded TP Android_ATCTargetPlatform
[2016.11.11-22.29.15:339][  0]LogTemp:Display: Loaded TP Android_DXTTargetPlatform
[2016.11.11-22.29.15:345][  0]LogTemp:Display: Loaded TP Android_ETC1TargetPlatform
[2016.11.11-22.29.15:351][  0]LogTemp:Display: Loaded TP Android_ETC2TargetPlatform
[2016.11.11-22.29.15:364][  0]LogTemp:Display: Loaded TP Android_MultiTargetPlatform
[2016.11.11-22.29.15:364][  0]LogTemp:Display: Loaded TP Android_PVRTCTargetPlatform
[2016.11.11-22.29.15:365][  0]LogTemp:Display: Loaded TP HTML5TargetPlatform
[2016.11.11-22.29.15:383][  0]LogTemp:Display: Loaded TP IOSTargetPlatform
[2016.11.11-22.29.15:389][  0]LogTemp:Display: Loaded TP TVOSTargetPlatform
[2016.11.11-22.29.15:395][  0]LogTemp:Display: Loaded TP LinuxClientTargetPlatform
[2016.11.11-22.29.15:402][  0]LogTemp:Display: Loaded TP LinuxNoEditorTargetPlatform
[2016.11.11-22.29.15:408][  0]LogTemp:Display: Loaded TP LinuxServerTargetPlatform
[2016.11.11-22.29.15:414][  0]LogTemp:Display: Loaded TP LinuxTargetPlatform
[2016.11.11-22.29.15:414][  0]LogTargetPlatformManager:Display: Building Assets For Windows
[2016.11.11-22.29.15:471][  0]LogDerivedDataCache:Display: Max Cache Size: 512 MB
[2016.11.11-22.29.15:531][  0]LogDerivedDataCache: Loaded boot cache 0.06s 62MB C:/Users/dollon/AppData/Local/UnrealEngine/4.13/DerivedDataCache/Boot.ddc.
[2016.11.11-22.29.15:531][  0]LogDerivedDataCache:Display: Loaded Boot cache: C:/Users/dollon/AppData/Local/UnrealEngine/4.13/DerivedDataCache/Boot.ddc
[2016.11.11-22.29.15:532][  0]LogDerivedDataCache: FDerivedDataBackendGraph:  Pak pak cache file ../../../../../../Users/dollon/Documents/Unreal Projects/Revolver_Rouge/DerivedDataCache/DDC.ddp not found, will not use a pak cache.
[2016.11.11-22.29.15:532][  0]LogDerivedDataCache: Unable to find inner node Pak for hierarchical cache Hierarchy.
[2016.11.11-22.29.15:532][  0]LogDerivedDataCache: FDerivedDataBackendGraph:  CompressedPak pak cache file ../../../../../../Users/dollon/Documents/Unreal Projects/Revolver_Rouge/DerivedDataCache/Compressed.ddp not found, will not use a pak cache.
[2016.11.11-22.29.15:532][  0]LogDerivedDataCache: Unable to find inner node CompressedPak for hierarchical cache Hierarchy.
[2016.11.11-22.29.15:547][  0]LogDerivedDataCache:Display: Pak cache opened for reading ../../../Engine/DerivedDataCache/Compressed.ddp.
[2016.11.11-22.29.15:560][  0]LogDerivedDataCache: Using Local data cache path C:/Users/dollon/AppData/Local/UnrealEngine/Common/DerivedDataCache: Writable
[2016.11.11-22.29.15:748][  0]LogInit: Selected Device Profile: [Windows]
[2016.11.11-22.29.15:752][  0]LogContentStreaming: Texture pool size is 0.00 MB
[2016.11.11-22.29.15:841][  0]LogMeshUtilities: No automatic mesh reduction module available
[2016.11.11-22.29.15:841][  0]LogMeshUtilities: No automatic mesh merging module available
[2016.11.11-22.29.15:841][  0]LogMeshUtilities: No distributed automatic mesh merging module available
[2016.11.11-22.29.15:904][  0]LogMaterial: Uniform references updated for custom material expression Custom.
[2016.11.11-22.29.16:158][  0]LogNetVersion: GetLocalNetworkVersion: CL: 3106830, ProjectName: revolver_rouge, ProjectVersion: , EngineNetworkVersion: 1, GameNetworkVersion: 0, NetworkChecksum: 4118575143
[2016.11.11-22.29.16:193][  0]LogAssetRegistry: FAssetRegistry took 0.0216 seconds to start up
[2016.11.11-22.29.16:239][  0]LogPackageLocalizationCache: Processed 3 localized package path(s) for 2 prioritized culture(s) in 0.045058 seconds
[2016.11.11-22.29.16:244][  0]LogUObjectArray: 29778 objects as part of root set at end of initial load.
[2016.11.11-22.29.16:244][  0]LogUObjectAllocator: 6125456 out of 0 bytes used by permanent object pool.
[2016.11.11-22.29.16:244][  0]LogUObjectArray: CloseDisregardForGC: 0/0 objects in disregard for GC pool
[2016.11.11-22.29.16:247][  0]LogInit: WinSock: version 1.1 (2.2), MaxSocks=32767, MaxUdp=65467
[2016.11.11-22.29.16:468][  0]LogSlate: SlateFontCache - WITH_FREETYPE: 1, WITH_HARFBUZZ: 1
[2016.11.11-22.29.16:468][  0]LogSlate: SlateFontCache - WITH_FREETYPE: 1, WITH_HARFBUZZ: 1
[2016.11.11-22.29.17:085][  0]LogTcpMessaging: Initializing TcpMessaging bridge
[2016.11.11-22.29.17:104][  0]LogUdpMessaging: Initializing bridge on interface 0.0.0.0:0 to multicast group 230.0.0.1:6666.
[2016.11.11-22.29.17:357][  0]SourceControl: Info Source control is disabled
[2016.11.11-22.29.17:359][  0]SourceControl: Info Source control is disabled
[2016.11.11-22.29.17:366][  0]SourceControl: Info Source control is disabled
[2016.11.11-22.29.17:377][  0]SourceControl: Info Source control is disabled
[2016.11.11-22.29.17:460][  0]LogLinker:Warning: Can't find file '/Game/ThirdPersonBP/ThirdPersonOverview'
[2016.11.11-22.29.17:460][  0]LogLinker:Warning: Can't find file '/Game/ThirdPersonBP/ThirdPersonOverview'
[2016.11.11-22.29.17:460][  0]LogUObjectGlobals:Warning: Failed to find object 'Class /Game/ThirdPersonBP/ThirdPersonOverview.ThirdPersonOverview_C'
[2016.11.11-22.29.17:650][  0]LogEngine: Initializing Engine...
[2016.11.11-22.29.17:651][  0]LogHMD: Failed to initialize OpenVR with code 110
[2016.11.11-22.29.17:785][  0]LogAIModule: Creating AISystem for world Untitled
[2016.11.11-22.29.17:808][  0]LogInit: XAudio2 using 'Lautsprecher (Realtek High Definition Audio)' : 2 channels at 48 kHz using 32 bits per sample (channel mask 0x3)
[2016.11.11-22.29.17:825][  0]LogInit: FAudioDevice initialized.
[2016.11.11-22.29.17:861][  0]LogDerivedDataCache: Saved boot cache 0.04s 62MB C:/Users/dollon/AppData/Local/UnrealEngine/4.13/DerivedDataCache/Boot.ddc.
[2016.11.11-22.29.17:869][  0]LogInit: Texture streaming: Enabled
[2016.11.11-22.29.17:894][  0]LogInit: Transaction tracking system initialized
[2016.11.11-22.29.17:914][  0]BlueprintLog: New page: Editor Load
[2016.11.11-22.29.17:983][  0]LocalizationService: Info Localization service is disabled
[2016.11.11-22.29.18:055][  0]LogConsoleResponse:Display: 
[2016.11.11-22.29.18:153][  0]LogCook:Display: Max memory allowance for cook 16384mb min free memory 0mb
[2016.11.11-22.29.18:153][  0]LogCook:Display: Mobile HDR setting 1
[2016.11.11-22.29.18:297][  0]LogFileCache: Scanning file cache for directory 'C:/Users/dollon/Documents/Unreal Projects/Revolver_Rouge/Content/' took 0.01s
[2016.11.11-22.29.18:298][  0]SourceControl: Info Source control is disabled
[2016.11.11-22.29.18:298][  0]Cmd: MAP LOAD FILE="../../../Engine/Content/Maps/Templates/Template_Default.umap" TEMPLATE=1 SHOWPROGRESS=1 FEATURELEVEL=3
[2016.11.11-22.29.18:298][  0]LightingResults: New page: Lighting Build
[2016.11.11-22.29.18:300][  0]MapCheck: New page: Map Check
[2016.11.11-22.29.18:300][  0]LightingResults: New page: Lighting Build
[2016.11.11-22.29.18:524][  0]LogAIModule: Creating AISystem for world Untitled_1
[2016.11.11-22.29.18:529][  0]LogEditorServer: Finished looking for orphan Actors (0.000 secs)
[2016.11.11-22.29.18:533][  0]Cmd: MAP CHECKDEP NOCLEARLOG
[2016.11.11-22.29.18:571][  0]MapCheck: Info Map check complete: 0 Error(s), 0 Warning(s), took 38.219ms to complete.
[2016.11.11-22.29.18:571][  0]LogFileHelpers: Loading map 'Template_Default' took 0.273
[2016.11.11-22.29.18:695][  0]LogCollectionManager: Loaded 0 collections in 0.001036 seconds
[2016.11.11-22.29.18:746][  0]LogFileCache: Scanning file cache for directory 'C:/Users/dollon/Documents/Unreal Projects/Revolver_Rouge/Saved/Collections/' took 0.01s
[2016.11.11-22.29.18:746][  0]LogFileCache: Scanning file cache for directory 'C:/Users/dollon/Documents/Unreal Projects/Revolver_Rouge/Content/Developers/dollon/Collections/' took 0.01s
[2016.11.11-22.29.18:746][  0]LogFileCache: Scanning file cache for directory 'C:/Users/dollon/Documents/Unreal Projects/Revolver_Rouge/Content/Collections/' took 0.01s
[2016.11.11-22.29.18:746][  0]LogCollectionManager: Rebuilt the GUID cache for 0 collections in 0.000003 seconds
[2016.11.11-22.29.18:755][  0]LogContentBrowser: Native class hierarchy populated in 0.0090 seconds. Added 2141 classes and 415 folders.
[2016.11.11-22.29.18:758][  0]LogStats: UGameplayTagsManager::ConstructGameplayTagTree: Construct from data asset -  0.000 s
[2016.11.11-22.29.18:758][  0]LogStats: UGameplayTagsManager::ConstructGameplayTagTree: GameplayTagTreeChangedEvent.Broadcast -  0.000 s
[2016.11.11-22.29.18:759][  0]LogContentBrowser: Native class hierarchy updated for 'GameplayTags' in 0.0005 seconds. Added 12 classes and 0 folders.
[2016.11.11-22.29.18:761][  0]LogContentBrowser: Native class hierarchy updated for 'WidgetCarousel' in 0.0004 seconds. Added 0 classes and 0 folders.
[2016.11.11-22.29.18:808][  0]LogContentBrowser: Native class hierarchy updated for 'AddContentDialog' in 0.0004 seconds. Added 0 classes and 0 folders.
[2016.11.11-22.29.18:812][  0]LogContentBrowser: Native class hierarchy updated for 'SceneOutliner' in 0.0004 seconds. Added 1 classes and 2 folders.
[2016.11.11-22.29.18:825][  0]LogCrashTracker: Crashtracker disabled due to settings.
[2016.11.11-22.29.18:833][  0]LogUObjectGlobals:Warning: Failed to find object 'Class None.'
[2016.11.11-22.29.18:858][  0]LogContentBrowser: Native class hierarchy updated for 'HierarchicalLODOutliner' in 0.0004 seconds. Added 1 classes and 2 folders.
[2016.11.11-22.29.18:858][  0]LogLoad: (Engine Initialization) Total time: 5.95 seconds
[2016.11.11-22.29.18:858][  0]LogLoad: (Engine Initialization) Total Blueprint compile time: 0.04 seconds
[2016.11.11-22.29.18:858][  0]LogExternalProfiler: Found external profiler: VSPerf
[2016.11.11-22.29.18:858][  0]LogExternalProfiler: Using external profiler: VSPerf
[2016.11.11-22.29.18:873][  0]LogWindowsTextInputMethodSystem:Display: IME system now deactivated.
[2016.11.11-22.29.18:873][  0]LogOcInput: OculusInput pre-init called
[2016.11.11-22.29.18:888][  0]LogAssetRegistry: Asset discovery search completed in 2.7174 seconds
[2016.11.11-22.29.18:888][  0]LogCollectionManager: Rebuilt the object cache for 0 collections in 0.000001 seconds (found 0 objects)
[2016.11.11-22.29.18:888][  0]LogCollectionManager: Fixed up redirectors for 0 collections in 0.000017 seconds (updated 0 objects)
[2016.11.11-22.29.18:891][  0]LogContentStreaming: Texture pool size now 1000 MB
[2016.11.11-22.29.19:025][  0]LogRenderer: Reallocating scene render targets to support 1228x540 (Frame:2).
[2016.11.11-22.31.21:220][144]LogContentBrowser: Native class hierarchy updated for 'BlueprintGraph' in 0.0008 seconds. Added 112 classes and 0 folders.
[2016.11.11-22.31.30:238][830]LogBlueprint:Error: [Compiler enemy] Error Default value 'NewEnumerator1' for  AS_Aimed  is invalid: 'Expected a valid unsigned number for a byte property'
[2016.11.11-22.31.30:238][830]LogBlueprint:Error: [Compiler enemy] Error Default value 'NewEnumerator1' for  AS_normal  is invalid: 'Expected a valid unsigned number for a byte property'
[2016.11.11-22.31.30:238][830]LogBlueprint:Error: [Compiler enemy] Error Default value 'NewEnumerator2' for  AS_Aimed  is invalid: 'Expected a valid unsigned number for a byte property'
[2016.11.11-22.31.30:239][830]LogBlueprint:Error: [Compiler enemy] Error Default value 'NewEnumerator0' for  AS_Aimed  is invalid: 'Expected a valid unsigned number for a byte property'
[2016.11.11-22.31.30:239][830]LogBlueprint:Error: [Compiler enemy] Error Default value 'NewEnumerator2' for  AS_normal  is invalid: 'Expected a valid unsigned number for a byte property'
[2016.11.11-22.31.30:239][830]LogBlueprint:Error: [Compiler enemy] Error Default value 'NewEnumerator0' for  AS_normal  is invalid: 'Expected a valid unsigned number for a byte property'
[2016.11.11-22.31.30:245][830]LogBlueprint:Warning: [Compiler enemy] Warning [0137.33] Compile of enemy failed. 6 Fatal Issue(s) 0 Warning(s) [in 26 ms] (/Game/Blueprints/ai/enemy.enemy)
[2016.11.11-22.31.30:245][830]LogBlueprint:Warning: [Compiler enemy] Warning [0137.33] Compile of enemy failed. 6 Fatal Issue(s) 1 Warning(s) [in 0 ms] (/Game/Blueprints/ai/enemy.enemy)
[2016.11.11-22.31.30:246][830]LogBlueprint:Warning: [Compiler enemy] Warning [0137.33] Compile of enemy failed. 6 Fatal Issue(s) 2 Warning(s) [in 0 ms] (/Game/Blueprints/ai/enemy.enemy)
[2016.11.11-22.31.30:267][830]LogBlueprint:Warning: [TopDownCharacter] 'SPawnTransform' variable not found. Base class was probably changed.
[2016.11.11-22.31.30:267][830]LogBlueprint:Warning: [TopDownCharacter] 'SPawnTransform' variable not found. Base class was probably changed.
[2016.11.11-22.31.30:292][830]LogBlueprint:Warning: [Compiler TopDownCharacter] Warning Could not find a variable named "SPawnTransform" in 'TopDownCharacter'.
Make sure 'TopDownCharacter' has been compiled for  K2Node_VariableSet_61
[2016.11.11-22.31.30:293][830]LogBlueprint:Warning: [Compiler TopDownCharacter] Warning Can't connect pins  ReturnValue  and  Object : This cast has an invalid target type (was the class deleted without a redirect?).
[2016.11.11-22.31.30:293][830]LogBlueprint:Warning: [Compiler TopDownCharacter] Warning Can't connect pins  Object  and  ReturnValue : This cast has an invalid target type (was the class deleted without a redirect?).
[2016.11.11-22.31.30:298][830]LogBlueprint:Error: [Compiler TopDownCharacter] Error Default value 'NewEnumerator2' for  AS_Aimed  is invalid: 'Expected a valid unsigned number for a byte property'
[2016.11.11-22.31.30:298][830]LogBlueprint:Error: [Compiler TopDownCharacter] Error Default value 'NewEnumerator0' for  AS_Aimed  is invalid: 'Expected a valid unsigned number for a byte property'
[2016.11.11-22.31.30:298][830]LogBlueprint:Error: [Compiler TopDownCharacter] Error Default value 'NewEnumerator2' for  AS_normal  is invalid: 'Expected a valid unsigned number for a byte property'
[2016.11.11-22.31.30:298][830]LogBlueprint:Error: [Compiler TopDownCharacter] Error Default value 'NewEnumerator0' for  AS_normal  is invalid: 'Expected a valid unsigned number for a byte property'
[2016.11.11-22.31.30:315][830]LogBlueprint:Warning: [Compiler TopDownCharacter] Warning [0137.40] Compile of TopDownCharacter failed. 4 Fatal Issue(s) 3 Warning(s) [in 44 ms] (/Game/Blueprints/TopDownCharacter.TopDownCharacter)
[2016.11.11-22.31.30:315][830]LogBlueprint:Warning: [Compiler TopDownCharacter] Warning [0137.40] Compile of TopDownCharacter failed. 4 Fatal Issue(s) 4 Warning(s) [in 0 ms] (/Game/Blueprints/TopDownCharacter.TopDownCharacter)
[2016.11.11-22.31.30:315][830]LogBlueprint:Warning: [Compiler TopDownCharacter] Warning [0137.40] Compile of TopDownCharacter failed. 4 Fatal Issue(s) 5 Warning(s) [in 0 ms] (/Game/Blueprints/TopDownCharacter.TopDownCharacter)
[2016.11.11-22.31.30:325][830]LogBlueprint:Error: [Compiler enemy] Error Default value 'NewEnumerator1' for  AS_Aimed  is invalid: 'Expected a valid unsigned number for a byte property'
[2016.11.11-22.31.30:325][830]LogBlueprint:Error: [Compiler enemy] Error Default value 'NewEnumerator1' for  AS_normal  is invalid: 'Expected a valid unsigned number for a byte property'
[2016.11.11-22.31.30:325][830]LogBlueprint:Error: [Compiler enemy] Error Default value 'NewEnumerator2' for  AS_Aimed  is invalid: 'Expected a valid unsigned number for a byte property'
[2016.11.11-22.31.30:326][830]LogBlueprint:Error: [Compiler enemy] Error Default value 'NewEnumerator0' for  AS_Aimed  is invalid: 'Expected a valid unsigned number for a byte property'
[2016.11.11-22.31.30:326][830]LogBlueprint:Error: [Compiler enemy] Error Default value 'NewEnumerator2' for  AS_normal  is invalid: 'Expected a valid unsigned number for a byte property'
[2016.11.11-22.31.30:326][830]LogBlueprint:Error: [Compiler enemy] Error Default value 'NewEnumerator0' for  AS_normal  is invalid: 'Expected a valid unsigned number for a byte property'
[2016.11.11-22.31.30:333][830]LogBlueprint:Warning: [Compiler enemy] Warning [0137.42] Compile of enemy failed. 6 Fatal Issue(s) 0 Warning(s) [in 14 ms] (/Game/Blueprints/ai/enemy.enemy)
[2016.11.11-22.31.30:333][830]LogBlueprint:Warning: [Compiler enemy] Warning [0137.42] Compile of enemy failed. 6 Fatal Issue(s) 1 Warning(s) [in 0 ms] (/Game/Blueprints/ai/enemy.enemy)
[2016.11.11-22.31.30:334][830]LogBlueprint:Warning: [Compiler enemy] Warning [0137.42] Compile of enemy failed. 6 Fatal Issue(s) 2 Warning(s) [in 0 ms] (/Game/Blueprints/ai/enemy.enemy)
[2016.11.11-22.31.30:360][830]LogBlueprint:Warning: [Compiler TopDownCharacter] Warning Could not find a variable named "SPawnTransform" in 'TopDownCharacter'.
Make sure 'TopDownCharacter' has been compiled for  K2Node_VariableSet_61
[2016.11.11-22.31.30:360][830]LogBlueprint:Warning: [Compiler TopDownCharacter] Warning Can't connect pins  ReturnValue  and  Object : This cast has an invalid target type (was the class deleted without a redirect?).
[2016.11.11-22.31.30:360][830]LogBlueprint:Warning: [Compiler TopDownCharacter] Warning Can't connect pins  Object  and  ReturnValue : This cast has an invalid target type (was the class deleted without a redirect?).
[2016.11.11-22.31.30:366][830]LogBlueprint:Error: [Compiler TopDownCharacter] Error Default value 'NewEnumerator2' for  AS_Aimed  is invalid: 'Expected a valid unsigned number for a byte property'
[2016.11.11-22.31.30:366][830]LogBlueprint:Error: [Compiler TopDownCharacter] Error Default value 'NewEnumerator0' for  AS_Aimed  is invalid: 'Expected a valid unsigned number for a byte property'
[2016.11.11-22.31.30:366][830]LogBlueprint:Error: [Compiler TopDownCharacter] Error Default value 'NewEnumerator2' for  AS_normal  is invalid: 'Expected a valid unsigned number for a byte property'
[2016.11.11-22.31.30:366][830]LogBlueprint:Error: [Compiler TopDownCharacter] Error Default value 'NewEnumerator0' for  AS_normal  is invalid: 'Expected a valid unsigned number for a byte property'
[2016.11.11-22.31.30:381][830]LogBlueprint:Warning: [Compiler TopDownCharacter] Warning [0137.47] Compile of TopDownCharacter failed. 4 Fatal Issue(s) 3 Warning(s) [in 31 ms] (/Game/Blueprints/TopDownCharacter.TopDownCharacter)
[2016.11.11-22.31.30:381][830]LogBlueprint:Warning: [Compiler TopDownCharacter] Warning [0137.47] Compile of TopDownCharacter failed. 4 Fatal Issue(s) 4 Warning(s) [in 0 ms] (/Game/Blueprints/TopDownCharacter.TopDownCharacter)
[2016.11.11-22.31.30:382][830]LogBlueprint:Warning: [Compiler TopDownCharacter] Warning [0137.47] Compile of TopDownCharacter failed. 4 Fatal Issue(s) 5 Warning(s) [in 0 ms] (/Game/Blueprints/TopDownCharacter.TopDownCharacter)
[2016.11.11-22.31.39:409][416]BlueprintLog: New page: Compile TopDownCharacter
[2016.11.11-22.31.39:468][416]LogBlueprint:Warning: [Compiler TopDownCharacter] Warning Could not find a variable named "SPawnTransform" in 'TopDownCharacter'.
Make sure 'TopDownCharacter' has been compiled for  K2Node_VariableSet_61
[2016.11.11-22.31.39:468][416]LogBlueprint:Warning: [Compiler TopDownCharacter] Warning Can't connect pins  ReturnValue  and  Object : This cast has an invalid target type (was the class deleted without a redirect?).
[2016.11.11-22.31.39:468][416]LogBlueprint:Warning: [Compiler TopDownCharacter] Warning Can't connect pins  Object  and  ReturnValue : This cast has an invalid target type (was the class deleted without a redirect?).
[2016.11.11-22.31.39:473][416]LogBlueprint:Error: [Compiler TopDownCharacter] Error Default value 'NewEnumerator2' for  AS_Aimed  is invalid: 'Expected a valid unsigned number for a byte property'
[2016.11.11-22.31.39:473][416]LogBlueprint:Error: [Compiler TopDownCharacter] Error Default value 'NewEnumerator0' for  AS_Aimed  is invalid: 'Expected a valid unsigned number for a byte property'
[2016.11.11-22.31.39:473][416]LogBlueprint:Error: [Compiler TopDownCharacter] Error Default value 'NewEnumerator2' for  AS_normal  is invalid: 'Expected a valid unsigned number for a byte property'
[2016.11.11-22.31.39:473][416]LogBlueprint:Error: [Compiler TopDownCharacter] Error Default value 'NewEnumerator0' for  AS_normal  is invalid: 'Expected a valid unsigned number for a byte property'
[2016.11.11-22.31.39:527][416]LogBlueprint:Error: [Compiler enemy] Error Default value 'NewEnumerator1' for  AS_Aimed  is invalid: 'Expected a valid unsigned number for a byte property'
[2016.11.11-22.31.39:527][416]LogBlueprint:Error: [Compiler enemy] Error Default value 'NewEnumerator1' for  AS_normal  is invalid: 'Expected a valid unsigned number for a byte property'
[2016.11.11-22.31.39:527][416]LogBlueprint:Error: [Compiler enemy] Error Default value 'NewEnumerator2' for  AS_Aimed  is invalid: 'Expected a valid unsigned number for a byte property'
[2016.11.11-22.31.39:527][416]LogBlueprint:Error: [Compiler enemy] Error Default value 'NewEnumerator0' for  AS_Aimed  is invalid: 'Expected a valid unsigned number for a byte property'
[2016.11.11-22.31.39:527][416]LogBlueprint:Error: [Compiler enemy] Error Default value 'NewEnumerator2' for  AS_normal  is invalid: 'Expected a valid unsigned number for a byte property'
[2016.11.11-22.31.39:527][416]LogBlueprint:Error: [Compiler enemy] Error Default value 'NewEnumerator0' for  AS_normal  is invalid: 'Expected a valid unsigned number for a byte property'
[2016.11.11-22.31.39:812][416]BlueprintEditorCompileResults:Warning: Warning Could not find a variable named "SPawnTransform" in 'TopDownCharacter'.
Make sure 'TopDownCharacter' has been compiled for  K2Node_VariableSet_61
[2016.11.11-22.31.39:812][416]BlueprintEditorCompileResults:Warning: Warning Can't connect pins  ReturnValue  and  Object : This cast has an invalid target type (was the class deleted without a redirect?).
[2016.11.11-22.31.39:812][416]BlueprintEditorCompileResults:Warning: Warning Can't connect pins  Object  and  ReturnValue : This cast has an invalid target type (was the class deleted without a redirect?).
[2016.11.11-22.31.39:812][416]BlueprintEditorCompileResults:Error: Error Default value 'NewEnumerator2' for  AS_Aimed  is invalid: 'Expected a valid unsigned number for a byte property'
[2016.11.11-22.31.39:812][416]BlueprintEditorCompileResults:Error: Error Default value 'NewEnumerator0' for  AS_Aimed  is invalid: 'Expected a valid unsigned number for a byte property'
[2016.11.11-22.31.39:812][416]BlueprintEditorCompileResults:Error: Error Default value 'NewEnumerator2' for  AS_normal  is invalid: 'Expected a valid unsigned number for a byte property'
[2016.11.11-22.31.39:812][416]BlueprintEditorCompileResults:Error: Error Default value 'NewEnumerator0' for  AS_normal  is invalid: 'Expected a valid unsigned number for a byte property'
[2016.11.11-22.31.39:813][416]LogBlueprint:Warning: [Compiler TopDownCharacter] Warning [0146.90] Compile of TopDownCharacter failed. 4 Fatal Issue(s) 3 Warning(s) [in 403 ms] (/Game/Blueprints/TopDownCharacter.TopDownCharacter)
[2016.11.11-22.32.20:446][716]LogRenderer: Reallocating scene render targets to support 1228x696 (Frame:3870).
[2016.11.11-22.32.55:899][736]BlueprintLog: New page: Compile TopDownCharacter
[2016.11.11-22.32.55:948][736]LogBlueprint:Warning: [Compiler TopDownCharacter] Warning Could not find a variable named "SPawnTransform" in 'TopDownCharacter'.
Make sure 'TopDownCharacter' has been compiled for  K2Node_VariableSet_61
[2016.11.11-22.32.55:948][736]LogBlueprint:Warning: [Compiler TopDownCharacter] Warning Can't connect pins  ReturnValue  and  Object : This cast has an invalid target type (was the class deleted without a redirect?).
[2016.11.11-22.32.55:949][736]LogBlueprint:Warning: [Compiler TopDownCharacter] Warning Can't connect pins  Object  and  ReturnValue : This cast has an invalid target type (was the class deleted without a redirect?).
[2016.11.11-22.32.55:992][736]LogBlueprint:Error: [Compiler enemy] Error Default value 'NewEnumerator1' for  AS_Aimed  is invalid: 'Expected a valid unsigned number for a byte property'
[2016.11.11-22.32.55:992][736]LogBlueprint:Error: [Compiler enemy] Error Default value 'NewEnumerator1' for  AS_normal  is invalid: 'Expected a valid unsigned number for a byte property'
[2016.11.11-22.32.55:992][736]LogBlueprint:Error: [Compiler enemy] Error Default value 'NewEnumerator2' for  AS_Aimed  is invalid: 'Expected a valid unsigned number for a byte property'
[2016.11.11-22.32.55:992][736]LogBlueprint:Error: [Compiler enemy] Error Default value 'NewEnumerator0' for  AS_Aimed  is invalid: 'Expected a valid unsigned number for a byte property'
[2016.11.11-22.32.55:992][736]LogBlueprint:Error: [Compiler enemy] Error Default value 'NewEnumerator2' for  AS_normal  is invalid: 'Expected a valid unsigned number for a byte property'
[2016.11.11-22.32.55:993][736]LogBlueprint:Error: [Compiler enemy] Error Default value 'NewEnumerator0' for  AS_normal  is invalid: 'Expected a valid unsigned number for a byte property'
[2016.11.11-22.32.56:197][736]BlueprintEditorCompileResults:Warning: Warning Could not find a variable named "SPawnTransform" in 'TopDownCharacter'.
Make sure 'TopDownCharacter' has been compiled for  K2Node_VariableSet_61
[2016.11.11-22.32.56:198][736]BlueprintEditorCompileResults:Warning: Warning Can't connect pins  ReturnValue  and  Object : This cast has an invalid target type (was the class deleted without a redirect?).
[2016.11.11-22.32.56:198][736]BlueprintEditorCompileResults:Warning: Warning Can't connect pins  Object  and  ReturnValue : This cast has an invalid target type (was the class deleted without a redirect?).
[2016.11.11-22.32.56:198][736]LogBlueprint:Warning: [Compiler TopDownCharacter] Warning [0223.29] Compile of TopDownCharacter successful, but with 3 Warning(s) [in 298 ms] (/Game/Blueprints/TopDownCharacter.TopDownCharacter)
[2016.11.11-22.39.21:532][238]BlueprintLog: New page: Compile MainGameMode
[2016.11.11-22.39.21:552][238]LogBlueprint:Error: [Compiler MainGameMode] Error The type of  Object  is undetermined.  Connect something to  K2Node_DynamicCast_0  to imply a specific type.
[2016.11.11-22.39.21:552][238]LogBlueprint:Error: [Compiler MainGameMode] Error The current value of the ' Object ' pin is invalid: Unsupported type Object Wildcard on pin Object
[2016.11.11-22.39.21:561][238]LogBlueprint:Error: [Compiler MainGameMode] Error Event Dispatcher pin is not connected  K2Node_AddDelegate_0
[2016.11.11-22.39.21:767][238]BlueprintEditorCompileResults:Error: Error The type of  Object  is undetermined.  Connect something to  K2Node_DynamicCast_0  to imply a specific type.
[2016.11.11-22.39.21:767][238]BlueprintEditorCompileResults:Error: Error The current value of the ' Object ' pin is invalid: Unsupported type Object Wildcard on pin Object
[2016.11.11-22.39.21:767][238]BlueprintEditorCompileResults:Error: Error Event Dispatcher pin is not connected  K2Node_AddDelegate_0
[2016.11.11-22.39.21:767][238]LogBlueprint:Warning: [Compiler MainGameMode] Warning [0608.86] Compile of MainGameMode failed. 3 Fatal Issue(s) 0 Warning(s) [in 234 ms] (/Game/Blueprints/MainGameMode.MainGameMode)
[2016.11.11-22.39.29:446][ 40]BlueprintLog: New page: Compile MainGameMode
[2016.11.11-22.39.29:450][ 40]LogBlueprint:Error: [Compiler MainGameMode] Error Event Dispatcher pin is not connected  K2Node_AddDelegate_0
[2016.11.11-22.39.29:588][ 40]BlueprintEditorCompileResults:Error: Error Event Dispatcher pin is not connected  K2Node_AddDelegate_0
[2016.11.11-22.39.29:588][ 40]LogBlueprint:Warning: [Compiler MainGameMode] Warning [0616.68] Compile of MainGameMode failed. 1 Fatal Issue(s) 0 Warning(s) [in 142 ms] (/Game/Blueprints/MainGameMode.MainGameMode)
[2016.11.11-22.40.27:571][663]BlueprintLog: New page: Compile MainGameMode
[2016.11.11-22.40.27:577][663]LogBlueprint:Error: [Compiler MainGameMode] Error Event Dispatcher pin is not connected  K2Node_AddDelegate_0
[2016.11.11-22.40.27:766][663]BlueprintEditorCompileResults:Error: Error Event Dispatcher pin is not connected  K2Node_AddDelegate_0
[2016.11.11-22.40.27:766][663]LogBlueprint:Warning: [Compiler MainGameMode] Warning [0674.85] Compile of MainGameMode failed. 1 Fatal Issue(s) 0 Warning(s) [in 195 ms] (/Game/Blueprints/MainGameMode.MainGameMode)
[2016.11.11-22.41.06:904][888]LogFileHelpers: Editor autosave (incl. sublevels) for '/Temp/Untitled_1' took 0.013
[2016.11.11-22.41.06:908][888]OBJ SavePackage: Generating thumbnails for [0] asset(s) in package [/Game/Blueprints/TopDownCharacter] ([1] browsable assets)...
[2016.11.11-22.41.06:908][888]OBJ SavePackage: Finished generating thumbnails for package [/Game/Blueprints/TopDownCharacter]
[2016.11.11-22.41.06:985][888]LogSavePackage: Save=67.48ms
[2016.11.11-22.41.06:985][888]LogSavePackage: Moving '../../../../../../Users/dollon/Documents/Unreal Projects/Revolver_Rouge/Saved/TopDownCharacter_Auto1422D3913462DD9F66EF281BE0BF61C63.tmp' to '../../../../../../Users/dollon/Documents/Unreal Projects/Revolver_Rouge/Saved/Autosaves/Game/Blueprints/TopDownCharacter_Auto1.uasset'
[2016.11.11-22.41.06:988][888]LogSavePackage:Display: Finished SavePackage ../../../../../../Users/dollon/Documents/Unreal Projects/Revolver_Rouge/Saved/Autosaves/Game/Blueprints/TopDownCharacter_Auto1.uasset
[2016.11.11-22.41.06:990][888]OBJ SavePackage: Generating thumbnails for [0] asset(s) in package [/Game/Blueprints/MainGameMode] ([1] browsable assets)...
[2016.11.11-22.41.06:991][888]OBJ SavePackage: Finished generating thumbnails for package [/Game/Blueprints/MainGameMode]
[2016.11.11-22.41.07:009][888]LogSavePackage: Save=10.18ms
[2016.11.11-22.41.07:009][888]LogSavePackage: Moving '../../../../../../Users/dollon/Documents/Unreal Projects/Revolver_Rouge/Saved/MainGameMode_Auto1118AE48542F57C821F5E13A655BF0507.tmp' to '../../../../../../Users/dollon/Documents/Unreal Projects/Revolver_Rouge/Saved/Autosaves/Game/Blueprints/MainGameMode_Auto1.uasset'
[2016.11.11-22.41.07:013][888]LogSavePackage:Display: Finished SavePackage ../../../../../../Users/dollon/Documents/Unreal Projects/Revolver_Rouge/Saved/Autosaves/Game/Blueprints/MainGameMode_Auto1.uasset
[2016.11.11-22.41.07:013][888]LogFileHelpers: Auto-saving content packages took 0.108
[2016.11.11-22.43.39:195][891]BlueprintLog: New page: Compile MainGameMode
[2016.11.11-22.44.43:076][904]LogClass:Warning: Property transform of transform has a struct type mismatch (tag Vector != prop Transform) in package:  FObjectReader. If that struct got renamed, add an entry to ActiveStructRedirects.
[2016.11.11-22.45.15:862][417]LogEditorTransaction: Undo Add Node
[2016.11.11-22.45.36:071][662]BlueprintLog: New page: Compile MainGameMode
[2016.11.11-22.46.01:468][746]BlueprintLog: New page: Compile MainGameMode
[2016.11.11-22.46.36:551][274]Cmd: OBJ SAVEPACKAGE PACKAGE="/Game/Blueprints/TopDownCharacter" FILE="../../../../../../Users/dollon/Documents/Unreal Projects/Revolver_Rouge/Content/Blueprints/TopDownCharacter.uasset" SILENT=true
[2016.11.11-22.46.36:657][274]LogSavePackage: Save=93.27ms
[2016.11.11-22.46.36:657][274]LogSavePackage: Moving '../../../../../../Users/dollon/Documents/Unreal Projects/Revolver_Rouge/Saved/TopDownCharacter9F8A6F82407082CD9C62B2A0C2F32559.tmp' to '../../../../../../Users/dollon/Documents/Unreal Projects/Revolver_Rouge/Content/Blueprints/TopDownCharacter.uasset'
[2016.11.11-22.46.36:671][274]LogSavePackage:Display: Finished SavePackage ../../../../../../Users/dollon/Documents/Unreal Projects/Revolver_Rouge/Content/Blueprints/TopDownCharacter.uasset
[2016.11.11-22.46.36:675][274]Cmd: OBJ SAVEPACKAGE PACKAGE="/Game/Blueprints/MainGameMode" FILE="../../../../../../Users/dollon/Documents/Unreal Projects/Revolver_Rouge/Content/Blueprints/MainGameMode.uasset" SILENT=true
[2016.11.11-22.46.36:698][274]LogSavePackage: Save=13.63ms
[2016.11.11-22.46.36:698][274]LogSavePackage: Moving '../../../../../../Users/dollon/Documents/Unreal Projects/Revolver_Rouge/Saved/MainGameModeD245163A46165F3DCB560F953FE45410.tmp' to '../../../../../../Users/dollon/Documents/Unreal Projects/Revolver_Rouge/Content/Blueprints/MainGameMode.uasset'
[2016.11.11-22.46.36:707][274]LogSavePackage:Display: Finished SavePackage ../../../../../../Users/dollon/Documents/Unreal Projects/Revolver_Rouge/Content/Blueprints/MainGameMode.uasset
[2016.11.11-22.46.40:302][589]LogActorComponent: UnregisterComponent: (/Engine/Transient.EditorFloorComp) Not registered. Aborting.
[2016.11.11-22.46.56:642][128]LogWindowsTextInputMethodSystem:Display: IME system now deactivated.
[2016.11.11-22.46.56:830][129]Cmd: QUIT_EDITOR
[2016.11.11-22.46.56:895][129]LogExit: Preparing to exit.
[2016.11.11-22.46.57:619][129]LogDirectoryWatcher: A directory notification for 'C:/Users/dollon/Documents/Unreal Projects/Revolver_Rouge/Content/' was aborted.
[2016.11.11-22.46.57:747][129]LogExit: Editor shut down
[2016.11.11-22.46.57:748][129]LogExit: Transaction tracking system shut down
[2016.11.11-22.46.58:025][129]LogObj: Freed 0b from 0 cluster array pools.
[2016.11.11-22.46.58:025][129]LogExit: Object subsystem successfully closed.
[2016.11.11-22.46.58:057][129]LogD3D11RHI: Shutdown
[2016.11.11-22.46.58:057][129]LogD3D11RHI: CleanupD3DDevice
[2016.11.11-22.46.58:153][129]LogD3D11RHI: ~FD3D11DynamicRHI
[2016.11.11-22.46.58:173][129]LogModuleManager: Shutting down and abandoning module BlueprintGraph (235)
[2016.11.11-22.46.58:173][129]LogModuleManager: Shutting down and abandoning module BlueprintProfiler (234)
[2016.11.11-22.46.58:173][129]LogModuleManager: Shutting down and abandoning module HierarchicalLODOutliner (233)
[2016.11.11-22.46.58:173][129]LogModuleManager: Shutting down and abandoning module CrashTracker (232)
[2016.11.11-22.46.58:173][129]LogModuleManager: Shutting down and abandoning module SceneOutliner (231)
[2016.11.11-22.46.58:173][129]LogModuleManager: Shutting down and abandoning module WidgetCarousel (230)
[2016.11.11-22.46.58:173][129]LogModuleManager: Shutting down and abandoning module AddContentDialog (229)
[2016.11.11-22.46.58:173][129]LogDirectoryWatcher: A directory notification for 'C:/Program Files (x86)/Epic Games/4.13/FeaturePacks/' was aborted.
[2016.11.11-22.46.58:183][129]LogModuleManager: Shutting down and abandoning module GameplayTags (228)
[2016.11.11-22.46.58:183][129]LogModuleManager: Shutting down and abandoning module EditorWidgets (227)
[2016.11.11-22.46.58:183][129]LogModuleManager: Shutting down and abandoning module CollectionManager (226)
[2016.11.11-22.46.58:183][129]LogDirectoryWatcher: A directory notification for 'C:/Users/dollon/Documents/Unreal Projects/Revolver_Rouge/Content/Collections/' was aborted.
[2016.11.11-22.46.58:183][129]LogDirectoryWatcher: A directory notification for 'C:/Users/dollon/Documents/Unreal Projects/Revolver_Rouge/Content/Developers/dollon/Collections/' was aborted.
[2016.11.11-22.46.58:183][129]LogDirectoryWatcher: A directory notification for 'C:/Users/dollon/Documents/Unreal Projects/Revolver_Rouge/Saved/Collections/' was aborted.
[2016.11.11-22.46.58:183][129]LogModuleManager: Shutting down and abandoning module StatsViewer (225)
[2016.11.11-22.46.58:183][129]LogModuleManager: Shutting down and abandoning module FoliageEdit (224)
[2016.11.11-22.46.58:183][129]LogModuleManager: Shutting down and abandoning module LandscapeEditor (223)
[2016.11.11-22.46.58:183][129]LogModuleManager: Shutting down and abandoning module SceneDepthPickerMode (222)
[2016.11.11-22.46.58:183][129]LogModuleManager: Shutting down and abandoning module ActorPickerMode (221)
[2016.11.11-22.46.58:183][129]LogModuleManager: Shutting down and abandoning module GeometryMode (220)
[2016.11.11-22.46.58:183][129]LogModuleManager: Shutting down and abandoning module TextureAlignMode (219)
[2016.11.11-22.46.58:183][129]LogModuleManager: Shutting down and abandoning module BspMode (218)
[2016.11.11-22.46.58:183][129]LogModuleManager: Shutting down and abandoning module HardwareSurvey (217)
[2016.11.11-22.46.58:183][129]LogModuleManager: Shutting down and abandoning module SequenceRecorderSections (216)
[2016.11.11-22.46.58:183][129]LogModuleManager: Shutting down and abandoning module SequenceRecorder (215)
[2016.11.11-22.46.58:183][129]LogModuleManager: Shutting down and abandoning module AutomationWorker (214)
[2016.11.11-22.46.58:183][129]LogModuleManager: Shutting down and abandoning module MatineeToLevelSequence (213)
[2016.11.11-22.46.58:183][129]LogModuleManager: Shutting down and abandoning module PlacementMode (212)
[2016.11.11-22.46.58:184][129]LogModuleManager: Shutting down and abandoning module LevelSequenceEditor (211)
[2016.11.11-22.46.58:184][129]LogModuleManager: Shutting down and abandoning module WmfMediaFactory (210)
[2016.11.11-22.46.58:184][129]LogModuleManager: Shutting down and abandoning module WmfMediaEditor (209)
[2016.11.11-22.46.58:184][129]LogModuleManager: Shutting down and abandoning module AvfMediaFactory (208)
[2016.11.11-22.46.58:184][129]LogModuleManager: Shutting down and abandoning module AvfMediaEditor (207)
[2016.11.11-22.46.58:184][129]LogModuleManager: Shutting down and abandoning module Media (206)
[2016.11.11-22.46.58:184][129]LogModuleManager: Shutting down and abandoning module AndroidMediaFactory (205)
[2016.11.11-22.46.58:184][129]LogModuleManager: Shutting down and abandoning module AndroidMediaEditor (204)
[2016.11.11-22.46.58:184][129]LogModuleManager: Shutting down and abandoning module CharacterAI (203)
[2016.11.11-22.46.58:184][129]LogModuleManager: Shutting down and abandoning module SmartSnapping (202)
[2016.11.11-22.46.58:184][129]LogModuleManager: Shutting down and abandoning module SessionServices (201)
[2016.11.11-22.46.58:184][129]LogModuleManager: Shutting down and abandoning module ViewportSnapping (200)
[2016.11.11-22.46.58:184][129]LogModuleManager: Shutting down and abandoning module ViewportInteraction (199)
[2016.11.11-22.46.58:184][129]LogModuleManager: Shutting down and abandoning module LogVisualizer (198)
[2016.11.11-22.46.58:184][129]LogModuleManager: Shutting down and abandoning module GameProjectGeneration (197)
[2016.11.11-22.46.58:184][129]LogModuleManager: Shutting down and abandoning module IntroTutorials (196)
[2016.11.11-22.46.58:184][129]LogModuleManager: Shutting down and abandoning module EditorLiveStreaming (195)
[2016.11.11-22.46.58:184][129]LogModuleManager: Shutting down and abandoning module IOSPlatformEditor (194)
[2016.11.11-22.46.58:184][129]LogModuleManager: Shutting down and abandoning module HTML5PlatformEditor (193)
[2016.11.11-22.46.58:184][129]LogModuleManager: Shutting down and abandoning module AndroidDeviceDetection (192)
[2016.11.11-22.46.58:368][129]LogModuleManager: Shutting down and abandoning module AndroidPlatformEditor (191)
[2016.11.11-22.46.58:369][129]LogModuleManager: Shutting down and abandoning module IOSRuntimeSettings (190)
[2016.11.11-22.46.58:369][129]LogModuleManager: Shutting down and abandoning module AndroidRuntimeSettings (189)
[2016.11.11-22.46.58:369][129]LogModuleManager: Shutting down and abandoning module NiagaraEditor (188)
[2016.11.11-22.46.58:369][129]LogModuleManager: Shutting down and abandoning module MergeActors (187)
[2016.11.11-22.46.58:369][129]LogModuleManager: Shutting down and abandoning module SizeMap (186)
[2016.11.11-22.46.58:369][129]LogModuleManager: Shutting down and abandoning module TreeMap (185)
[2016.11.11-22.46.58:369][129]LogModuleManager: Shutting down and abandoning module ReferenceViewer (184)
[2016.11.11-22.46.58:369][129]LogModuleManager: Shutting down and abandoning module LocalizationService (183)
[2016.11.11-22.46.58:369][129]LogModuleManager: Shutting down and abandoning module LocalizationDashboard (182)
[2016.11.11-22.46.58:369][129]LogModuleManager: Shutting down and abandoning module HardwareTargeting (181)
[2016.11.11-22.46.58:369][129]LogModuleManager: Shutting down and abandoning module DeviceProfileEditor (180)
[2016.11.11-22.46.58:369][129]LogModuleManager: Shutting down and abandoning module UndoHistory (179)
[2016.11.11-22.46.58:369][129]LogModuleManager: Shutting down and abandoning module UserFeedback (178)
[2016.11.11-22.46.58:369][129]LogModuleManager: Shutting down and abandoning module XmlParser (177)
[2016.11.11-22.46.58:369][129]LogModuleManager: Shutting down and abandoning module Blutility (176)
[2016.11.11-22.46.58:369][129]LogModuleManager: Shutting down and abandoning module ProjectTargetPlatformEditor (175)
[2016.11.11-22.46.58:369][129]LogModuleManager: Shutting down and abandoning module ProjectSettingsViewer (174)
[2016.11.11-22.46.58:369][129]LogModuleManager: Shutting down and abandoning module InputBindingEditor (173)
[2016.11.11-22.46.58:369][129]LogModuleManager: Shutting down and abandoning module EditorSettingsViewer (172)
[2016.11.11-22.46.58:369][129]LogModuleManager: Shutting down and abandoning module SettingsEditor (171)
[2016.11.11-22.46.58:369][129]LogModuleManager: Shutting down and abandoning module ProjectLauncher (170)
[2016.11.11-22.46.58:369][129]LogModuleManager: Shutting down and abandoning module SessionFrontend (169)
[2016.11.11-22.46.58:369][129]LogModuleManager: Shutting down and abandoning module ProfilerClient (168)
[2016.11.11-22.46.58:369][129]LogModuleManager: Shutting down and abandoning module TargetDeviceServices (167)
[2016.11.11-22.46.58:370][129]LogModuleManager: Shutting down and abandoning module DeviceManager (166)
[2016.11.11-22.46.58:422][129]LogModuleManager: Shutting down and abandoning module AutomationController (165)
[2016.11.11-22.46.58:423][129]LogModuleManager: Shutting down and abandoning module AutomationWindow (164)
[2016.11.11-22.46.58:423][129]LogModuleManager: Shutting down and abandoning module Layers (163)
[2016.11.11-22.46.58:423][129]LogModuleManager: Shutting down and abandoning module ComponentVisualizers (162)
[2016.11.11-22.46.58:423][129]LogModuleManager: Shutting down and abandoning module DetailCustomizations (161)
[2016.11.11-22.46.58:423][129]LogModuleManager: Shutting down and abandoning module PackagesDialog (160)
[2016.11.11-22.46.58:423][129]LogModuleManager: Shutting down and abandoning module AnimGraph (159)
[2016.11.11-22.46.58:423][129]LogModuleManager: Shutting down and abandoning module Persona (158)
[2016.11.11-22.46.58:423][129]LogModuleManager: Shutting down and abandoning module Kismet (157)
[2016.11.11-22.46.58:433][129]LogModuleManager: Shutting down and abandoning module GraphEditor (156)
[2016.11.11-22.46.58:433][129]LogModuleManager: Shutting down and abandoning module ClassViewer (155)
[2016.11.11-22.46.58:435][129]LogModuleManager: Shutting down and abandoning module Toolbox (154)
[2016.11.11-22.46.58:435][129]LogModuleManager: Shutting down and abandoning module ModuleUI (153)
[2016.11.11-22.46.58:435][129]LogModuleManager: Shutting down and abandoning module MovieSceneTools (152)
[2016.11.11-22.46.58:435][129]LogModuleManager: Shutting down and abandoning module OutputLog (151)
[2016.11.11-22.46.58:435][129]LogModuleManager: Shutting down and abandoning module GammaUI (150)
[2016.11.11-22.46.58:435][129]LogModuleManager: Shutting down and abandoning module Documentation (149)
[2016.11.11-22.46.58:435][129]LogModuleManager: Shutting down and abandoning module Niagara (148)
[2016.11.11-22.46.58:435][129]LogModuleManager: Shutting down and abandoning module StreamingPauseRendering (147)
[2016.11.11-22.46.58:435][129]LogModuleManager: Shutting down and abandoning module AnalyticsET (146)
[2016.11.11-22.46.58:435][129]LogModuleManager: Shutting down and abandoning module PortalServices (145)
[2016.11.11-22.46.58:435][129]LogModuleManager: Shutting down and abandoning module PortalRpc (144)
[2016.11.11-22.46.58:435][129]LogModuleManager: Shutting down and abandoning module MessagingRpc (143)
[2016.11.11-22.46.58:435][129]LogModuleManager: Shutting down and abandoning module GameplayDebugger (142)
[2016.11.11-22.46.58:435][129]LogModuleManager: Shutting down and abandoning module AITestSuite (141)
[2016.11.11-22.46.58:435][129]LogModuleManager: Shutting down and abandoning module AIModule (140)
[2016.11.11-22.46.58:435][129]LogModuleManager: Shutting down and abandoning module ProfilerService (139)
[2016.11.11-22.46.58:480][129]LogModuleManager: Shutting down and abandoning module TaskGraph (138)
[2016.11.11-22.46.58:480][129]LogModuleManager: Shutting down and abandoning module SlateRemote (137)
[2016.11.11-22.46.58:480][129]LogModuleManager: Shutting down and abandoning module SteamVRController (136)
[2016.11.11-22.46.58:480][129]LogModuleManager: Shutting down and abandoning module SteamVR (135)
[2016.11.11-22.46.58:480][129]LogModuleManager: Shutting down and abandoning module ProceduralMeshComponentEditor (134)
[2016.11.11-22.46.58:480][129]LogModuleManager: Shutting down and abandoning module ProceduralMeshComponent (133)
[2016.11.11-22.46.58:480][129]LogModuleManager: Shutting down and abandoning module OculusLibrary (132)
[2016.11.11-22.46.58:480][129]LogModuleManager: Shutting down and abandoning module OculusInput (131)
[2016.11.11-22.46.58:480][129]LogModuleManager: Shutting down and abandoning module CustomMeshComponent (130)
[2016.11.11-22.46.58:480][129]LogModuleManager: Shutting down and abandoning module CableComponent (129)
[2016.11.11-22.46.58:480][129]LogModuleManager: Shutting down and abandoning module ArchVisCharacter (128)
[2016.11.11-22.46.58:480][129]LogModuleManager: Shutting down and abandoning module MediaPlayerEditor (126)
[2016.11.11-22.46.58:480][129]LogModuleManager: Shutting down and abandoning module HTML5Networking (125)
[2016.11.11-22.46.58:480][129]LogModuleManager: Shutting down and abandoning module GeometryCacheEd (124)
[2016.11.11-22.46.58:480][129]LogModuleManager: Shutting down and abandoning module GeometryCache (123)
[2016.11.11-22.46.58:480][129]LogModuleManager: Shutting down and abandoning module AlembicLibrary (122)
[2016.11.11-22.46.58:480][129]LogModuleManager: Shutting down and abandoning module AlembicImporter (121)
[2016.11.11-22.46.58:480][129]LogModuleManager: Shutting down and abandoning module SuperSearch (120)
[2016.11.11-22.46.58:480][129]LogModuleManager: Shutting down and abandoning module SuperSearchEditor (119)
[2016.11.11-22.46.58:480][129]LogModuleManager: Shutting down and abandoning module SpeedTreeImporter (118)
[2016.11.11-22.46.58:480][129]LogModuleManager: Shutting down and abandoning module PluginBrowser (117)
[2016.11.11-22.46.58:480][129]LogModuleManager: Shutting down and abandoning module MobileLauncherProfileWizard (116)
[2016.11.11-22.46.58:480][129]LogModuleManager: Shutting down and abandoning module EpicSurvey (115)
[2016.11.11-22.46.58:480][129]LogModuleManager: Shutting down and abandoning module DesktopPlatform (114)
[2016.11.11-22.46.58:480][129]LogModuleManager: Shutting down and abandoning module VisualStudioSourceCodeAccess (113)
[2016.11.11-22.46.58:480][129]LogModuleManager: Shutting down and abandoning module UObjectPlugin (112)
[2016.11.11-22.46.58:480][129]LogModuleManager: Shutting down and abandoning module SubversionSourceControl (111)
[2016.11.11-22.46.58:480][129]LogModuleManager: Shutting down and abandoning module PerforceSourceControl (110)
[2016.11.11-22.46.58:480][129]LogModuleManager: Shutting down and abandoning module SourceControl (109)
[2016.11.11-22.46.58:480][129]LogModuleManager: Shutting down and abandoning module GitSourceControl (108)
[2016.11.11-22.46.58:480][129]LogModuleManager: Shutting down and abandoning module LightPropagationVolumeEditor (107)
[2016.11.11-22.46.58:480][129]LogModuleManager: Shutting down and abandoning module PaperTiledImporter (106)
[2016.11.11-22.46.58:480][129]LogModuleManager: Shutting down and abandoning module PaperSpriteSheetImporter (105)
[2016.11.11-22.46.58:480][129]LogModuleManager: Shutting down and abandoning module MeshPaint (104)
[2016.11.11-22.46.58:480][129]LogModuleManager: Shutting down and abandoning module FbxAutomationBuilderModule (103)
[2016.11.11-22.46.58:480][129]LogModuleManager: Shutting down and abandoning module PixelInspectorModule (102)
[2016.11.11-22.46.58:480][129]LogModuleManager: Shutting down and abandoning module HotReload (101)
[2016.11.11-22.46.58:482][129]LogModuleManager: Shutting down and abandoning module MainFrame (100)
[2016.11.11-22.46.58:482][129]LogModuleManager: Shutting down and abandoning module LevelEditor (99)
[2016.11.11-22.46.58:483][129]LogModuleManager: Shutting down and abandoning module ContentBrowser (98)
[2016.11.11-22.46.58:485][129]LogModuleManager: Shutting down and abandoning module Paper2DEditor (97)
[2016.11.11-22.46.58:485][129]LogModuleManager: Shutting down and abandoning module UdpMessaging (96)
[2016.11.11-22.46.58:586][129]LogModuleManager: Shutting down and abandoning module TcpMessaging (95)
[2016.11.11-22.46.58:686][129]LogModuleManager: Shutting down and abandoning module LightPropagationVolumeRuntime (94)
[2016.11.11-22.46.58:686][129]LogModuleManager: Shutting down and abandoning module Paper2D (93)
[2016.11.11-22.46.58:686][129]LogModuleManager: Shutting down and abandoning module WindowsMoviePlayer (92)
[2016.11.11-22.46.58:686][129]LogModuleManager: Shutting down and abandoning module WmfMedia (91)
[2016.11.11-22.46.58:686][129]LogModuleManager: Shutting down and abandoning module MediaAssets (90)
[2016.11.11-22.46.58:686][129]LogModuleManager: Shutting down and abandoning module GameLiveStreaming (89)
[2016.11.11-22.46.58:686][129]LogModuleManager: Shutting down and abandoning module GameplayTagsEditor (88)
[2016.11.11-22.46.58:686][129]LogModuleManager: Shutting down and abandoning module VREditor (87)
[2016.11.11-22.46.58:686][129]LogModuleManager: Shutting down and abandoning module GameplayTasksEditor (86)
[2016.11.11-22.46.58:686][129]LogModuleManager: Shutting down and abandoning module PropertyEditor (85)
[2016.11.11-22.46.58:686][129]LogModuleManager: Shutting down and abandoning module BehaviorTreeEditor (84)
[2016.11.11-22.46.58:686][129]LogModuleManager: Shutting down and abandoning module FunctionalTesting (83)
[2016.11.11-22.46.58:686][129]LogModuleManager: Shutting down and abandoning module CollisionAnalyzer (82)
[2016.11.11-22.46.58:686][129]LogModuleManager: Shutting down and abandoning module Sequencer (81)
[2016.11.11-22.46.58:686][129]LogModuleManager: Shutting down and abandoning module WorkspaceMenuStructure (80)
[2016.11.11-22.46.58:686][129]LogModuleManager: Shutting down and abandoning module MessageLog (79)
[2016.11.11-22.46.58:686][129]LogModuleManager: Shutting down and abandoning module AssetTools (78)
[2016.11.11-22.46.58:686][129]LogModuleManager: Shutting down and abandoning module UMGEditor (77)
[2016.11.11-22.46.58:686][129]LogModuleManager: Shutting down and abandoning module UMG (76)
[2016.11.11-22.46.58:687][129]LogModuleManager: Shutting down and abandoning module SlateReflector (75)
[2016.11.11-22.46.58:687][129]LogModuleManager: Shutting down and abandoning module Slate (74)
[2016.11.11-22.46.58:687][129]LogModuleManager: Shutting down and abandoning module EditorStyle (73)
[2016.11.11-22.46.58:689][129]LogModuleManager: Shutting down and abandoning module SourceCodeAccess (72)
[2016.11.11-22.46.58:689][129]LogModuleManager: Shutting down and abandoning module HeadMountedDisplay (71)
[2016.11.11-22.46.58:689][129]LogModuleManager: Shutting down and abandoning module XAudio2 (70)
[2016.11.11-22.46.58:689][129]LogModuleManager: Shutting down and abandoning module Networking (68)
[2016.11.11-22.46.58:689][129]LogModuleManager: Shutting down and abandoning module Core (67)
[2016.11.11-22.46.58:689][129]LogModuleManager: Shutting down and abandoning module DirectoryWatcher (66)
[2016.11.11-22.46.58:689][129]LogDirectoryWatcher: A directory notification for '../../../Engine/Content/' was aborted.
[2016.11.11-22.46.58:690][129]LogDirectoryWatcher: A directory notification for '../../../../../../Users/dollon/Documents/Unreal Projects/Revolver_Rouge/Content/' was aborted.
[2016.11.11-22.46.58:690][129]LogDirectoryWatcher: A directory notification for '../../../Engine/Plugins/2D/Paper2D/Content/' was aborted.
[2016.11.11-22.46.58:693][129]LogModuleManager: Shutting down and abandoning module AssetRegistry (65)
[2016.11.11-22.46.58:897][129]LogModuleManager: Shutting down and abandoning module KismetCompiler (64)
[2016.11.11-22.46.58:897][129]LogModuleManager: Shutting down and abandoning module PhysXFormats (63)
[2016.11.11-22.46.58:897][129]LogModuleManager: Shutting down and abandoning module MeshUtilities (62)
[2016.11.11-22.46.58:897][129]LogModuleManager: Shutting down and abandoning module DerivedDataCache (61)
[2016.11.11-22.46.58:996][129]LogDerivedDataCache: Shutdown
[2016.11.11-22.46.58:996][129]LogModuleManager: Shutting down and abandoning module VulkanShaderFormat (60)
[2016.11.11-22.46.58:996][129]LogModuleManager: Shutting down and abandoning module ShaderFormatOpenGL (59)
[2016.11.11-22.46.58:996][129]LogModuleManager: Shutting down and abandoning module ShaderFormatD3D (58)
[2016.11.11-22.46.58:996][129]LogModuleManager: Shutting down and abandoning module MetalShaderFormat (57)
[2016.11.11-22.46.58:996][129]LogModuleManager: Shutting down and abandoning module TextureFormatUncompressed (56)
[2016.11.11-22.46.58:996][129]LogModuleManager: Shutting down and abandoning module TextureFormatPVR (55)
[2016.11.11-22.46.58:996][129]LogModuleManager: Shutting down and abandoning module TextureFormatDXT (54)
[2016.11.11-22.46.58:996][129]LogModuleManager: Shutting down and abandoning module TextureFormatIntelISPCTexComp (53)
[2016.11.11-22.46.58:997][129]LogModuleManager: Shutting down and abandoning module ImageWrapper (52)
[2016.11.11-22.46.58:997][129]LogModuleManager: Shutting down and abandoning module TextureFormatASTC (51)
[2016.11.11-22.46.58:997][129]LogModuleManager: Shutting down and abandoning module TextureFormatAndroid (50)
[2016.11.11-22.46.58:997][129]LogModuleManager: Shutting down and abandoning module AudioFormatOpus (49)
[2016.11.11-22.46.58:997][129]LogModuleManager: Shutting down and abandoning module AudioFormatOgg (48)
[2016.11.11-22.46.58:997][129]LogModuleManager: Shutting down and abandoning module AudioFormatADPCM (47)
[2016.11.11-22.46.58:997][129]LogModuleManager: Shutting down and abandoning module LinuxTargetPlatform (46)
[2016.11.11-22.46.58:997][129]LogModuleManager: Shutting down and abandoning module LinuxServerTargetPlatform (45)
[2016.11.11-22.46.58:997][129]LogModuleManager: Shutting down and abandoning module LinuxNoEditorTargetPlatform (44)
[2016.11.11-22.46.58:997][129]LogModuleManager: Shutting down and abandoning module LinuxClientTargetPlatform (43)
[2016.11.11-22.46.58:997][129]LogModuleManager: Shutting down and abandoning module TVOSTargetPlatform (42)
[2016.11.11-22.46.58:997][129]LogModuleManager: Shutting down and abandoning module Messaging (41)
[2016.11.11-22.46.58:997][129]LogModuleManager: Shutting down and abandoning module IOSTargetPlatform (40)
[2016.11.11-22.46.58:997][129]LogModuleManager: Shutting down and abandoning module HTML5TargetPlatform (39)
[2016.11.11-22.46.58:997][129]LogModuleManager: Shutting down and abandoning module Android_PVRTCTargetPlatform (38)
[2016.11.11-22.46.58:997][129]LogModuleManager: Shutting down and abandoning module Android_MultiTargetPlatform (37)
[2016.11.11-22.46.58:997][129]LogModuleManager: Shutting down and abandoning module Android_ETC2TargetPlatform (36)
[2016.11.11-22.46.58:997][129]LogModuleManager: Shutting down and abandoning module Android_ETC1TargetPlatform (35)
[2016.11.11-22.46.58:997][129]LogModuleManager: Shutting down and abandoning module Android_DXTTargetPlatform (34)
[2016.11.11-22.46.58:997][129]LogModuleManager: Shutting down and abandoning module Android_ATCTargetPlatform (33)
[2016.11.11-22.46.58:997][129]LogModuleManager: Shutting down and abandoning module Android_ASTCTargetPlatform (32)
[2016.11.11-22.46.58:997][129]LogModuleManager: Shutting down and abandoning module AndroidTargetPlatform (31)
[2016.11.11-22.46.58:997][129]LogModuleManager: Shutting down and abandoning module WindowsTargetPlatform (30)
[2016.11.11-22.46.58:997][129]LogModuleManager: Shutting down and abandoning module WindowsServerTargetPlatform (29)
[2016.11.11-22.46.58:997][129]LogModuleManager: Shutting down and abandoning module WindowsNoEditorTargetPlatform (28)
[2016.11.11-22.46.58:997][129]LogModuleManager: Shutting down and abandoning module WindowsClientTargetPlatform (27)
[2016.11.11-22.46.58:997][129]LogModuleManager: Shutting down and abandoning module AllDesktopTargetPlatform (26)
[2016.11.11-22.46.58:997][129]LogModuleManager: Shutting down and abandoning module TargetPlatform (25)
[2016.11.11-22.46.58:997][129]LogModuleManager: Shutting down and abandoning module InputCore (24)
[2016.11.11-22.46.58:997][129]LogModuleManager: Shutting down and abandoning module Settings (23)
[2016.11.11-22.46.58:997][129]LogModuleManager: Shutting down and abandoning module OculusRift (22)
[2016.11.11-22.46.58:997][129]LogModuleManager: Shutting down and abandoning module GearVR (21)
[2016.11.11-22.46.58:997][129]LogModuleManager: Shutting down and abandoning module ExampleDeviceProfileSelector (20)
[2016.11.11-22.46.58:997][129]LogModuleManager: Shutting down and abandoning module OnlineBlueprintSupport (19)
[2016.11.11-22.46.58:997][129]LogModuleManager: Shutting down and abandoning module OnlineSubsystem (17)
[2016.11.11-22.46.58:998][129]LogOnline:Display: Unloading online subsystem: NULL
[2016.11.11-22.46.58:998][129]LogModuleManager: Shutting down and abandoning module HTTP (16)
[2016.11.11-22.46.58:998][129]LogHttp:Display: Http module shutting down, but needs to wait on 1 outstanding Http requests:
[2016.11.11-22.46.58:998][129]LogHttp:Display: 	verb=[POST] url=[https://datarouter.ol.epicgames.com/datarouter/api/v1/public/data?SessionID=%7BE05F3762-479E-10A9-32F2-698366391574%7D&AppID=UEEditor.Rocket.Release&AppVersion=4.13.2-3172292%2B%2B%2BUE4%2BRelease-4.13&UserID=49b053a04be1d98eeae1e69d28ff5e91%7Cc9adf02f97d64ff09b83afed0d9c56c9%7C9aedc1bf-8fbb-45c6-87b0-2b78f4cdb3f4&AppEnvironment=datacollector-binary&UploadType=eteventstream] status=Processing
[2016.11.11-22.46.59:014][129]LogModuleManager: Shutting down and abandoning module XMPP (15)
[2016.11.11-22.46.59:014][129]LogModuleManager: Shutting down and abandoning module TextureCompressor (14)
[2016.11.11-22.46.59:014][129]LogModuleManager: Shutting down and abandoning module ShaderCore (13)
[2016.11.11-22.46.59:014][129]LogModuleManager: Shutting down and abandoning module Landscape (12)
[2016.11.11-22.46.59:014][129]LogModuleManager: Shutting down and abandoning module SlateRHIRenderer (11)
[2016.11.11-22.46.59:023][129]LogModuleManager: Shutting down and abandoning module OpenGLDrv (10)
[2016.11.11-22.46.59:023][129]LogModuleManager: Shutting down and abandoning module D3D11RHI (9)
[2016.11.11-22.46.59:023][129]LogModuleManager: Shutting down and abandoning module AnimGraphRuntime (8)
[2016.11.11-22.46.59:023][129]LogModuleManager: Shutting down and abandoning module Renderer (7)
[2016.11.11-22.46.59:023][129]LogModuleManager: Shutting down and abandoning module Engine (6)
[2016.11.11-22.46.59:023][129]LogModuleManager: Shutting down and abandoning module CoreUObject (5)
[2016.11.11-22.46.59:023][129]LogModuleManager: Shutting down and abandoning module NetworkFile (4)
[2016.11.11-22.46.59:023][129]LogModuleManager: Shutting down and abandoning module StreamingFile (3)
[2016.11.11-22.46.59:023][129]LogModuleManager: Shutting down and abandoning module SandboxFile (2)
[2016.11.11-22.46.59:023][129]LogModuleManager: Shutting down and abandoning module PakFile (1)
[2016.11.11-22.46.59:025][129]LogExit: Exiting.
[2016.11.11-22.46.59:027][129]Log file closed, 11/11/16 23:46:59
